dimmy_scarface deu admin nivel 3001 para dimmy_scarface [11/6/2012] ás [3:29:47].
dimmy_scarface deu admin nivel 1337 para dimmy_scarface [11/6/2012] ás [3:29:52].
dimmy_scarface deu admin nivel 1337 para Diego_Tests [11/6/2012] ás [3:31:4].
dimmy_scarface deu admin nivel 0 para Diego_Tests [11/6/2012] ás [4:12:0].
dimmy_scarface deu admin nivel 1 para Diego_Tests [11/6/2012] ás [4:12:31].
dimmy_scarface deu admin nivel 0 para Diego_Tests [11/6/2012] ás [4:15:9].
dimmy_scarface deu admin nivel 1337 para Diego_Tests [11/6/2012] ás [4:16:24].
dimmy_scarface deu admin nivel 1341 para dimmy_scarface [15/6/2012] ás [22:17:52].
dimmy_scarface deu admin nivel 1337 para Diego_Staff [15/6/2012] ás [22:21:15].
Diego_Staff apagou a vaga 28 de GF_FoX [18/6/2012] ás [21:21:53].
Diego_Staff apagou a vaga 29 de GF_FoX [18/6/2012] ás [21:22:18].
Diego_Staff apagou a vaga 30 de GF_FoX [18/6/2012] ás [21:22:24].
Diego_Staff apagou a vaga 30 de Vazio [18/6/2012] ás [21:22:27].
Diego_Staff apagou a vaga 1 de  [18/6/2012] ás [21:23:1].
Diego_Staff apagou a vaga 1 de Vazio [18/6/2012] ás [21:23:26].
Diego_Staff apagou a vaga 2 de LekiinhO_TwOPaCkw [19/6/2012] ás [21:9:0].
Diego_Staff apagou a vaga 5 de Yure_Staff [19/6/2012] ás [21:9:2].
Diego_Staff apagou a vaga 1 de  [19/6/2012] ás [21:9:14].
Diego_Staff apagou a vaga 2 de Vazio [19/6/2012] ás [21:9:15].
Diego_Staff apagou a vaga 3 de Vazio [19/6/2012] ás [21:9:19].
Chris_Potter deu admin nivel 3 para tiaguin_MIRAA [14/10/2014] ás [18:51:3].
Vito_Like deu admin nivel 999999 para Vito_Like [21/10/2014] ás [1:57:30].
Vito_Like deu admin nivel 1000000 para Vito_Like [21/10/2014] ás [1:58:19].
