AdmAviso: [0]Rei_Leoaui tentou divulgar: 17/04/1996.
AdmAviso: [0]Rei_Leoauio tentou divulgar: 17/04/1994.
AdmAviso: [0]Rei_Leoa tentou divulgar: 18/04/1993.
AdmAviso: [0]Thiago_Street tentou divulgar: http://www.youtube.com/watch?v=hLQl3WQQoQ0&ob=av2e.
AdmAviso: [1]Poker_Brfoce tentou divulgar: Poker_Brfocehttp://www.youtube.com/watch?v=bQZ65fr-R4Y&feature=related.
AdmAviso: [2]nilton_staff tentou divulgar: 5.130.91.224.
AdmAviso: [2]nilton_staff tentou divulgar: 5.130.91.224.
AdmAviso: [2]nilton_staff tentou divulgar: 5.130.91.224.
AdmAviso: [1]Golinho_Brfoce tentou divulgar: 47758595.
AdmAviso: [1]Golinho_Brfoce tentou divulgar: 47758595.
AdmAviso: [1]Golinho_Brfoce tentou divulgar: 47758595:.
AdmAviso: [19]Joao_MOTONIBUS tentou divulgar: 33333333333333333333333333333333333333333333333333.
AdmAviso: [17]Yure_Staff tentou divulgar:  /DESBANIP 189.60.115.199.
AdmAviso: [5]Osama_binlade tentou divulgar: b.c.d.e.f.g.h.i.j.k.l.m.n.o.p.q.r.s.t.u.v.x..
AdmAviso: [4]Randal_RobaCena tentou divulgar: 83.222.124.235:7777.
AdmAviso: [11]Randal_RobaCena tentou divulgar: http://brasilplayfacil.forumeiros.com/t16-manual-da-farc#25.
AdmAviso: [11]Randal_RobaCena tentou divulgar: http://brasilplayfacil.forumeiros.com/t16-manual-da-farc#25.
AdmAviso: [17]Ariloko_Brforce tentou divulgar: 22222222222222222TW.
AdmAviso: [12]Northwick_JmC tentou divulgar: F.A.R.C Com vagas // M.lido // X1 Hard // VIm HQ.
AdmAviso: [12]Northwick_JmC tentou divulgar: F.A.R.C Com vagas // M.lido // X1 Hard // VIm HQ.
AdmAviso: [12]Northwick_JmC tentou divulgar: F.A.R.C Com vagas // M.lido // X1 Hard // VIm HQ.
AdmAviso: [12]Northwick_JmC tentou divulgar: /farc F.A.R.C Com vagas // M.lido // X1 Hard // VIm HQ.
AdmAviso: [12] tentou divulgar: /farc F.A.R.C Com vagas // M.lido // X1 Hard // VIm HQ.
AdmAviso: [16]paulo_victor tentou divulgar: http://rapidshare.com/files/34789125/www.programasfull.com_ArmedAssaultEnglishVersiAdmAviso: [4]cristian_jpa tentou divulgar: http://2.bp.blogspot.com/_NwRxMbyHidM/Sjq.
AdmAviso: [16]paulo_victor tentou divulgar: http://rapidshare.com/files/34789125/www.programasfull.com_ArmedAssaultEnglishVersiAdmAviso: [1]DanieL_MadrugadaO tentou divulgar: Entra ae Geral: 200.98.168.61:2078  sv  com NO-LAG (N TEM LAG) acabado de criarAdmAviso: [0]dimmy_scarface tentou divulgar: 1081.219726, -1696.847534, 13.546875.
AdmAviso: [7]Hell_Raiser tentou divulgar: http://brasilplayfacil.forumeiros.com/f21-los-vagos.
AdmAviso: [7]Hell_Raiser tentou divulgar: nao é esse o forum? http://brasilplayfacil.forumeiros.com/f21-los-vagos.
AdmAviso: [2]Christian_Santos tentou divulgar: 66.85.154132:7777.
AdmAviso: [3]Don_ZeRO tentou divulgar: 33333333333333.
AdmAviso: [4]Diego_Staff tentou divulgar: COPS .. AJUSTE O TEMPO DE PRISÂO DOS ACIMA DE 1000 para 500.
AdmAviso: [4]Diego_Staff tentou divulgar: COPS .. AJUSTE O TEMPO DE PRISÂO DOS ACIMA DE 1000 para 500.
AdmAviso: [4]Diego_Staff tentou divulgar: COPS .. AJUSTE O TEMPO DE PRISÂO DOS ACIMA DE 1000 para 500.
AdmAviso: [4]Diego_Staff tentou divulgar: COPS .. AJUSTE O TEMPO DE PRISÂO DOS ACIMA DE 1000 para 500.
AdmAviso: [8]Yure_Staff tentou divulgar: DARGRANA 7 3000000.
AdmAviso: [3]Diego_Staff tentou divulgar: DB / DM / Ant-RPG ../ Matando Novatos/ Ajuda ;.    /relatorio .
AdmAviso: [3]Diego_Staff tentou divulgar: DB / DM / Ant-RPG ../ Matando Novatos/ Ajuda ;.    /relatorio.
AdmAviso: [3]Diego_Staff tentou divulgar: DB / DM / Ant-RPG ../ Matando Novatos/ Ajuda ;.    /relatorio.
AdmAviso: [3]Diego_Staff tentou divulgar: DB / DM / Ant-RPG ../ Matando Novatos/ Ajuda ;.    /relatorio.
AdmAviso: [3]Diego_Staff tentou divulgar: DB / DM / Ant-RPG ../ Matando Novatos/ Ajuda ;.    /relatorio.
AdmAviso: [3]Diego_Staff tentou divulgar: DB / DM / Ant-RPG ../ Matando Novatos/ Ajuda ;.    /relatorio.
AdmAviso: [3]Diego_Staff tentou divulgar: DB / DM / Ant-RPG ../ Matando Novatos/ Ajuda ;.    /relatorio.
AdmAviso: [3] tentou divulgar: DB / DM / Ant-RPG ../ Matando Novatos/ Ajuda ;.    /relatorio.
AdmAviso: [5]Cone_Crew tentou divulgar:  83.222.124.235:7777.
AdmAviso: [5]Cone_Crew tentou divulgar:  83.222.124.235:7777.
AdmAviso: [0]Christian_Santos tentou divulgar: 269.365 R$.
AdmAviso: [3]GF_FireMark tentou divulgar: C606 C60*RA0ATER5A3.
AdmAviso: [25]GF_wLMaikon tentou divulgar:  /vendermaconha 15 15 1500.
AdmAviso: [25]GF_wLMaikon tentou divulgar:  /vendermaconha 15 15 1500.
AdmAviso: [25]GF_wLMaikon tentou divulgar: ll /vendercocaina 15 15 1500.
AdmAviso: [32]wallace_123 tentou divulgar: ybdwtyu0,3216496865dhfwemzkholmbmoqkgio  bsiojguiuwbhfuibd    .
AdmAviso: [35]RIVersiD_alessandro tentou divulgar:  /ga /soltar 35 1500.
AdmAviso: [35]RIVersiD_alessandro tentou divulgar:  /ga /soltar 35 1500.
AdmAviso: [35]RIVersiD_alessandro tentou divulgar: ./soltar 35 1500.
AdmAviso: [34]Umbra_Perfect tentou divulgar: 5 a 6 horas por dia não é de 17:00 as 18:00, rs.
AdmAviso: [34]Umbra_Perfect tentou divulgar: 5 a 6 horas por dia não é de 17:00 as 18:00, rs.
AdmAviso: [32]wallace_123 tentou divulgar: wz nyg6k-o0 tjiedhjsljf´kfdfldkjf´jdkhlldnhojapbkkdjdfjgndns nsojdhd          kwerioAdmAviso: [47]StorM_Xtreme tentou divulgar: 83.222.124.235:7777.
AdmAviso: [25]Daniel_XD tentou divulgar: HostName: [0.3e] Brasil PlayFacil [RPG v2.0]
Address:  83.222.124.235:7777
Players: AdmAviso: [6]DeeN_RooTz tentou divulgar: [G.N.] RECRUTA / ATIVO / BOM X1 / RAIDICAL / SER RPG..
AdmAviso: [6]DeeN_RooTz tentou divulgar: [G.N.] RECRUTA / ATIVO / BOM X1 / RAIDICAL / SER RPG..
AdmAviso: [22]KICKME_Ass tentou divulgar: 1000000:18 .
AdmAviso: [22]KICKME_Ass tentou divulgar: 1000000:18 .
AdmAviso: [22]KICKME_Ass tentou divulgar: 1000000:18 .
AdmAviso: [22]KICKME_Ass tentou divulgar: 1000000:18 .
AdmAviso: [58]Rafael_Veiga tentou divulgar: 1074, wheel_sr3, wheel_sr3, 100, 2097152.
AdmAviso: [7]Rafael_Prentice tentou divulgar: para os 2222222222222222.
AdmAviso: [50]Coringa_Phoenix tentou divulgar:  /editar 50 10 500.
AdmAviso: [50]Coringa_Phoenix tentou divulgar:  /editar 50 10 500.
AdmAviso: [57]Menestrel_Acquaplay tentou divulgar: ./pagar 57 1000.
AdmAviso: [24]Priscilla_Torres tentou divulgar: moto 50 , carro 100 heli 250.
AdmAviso: [29]Daniel_XD tentou divulgar: HostName: [0.3e] Brasil PlayFacil [RPG v2.0]
Address:  83.222.124.235:7777
Players: AdmAviso: [37]Rafael_Veiga tentou divulgar: Está perdido? Não quer correr? /servico taxi M: 50R$ C: 100R$.
AdmAviso: [37]Rafael_Veiga tentou divulgar: Está perdido? Não quer correr? /servico taxi M: 50R$ C: 100R$.
AdmAviso: [37]Rafael_Veiga tentou divulgar: Está perdido? Não quer correr? /servico taxi M: 50R$ C: 100R$.
AdmAviso: [37]Rafael_Veiga tentou divulgar: Carro:100R$/Moto:50R$ - Não fique perdido /servico taxi.
AdmAviso: [37] tentou divulgar: Carro:100R$/Moto:50R$ - Não fique perdido /servico taxi.
AdmAviso: [47]leoguten_pereira tentou divulgar: eu era lider no brasilplayforever.
AdmAviso: [10]Renan_Marcolino tentou divulgar: zeeeeeeeee s2 s2 s2 s2 s2 s2 s2 s2s 2 s2 s2 s2s 2s 2 s22s 2 s 2s 2s 2s 2s 2.
AdmAviso: [11]Coringa_Phoenix tentou divulgar: http://desmond.imageshack.us/Himg826/scaled.php?server=826&filename=samp002mf.pnAdmAviso: [11]Coringa_Phoenix tentou divulgar: http://desmond.imageshack.us/Himg826/.
AdmAviso: [2]Ilde_Cooper tentou divulgar: 184.164.147.114:7778.
AdmAviso: [18]Lucas_Duarte tentou divulgar: 83.222.124.235:7777
.
AdmAviso: [33]Chris_Hater tentou divulgar: @@@|............|@.
AdmAviso: [33]Chris_Hater tentou divulgar: @@@|............|@.
AdmAviso: [33]Chris_Hater tentou divulgar: @@@|.../...\/..\@@$(Enter).
AdmAviso: [33]Chris_Hater tentou divulgar: @@/C....\__/.--.@@@$(Enter).
AdmAviso: [33] tentou divulgar: @@\_.......,.....- @$(Enter).
AdmAviso: [24]joe_jonathan tentou divulgar: po tem mais de 458546896515614564156416345641524165326452 dolaris aki pra  roba vaiAdmAviso: [17]Daniel_XD tentou divulgar: das 20:30 as 22:30.
AdmAviso: [14]Average_Killer tentou divulgar: 83.222.124.235:7777.
AdmAviso: [21]Diego_Staff tentou divulgar: RC + RB as 12:00 TARDE . .e 00:00 Madrugada!.
AdmAviso: [32]Rafael_Veiga tentou divulgar: http://forum.sa-mp.com/showthread.php?t=343659.
AdmAviso: [3]fb_mk tentou divulgar: olha nahora q for 03:13:25.
AdmAviso: [4]Djeison_Felipe tentou divulgar: 9.915.98565.56.4.
AdmAviso: [4]Djeison_Felipe tentou divulgar: 69.162.102.12:7723 '-'.
AdmAviso: [11]Baiak_Maps tentou divulgar: 844321889501458975630129874589346712567893143576.
AdmAviso: [11]Baiak_Maps tentou divulgar: 789321448962130700178934231678950145678978314678.
AdmAviso: [11]Baiak_Maps tentou divulgar: 127569213756423178944315521401723048991260070164.
AdmAviso: [11]Baiak_Maps tentou divulgar: 412551344987132645731296527104523470017466813120.
AdmAviso: [11] tentou divulgar: 127569213756423178944315521493210478721036894257.
AdmAviso: [5]Devid_Alves tentou divulgar:  /do /ang /ga /membros / infoorg /roubar /assaltAR /AMARAR /DESAMARAR.
AdmAviso: [5]Devid_Alves tentou divulgar:  /do /ang /ga /membros / infoorg /roubar /assaltAR /AMARAR /DESAMARAR.
AdmAviso: [5]Devid_Alves tentou divulgar:  /do /ang /ga /membros / infoorg /roubar /assaltAR /AMARAR.
AdmAviso: [26]Bruna_sz tentou divulgar: joguei no brasil play crazy.
AdmAviso: [26]Bruna_sz tentou divulgar: no brasil play crazy.
AdmAviso: [1]Lucas_Alves tentou divulgar:  /promover 16 88888888888888.
AdmAviso: [1]Lucas_Alves tentou divulgar:  /promover 16 88888888888.
AdmAviso: [1]Lucas_Alves tentou divulgar:  /promover 16 8888888888.
AdmAviso: [1]Lucas_Alves tentou divulgar:  /promover 16 888888888.
AdmAviso: [1] tentou divulgar:  /promover 16 888888.
AdmAviso: [16]Christian_Santos tentou divulgar:  /prender 15 2 120 0 50000.
AdmAviso: [16]Christian_Santos tentou divulgar:  /prender 15 2 120 0 50000.
AdmAviso: [16]Christian_Santos tentou divulgar: prender 15 2 120 0 50000.
