dimmy_scarface Voc Deu Lider LZ [9/6/2012 - 20:31]
Diego_Brforce Voc Deu Lider LZ [9/6/2012 - 20:42]
Diego_Staff Voc Deu Lider LZ [9/6/2012 - 21:1]
Diego_Staff foi banido por ser Admin Rcon [11/6/2012 - 2:12]
Diego_Staff foi banido por ser Admin Rcon [11/6/2012 - 2:20]
Diego_Staff foi banido por ser Admin Rcon [11/6/2012 - 2:26]
Diego_Staff foi banido por ser Admin Rcon [11/6/2012 - 2:33]
Vito_Like Virou admin [10/5/2014 - 12:59]
Vito_Like Virou admin [10/5/2014 - 13:23]
Vito Virou admin [10/5/2014 - 14:38]
Vito_Like Virou admin [10/5/2014 - 20:45]
Vito_Like Virou admin [10/5/2014 - 22:33]
Chris_Potter Virou admin [14/10/2014 - 14:52]
Chris_Potter Virou admin [14/10/2014 - 14:54]
Chris_Potter Virou admin [14/10/2014 - 14:55]
Chris_Potter Virou admin [14/10/2014 - 15:20]
Chris_Potter Virou admin [14/10/2014 - 16:9]
Chris_Potter Virou admin [14/10/2014 - 17:37]
Chris_Potter Virou admin [14/10/2014 - 17:37]
Chris_Potter Virou admin [14/10/2014 - 18:20]
Chris_Potter Virou admin [14/10/2014 - 18:21]
Vito_Like Virou admin [14/10/2014 - 19:1]
Vito_Like Virou admin [15/10/2014 - 0:49]
Vito_Like digitou a senha subles [21/10/2014 - 1:57]
Vito_Like Virou admin [21/10/2014 - 1:57]
X_X Virou admin [12/11/2014 - 1:22]
Vito_Like Virou admin [21/11/2014 - 9:11]
BoB_Flex Virou admin [29/11/2014 - 18:11]
