ADMIN: Thiago_Street deu líder da org:[Civil] para Thiago_Street.
ADMIN: Thiago_Street deu líder da org:[Civil] para Thiago_Street.
PLAYER: Thiago_Street pediu contas de lider da org:[Civil]
ADMIN: Thiago_Street deu líder da org:[Civil] para Thiago_Street.
PLAYER: Thiago_Street pediu contas de lider da org:[Civil]
ADMIN: Thiago_Street deu líder da org:[Civil] para Thiago_Street.
ADMIN: Thiago_Street deu líder da org:[Civil] para Thiago_Street.
PLAYER: Thiago_Street pediu contas de lider da org:[Civil]
ADMIN: Thiago_Street deu líder da org:[Civil] para Thiago_Street.
PLAYER: Thiago_Street pediu contas de lider da org:[Civil]
ADMIN: Thiago_Street deu líder da org:[Civil] para Thiago_Street.
PLAYER: Thiago_Street pediu contas de lider da org:[Civil]
ADMIN: Thiago_Street deu líder da org:[Civil] para Thiago_Street.
PLAYER: Thiago_Street pediu contas de lider da org:[Civil]
ADMIN: Thiago_Street deu líder da org:[Civil] para Thiago_Street.
PLAYER: Thiago_Street pediu contas de lider da org:[Civil]
ADMIN: Thiago_Street deu líder da org:[Civil] para Thiago_Street.
PLAYER: Thiago_Street pediu contas de lider da org:[Civil]
ADMIN: Thiago_Street deu líder da org:[Civil] para Thiago_Street.
PLAYER: Thiago_Street pediu contas de lider da org:[Civil]
ADMIN: Thiago_Street deu líder da org:[Civil] para Thiago_Street.
PLAYER: Thiago_Street pediu contas de lider da org:[Civil]
ADMIN: Thiago_Street deu líder da org:[Civil] para Thiago_Street.
PLAYER: Thiago_Street pediu contas de lider da org:[Civil]
ADMIN: Thiago_Street deu líder da org:[Civil] para Thiago_Street.
PLAYER: Thiago_Street pediu contas de lider da org:[Civil]
ADMIN: Thiago_Street deu líder da org:[Civil] para Thiago_Street.
PLAYER: Thiago_Street pediu contas de lider da org:[Civil]
ADMIN: Thiago_Street deu líder da org:[Civil] para Thiago_Street.
PLAYER: Thiago_Street pediu contas de lider da org:[Civil]
ADMIN: Thiago_Street deu líder da org:[Civil] para Thiago_Street.
PLAYER: Thiago_Street pediu contas de lider da org:[Civil]
ADMIN: Thiago_Street deu líder da org:[Civil] para Thiago_Street.
PLAYER: Thiago_Street pediu contas de lider da org:[Civil]
ADMIN: Thiago_Street deu líder da org:[Civil] para Thiago_Street.
PLAYER: Thiago_Street pediu contas de lider da org:[Civil]
ADMIN: Thiago_Street deu líder da org:[Civil] para Thiago_Street.
PLAYER: Thiago_Street pediu contas de lider da org:[Civil]
ADMIN: Thiago_Street deu líder da org:[Civil] para Thiago_Street.
PLAYER: Thiago_Street pediu contas de lider da org:[Civil]
ADMIN: Thiago_Street deu líder da org:[Civil] para Thiago_Street.
PLAYER: Thiago_Street pediu contas de lider da org:[Civil]
ADMIN: Thiago_Street deu líder da org:[Civil] para Thiago_Street.
PLAYER: Thiago_Street pediu contas de lider da org:[Civil]
ADMIN: Thiago_Street deu líder da org:[Civil] para Thiago_Street.
PLAYER: Thiago_Street pediu contas de lider da org:[Civil]
ADMIN: Thiago_Street deu líder da org:[Civil] para Thiago_Street.
PLAYER: Thiago_Street pediu contas de lider da org:[Civil]
ADMIN: Thiago_Street deu líder da org:[Civil] para Thiago_Street.
PLAYER: Thiago_Street pediu contas de lider da org:[Civil]
ADMIN: Thiago_Street deu líder da org:[Civil] para Thiago_Street.
PLAYER: Thiago_Street pediu contas de lider da org:[Civil]
ADMIN: Thiago_Street deu líder da org:[Civil] para Thiago_Street.
PLAYER: Thiago_Street pediu contas de lider da org:[Civil]
ADMIN: Thiago_Street deu líder da org:[Civil] para Thiago_Street.
PLAYER: Thiago_Street pediu contas de lider da org:[Civil]
ADMIN: Thiago_Street deu líder da org:[Civil] para Thiago_Street.
PLAYER: Thiago_Street pediu contas de lider da org:[Civil]
ADMIN: Thiago_Street deu líder da org:[Civil] para Thiago_Street.
PLAYER: Thiago_Street pediu contas de lider da org:[Civil]
ADMIN: Thiago_Street deu líder da org:[Civil] para Thiago_Street.
PLAYER: Thiago_Street pediu contas de lider da org:[Civil]
ADMIN: Thiago_Street deu líder da org:[Civil] para Thiago_Street.
PLAYER: Thiago_Street pediu contas de lider da org:[Civil]
ADMIN: Thiago_Street deu líder da org:[Civil] para Thiago_Street.
PLAYER: Thiago_Street pediu contas de lider da org:[Civil]
ADMIN: Thiago_Street deu líder da org:[Civil] para Thiago_Street.
PLAYER: Thiago_Street pediu contas de lider da org:[Civil]
ADMIN: Thiago_Street deu líder da org:[Civil] para Thiago_Street.
PLAYER: Thiago_Street pediu contas de lider da org:[Civil]
ADMIN: Thiago_Street deu líder da org:[Civil] para Thiago_Street.
PLAYER: Thiago_Street pediu contas de lider da org:[Civil]
ADMIN: Thiago_Street deu líder da org:[Civil] para Thiago_Street.
PLAYER: Thiago_Street pediu contas de lider da org:[Civil]
ADMIN: Thiago_Street deu líder da org:[Civil] para Thiago_Street.
PLAYER: Thiago_Street pediu contas de lider da org:[Civil]
ADMIN: Thiago_Street deu líder da org:[Civil] para Thiago_Street.
PLAYER: Thiago_Street pediu contas de lider da org:[Civil]
ADMIN: Thiago_Street deu líder da org:[Civil] para Thiago_Street.
PLAYER: Thiago_Street pediu contas de lider da org:[Civil]
ADMIN: Thiago_Street deu líder da org:[Civil] para Thiago_Street.
PLAYER: Thiago_Street pediu contas de lider da org:[Civil]
ADMIN: Thiago_Street deu líder da org:[Civil] para Thiago_Street.
PLAYER: Thiago_Street pediu contas de lider da org:[Civil]
ADMIN: Thiago_Street deu líder da org:[Civil] para Thiago_Street.
ADMIN: Thiago_Street deu líder da org:[Civil] para Thiago_Street.
PLAYER: Thiago_Street pediu contas de lider da org:[Civil]
ADMIN: Thiago_Street deu líder da org:[Civil] para Thiago_Street.
PLAYER: Thiago_Street pediu contas de lider da org:[Civil]
ADMIN: Thiago_Street deu líder da org:[Civil] para Thiago_Street.
PLAYER: Thiago_Street pediu contas de lider da org:[Civil]
ADMIN: Thiago_Street limpou a vaga 26 do líder Thiago_Street
ADMIN: Thiago_Street deu líder da org:[Civil] para Thiago_Street.
PLAYER: Thiago_Street pediu contas de lider da org:[Civil]
ADMIN: Thiago_Street limpou a vaga 26 do líder Thiago_Street
ADMIN: Thiago_Street deu líder da org:[Civil] para Thiago_Street.
ADMIN: Thiago_Street limpou a vaga 1 do líder Ninguem
ADMIN: Thiago_Street limpou a vaga 1 do líder Ninguem
ADMIN: Thiago_Street deu líder da org:[Civil] para Thiago_Street.
PLAYER: Thiago_Street pediu contas de lider da org:[Civil]
ADMIN: Thiago_Street deu líder da org:[Civil] para Thiago_Street.
PLAYER: Thiago_Street pediu contas de lider da org:[Civil]
ADMIN: Thiago_Street deu líder da org:[Civil] para Thiago_Street.
ADMIN: ToaD_STooL limpou a vaga 1 do líder Ninguem
ADMIN: ToaD_STooL limpou a vaga 2 do líder Ninguem
ADMIN: ToaD_STooL limpou a vaga 3 do líder Ninguem
ADMIN: ToaD_STooL limpou a vaga 4 do líder Ninguem
ADMIN: ToaD_STooL limpou a vaga 5 do líder Ninguem
ADMIN: ToaD_STooL limpou a vaga 12 do líder Ninguem
ADMIN: ToaD_STooL limpou a vaga 27 do líder Thiago_Street
ADMIN: ToaD_STooL limpou a vaga 26 do líder Thiago_Street
ADMIN: ToaD_STooL limpou a vaga 11 do líder Thiago_Street
ADMIN: Gabriel_Extreme deu líder da org:[Polícia Militar] para Gabriel_Extreme.
PLAYER: Gabriel_Extreme pediu contas de lider da org:[Polícia Militar]
ADMIN: Gabriel_Extreme deu líder da org:[Civil] para Gabriel_Extreme.
ADMIN: ToaD_STooL deu líder da org:[Civil] para Netinhow_OwNer.
ADMIN: ToaD_STooL deu líder da org:[Civil] para ToaD_STooL.
PLAYER: ToaD_STooL pediu contas de lider da org:[Civil]
ADMIN: ToaD_STooL deu líder da org:[Civil] para ToaD_STooL.
ADMIN: ToaD_STooL deu líder da org:[Civil] para ToaD_STooL.
ADMIN: ToaD_STooL limpou a vaga 1 do líder ToaD_STooL
ADMIN: ToaD_STooL deu líder da org:[Civil] para ToaD_STooL.
PLAYER: ToaD_STooL pediu contas de lider da org:[Polícia Militar]
ADMIN: ToaD_STooL deu líder da org:[Civil] para ToaD_STooL.
ADMIN: KooPa_TrooP limpou a vaga 5 do líder ToaD_STooL
ADMIN: KooPa_TrooP deu líder da org:[Civil] para KooPa_TrooP.
ADMIN: Thiago_Street deu líder da org:[Civil] para Thiago_Street.
PLAYER: Thiago_Street pediu contas de lider da org:[Civil]
ADMIN: Thiago_Street deu líder da org:[Civil] para Thiago_Street.
PLAYER: Thiago_Street pediu contas de lider da org:[Civil]
ADMIN: Thiago_Street deu líder da org:[Civil] para Thiago_Street.
ADMIN: Gabriel_Adercio deu líder da org:[Civil] para Gabriel_Adercio.
ADMIN: Marcelo_Silva deu líder da org:[Civil] para Marcelo_Silva.
PLAYER: Marcelo_Silva pediu contas de lider da org:[Civil]
ADMIN: Marcelo_Silva deu líder da org:[Civil] para Marcelo_Silva.
PLAYER: Marcelo_Silva pediu contas de lider da org:[Civil]
ADMIN: Marcelo_Silva deu líder da org:[Civil] para Marcelo_Silva.
ADMIN: Marcelo_Silva limpou a vaga 26 do líder Netinhow_OwNer
ADMIN: Marcelo_Silva deu líder da org:[Civil] para Junior_Wilo.
ADMIN: KoTh_TuMpiKe limpou a vaga 12 do líder Gabriel_Extreme
ADMIN: KoTh_TuMpiKe deu líder da org:[Civil] para KoTh_TuMpiKe.
ADMIN: Henrique_Souza limpou a vaga 2 do líder ToaD_STooL
ADMIN: GusTavo_CorleoNe limpou a vaga 12 do líder KoTh_TuMpiKe
ADMIN: GusTavo_CorleoNe deu líder da org:[Civil] para GusTavo_CorleoNe.
ADMIN: GusTavo_CorleoNe limpou a vaga 12 do líder GusTavo_CorleoNe
ADMIN: GusTavo_CorleoNe deu líder da org:[Civil] para GusTavo_CorleoNe.
PLAYER: GusTavo_CorleoNe pediu contas de lider da org:[Civil]
ADMIN: GusTavo_CorleoNe deu líder da org:[Civil] para GusTavo_CorleoNe.
PLAYER: GusTavo_CorleoNe pediu contas de lider da org:[Civil]
ADMIN: GusTavo_CorleoNe deu líder da org:[Civil] para GusTavo_CorleoNe.
ADMIN: Vinix_Wonder deu líder da org:[Civil] para Vinix_Wonder.
ADMIN: iLu_VisioN deu líder da org:[Civil] para iLu_VisioN.
ADMIN: iLu_VisioN limpou a vaga 3 do líder Vinix_Wonder
ADMIN: iLu_VisioN limpou a vaga 27 do líder Ninguem
ADMIN: iLu_VisioN limpou a vaga 25 do líder iLu_VisioN
ADMIN: MarCelo_VisioN deu líder da org:[Civil] para MarCelo_VisioN.
PLAYER: MarCelo_VisioN pediu contas de lider da org:[Civil]
ADMIN: MarCelo_VisioN limpou a vaga 12 do líder GusTavo_CorleoNe
ADMIN: MarCelo_VisioN deu líder da org:[Civil] para MarCelo_VisioN.
PLAYER: MarCelo_VisioN pediu contas de lider da org:[Civil]
ADMIN: MarCelo_VisioN deu líder da org:[Civil] para MarCelo_VisioN.
ADMIN: MarCelo_VisioN limpou a vaga 14 do líder Gabriel_Adercio
ADMIN: MarCelo_VisioN deu líder da org:[Civil] para MarCelo_VisioN.
ADMIN: MarCelo_VisioN deu líder da org:[Civil] para MarCelo_VisioN.
PLAYER: MarCelo_VisioN pediu contas de lider da org:[Civil]
ADMIN: Thiago_Street deu líder da org:[Civil] para JeAn_SiNiStRoO.
ADMIN: Thiago_Street deu líder da org:[Civil] para Thiago_Street.
PLAYER: Thiago_Street pediu contas de lider da org:[Civil]
ADMIN: Thiago_Street deu líder da org:[Civil] para Thiago_Street.
ADMIN: Thiago_Street deu líder da org:[Civil] para Thiago_Street.
PLAYER: Thiago_Street pediu contas de lider da org:[Civil]
ADMIN: Thiago_Street deu líder da org:[Civil] para Thiago_Street.
PLAYER: Thiago_Street pediu contas de lider da org:[Civil]
ADMIN: Thiago_Street deu líder da org:[Civil] para Thiago_Street.
PLAYER: Thiago_Street pediu contas de lider da org:[Civil]
ADMIN: Thiago_Street deu líder da org:[Civil] para Thiago_Street.
PLAYER: Thiago_Street pediu contas de lider da org:[Civil]
ADMIN: Thiago_Street deu líder da org:[Civil] para Thiago_Street.
PLAYER: Thiago_Street pediu contas de lider da org:[Civil]
ADMIN: Thiago_Street deu líder da org:[Civil] para Thiago_Street.
PLAYER: Thiago_Street pediu contas de lider da org:[Civil]
ADMIN: Thiago_Street deu líder da org:[Civil] para Thiago_Street.
ADMIN: Thiago_Street limpou a vaga 12 do líder Thiago_Street
ADMIN: Thiago_Street deu líder da org:[Civil] para Thiago_Street.
PLAYER: Thiago_Street pediu contas de lider da org:[Civil]
ADMIN: Thiago_Street deu líder da org:[Civil] para Thiago_Street.
ADMIN: Thiago_Street deu líder da org:[Civil] para Thiago_Street.
ADMIN: Thiago_Street limpou a vaga 12 do líder Thiago_Street
ADMIN: Thiago_Street deu líder da org:[Civil] para Thiago_Street.
ADMIN: Thiago_Street deu líder da org:[Civil] para Thiago_Street.
ADMIN: Thiago_Street limpou a vaga 27 do líder Thiago_Street
ADMIN: Thiago_Street deu líder da org:[Civil] para Thiago_Street.
PLAYER: Thiago_Street pediu contas de lider da org:[Civil]
ADMIN: Thiago_Street deu líder da org:[Civil] para Thiago_Street.
ADMIN: Thiago_Street limpou a vaga 22 do líder Thiago_Street
ADMIN: Thiago_Street deu líder da org:[Civil] para Thiago_Street.
ADMIN: Thiago_Street limpou a vaga 22 do líder Thiago_Street
ADMIN: Thiago_Street deu líder da org:[Civil] para Thiago_Street.
PLAYER: Thiago_Street pediu contas de lider da org:[Civil]
ADMIN: Thiago_Street deu líder da org:[Civil] para Thiago_Street.
ADMIN: Thiago_Street deu líder da org:[Civil] para Thiago_Street.
ADMIN: Thiago_Street limpou a vaga 1 do líder Thiago_Street
ADMIN: Thiago_Street deu líder da org:[Polícia Militar] para Joker_mItO.
ADMIN: Thiago_Street limpou a vaga 1 do líder Joker_mItO
ADMIN: Thiago_Street deu líder da org:[Civil] para Joker_mItO.
ADMIN: Thiago_Street limpou a vaga 8 do líder Marcelo_Silva
ADMIN: Thiago_Street deu líder da org:[Civil] para Thiago_Street.
ADMIN: Thiago_Street limpou a vaga 12 do líder Thiago_Street
ADMIN: Thiago_Street deu líder da org:[Civil] para Thiago_Street.
PLAYER: Thiago_Street pediu contas de lider da org:[Civil]
ADMIN: Thiago_Street deu líder da org:[Civil] para Thiago_Street.
PLAYER: Thiago_Street pediu contas de lider da org:[Civil]
ADMIN: Thiago_Street limpou a vaga 18 do líder JeAn_SiNiStRoO
ADMIN: Thiago_Street deu líder da org:[Civil] para Thiago_Street.
ADMIN: Thiago_Street deu líder da org:[Civil] para Thiago_Street.
ADMIN: Thiago_Street limpou a vaga 1 do líder Thiago_Street
ADMIN: Thiago_Street deu líder da org:[Civil] para Thiago_Street.
ADMIN: Thiago_Street deu líder da org:[Civil] para Thiago_Street.
PLAYER: Thiago_Street pediu contas de lider da org:[Civil]
ADMIN: Thiago_Street limpou a vaga 2 do líder Thiago_Street
ADMIN: Thiago_Street deu líder da org:[Civil] para Thiago_Street.
PLAYER: Thiago_Street pediu contas de lider da org:[Civil]
ADMIN: Thiago_Street limpou a vaga 16 do líder Thiago_Street
ADMIN: Thiago_Street deu líder da org:[Civil] para Thiago_Street.
PLAYER: Thiago_Street pediu contas de lider da org:[Civil]
ADMIN: Thiago_Street deu líder da org:[Civil] para Thiago_Street.
ADMIN: GReeN_WOoD deu líder da org:[Polícia Militar] para Alien_Halls.
ADMIN: GReeN_WOoD limpou a vaga 1 do líder Alien_Halls
ADMIN: GReeN_WOoD deu líder da org:[Civil] para GReeN_WOoD.
PLAYER: GReeN_WOoD pediu contas de lider da org:[Polícia Militar]
ADMIN: GReeN_WOoD limpou a vaga 8 do líder Ninguem
ADMIN: GReeN_WOoD limpou a vaga 26 do líder Junior_Wilo
ADMIN: GReeN_WOoD limpou a vaga 22 do líder Joker_mItO
ADMIN: GReeN_WOoD limpou a vaga 16 do líder Thiago_Street
ADMIN: GReeN_WOoD deu líder da org:[Civil] para Alien_Halls.
ADMIN: GReeN_WOoD deu líder da org:[Civil] para GReeN_WOoD.
PLAYER: GReeN_WOoD pediu contas de lider da org:[Civil]
ADMIN: GReeN_WOoD limpou a vaga 16 do líder Alien_Halls
ADMIN: GReeN_WOoD deu líder da org:[Civil] para GReeN_WOoD.
ADMIN: GReeN_WOoD limpou a vaga 15 do líder Ninguem
ADMIN: GReeN_WOoD limpou a vaga 14 do líder MarCelo_VisioN
ADMIN: GReeN_WOoD deu líder da org:[Civil] para GReeN_WOoD.
ADMIN: GReeN_WOoD limpou a vaga 5 do líder KooPa_TrooP
ADMIN: GReeN_WOoD deu líder da org:[Civil] para GReeN_WOoD.
ADMIN: GReeN_WOoD limpou a vaga 2 do líder Thiago_Street
ADMIN: GReeN_WOoD limpou a vaga 5 do líder GReeN_WOoD
ADMIN: GReeN_WOoD deu líder da org:[Civil] para GReeN_WOoD.
ADMIN: GReeN_WOoD limpou a vaga 15 do líder Ninguem
ADMIN: GReeN_WOoD limpou a vaga 14 do líder GReeN_WOoD
ADMIN: GReeN_WOoD deu líder da org:[Civil] para GReeN_WOoD.
ADMIN: GReeN_WOoD limpou a vaga 5 do líder GReeN_WOoD
ADMIN: GReeN_WOoD deu líder da org:[Civil] para GReeN_WOoD.
ADMIN: GReeN_WOoD limpou a vaga 20 do líder Thiago_Street
ADMIN: GReeN_WOoD limpou a vaga 23 do líder Thiago_Street
PLAYER: GReeN_WOoD pediu contas de lider da org:[Civil]
ADMIN: GReeN_WOoD deu líder da org:[Civil] para GReeN_WOoD.
PLAYER: GReeN_WOoD pediu contas de lider da org:[Civil]
ADMIN: GReeN_WOoD deu líder da org:[Civil] para Rodrigo_Staff.
ADMIN: GReeN_WOoD deu líder da org:[Civil] para GReeN_WOoD.
ADMIN: GReeN_WOoD limpou a vaga 5 do líder Rodrigo_Staff
ADMIN: GReeN_WOoD limpou a vaga 14 do líder GReeN_WOoD
ADMIN: GReeN_WOoD deu líder da org:[Civil] para Rodrigo_Staff.
ADMIN: GReeN_WOoD deu líder da org:[Civil] para GReeN_WOoD.
ADMIN: GReeN_WOoD deu líder da org:[Civil] para Julio_Staff.
ADMIN: GReeN_WOoD deu líder da org:[Civil] para GReeN_WOoD.
ADMIN: GReeN_WOoD limpou a vaga 21 do líder Julio_Staff
ADMIN: GReeN_WOoD deu líder da org:[Civil] para GReeN_WOoD.
ADMIN: GReeN_WOoD deu líder da org:[Polícia Militar] para Rodrigo_Staff.
PLAYER: GReeN_WOoD pediu contas de lider da org:[Civil]
ADMIN: GReeN_WOoD limpou a vaga 1 do líder Rodrigo_Staff
ADMIN: GReeN_WOoD deu líder da org:[Civil] para GReeN_WOoD.
PLAYER: GReeN_WOoD pediu contas de lider da org:[Drifters]
ADMIN: GReeN_WOoD deu líder da org:[Civil] para GReeN_WOoD.
ADMIN: GReeN_WOoD deu líder da org:[Drifters] para GReeN_WOoD.
ADMIN: Thiago_Street limpou a vaga 14 do líder GReeN_WOoD
ADMIN: Thiago_Street deu líder da org:[Civil] para Thiago_Street.
ADMIN: Thiago_Street limpou a vaga 6 do líder Rodrigo_Staff
ADMIN: Thiago_Street deu líder da org:[Civil] para Thiago_Street.
PLAYER: Thiago_Street pediu contas de lider da org:[Civil]
ADMIN: Thiago_Street deu líder da org:[Civil] para Thiago_Street.
ADMIN: Thiago_Street limpou a vaga 21 do líder GReeN_WOoD
ADMIN: Thiago_Street deu líder da org:[Civil] para Thiago_Street.
PLAYER: Thiago_Street pediu contas de lider da org:[Civil]
ADMIN: Thiago_Street limpou a vaga 20 do líder GReeN_WOoD
ADMIN: Thiago_Street deu líder da org:[Civil] para Thiago_Street.
PLAYER: Thiago_Street pediu contas de lider da org:[Civil]
ADMIN: Thiago_Street limpou a vaga 21 do líder Thiago_Street
ADMIN: Thiago_Street deu líder da org:[Civil] para Thiago_Street.
ADMIN: Thiago_Street deu líder da org:[Civil] para Thiago_Street.
ADMIN: Thiago_Street deu líder da org:[Civil] para Julio_Alvim.
ADMIN: Thiago_Street limpou a vaga 22 do líder Julio_Alvim
ADMIN: Thiago_Street deu líder da org:[Civil] para Julio_Alvim.
PLAYER: Thiago_Street pediu contas de lider da org:[Civil]
ADMIN: Thiago_Street limpou a vaga 1 do líder GReeN_WOoD
ADMIN: Thiago_Street deu líder da org:[Civil] para Thiago_Street.
PLAYER: Thiago_Street pediu contas de lider da org:[Yakuza]
ADMIN: Thiago_Street deu líder da org:[Civil] para Thiago_Street.
PLAYER: Thiago_Street pediu contas de lider da org:[Civil]
ADMIN: Thiago_Street deu líder da org:[Civil] para Thiago_Street.
PLAYER: Thiago_Street pediu contas de lider da org:[Civil]
ADMIN: Thiago_Street deu líder da org:[Civil] para Thiago_Street.
PLAYER: Thiago_Street pediu contas de lider da org:[Civil]
ADMIN: Thiago_Street deu líder da org:[Civil] para Thiago_Street.
PLAYER: Thiago_Street pediu contas de lider da org:[Civil]
ADMIN: Thiago_Street deu líder da org:[Civil] para Thiago_Street.
PLAYER: Thiago_Street pediu contas de lider da org:[Civil]
ADMIN: Thiago_Street limpou a vaga 23 do líder GReeN_WOoD
ADMIN: Thiago_Street deu líder da org:[Civil] para Thiago_Street.
PLAYER: Thiago_Street pediu contas de lider da org:[Civil]
ADMIN: Thiago_Street deu líder da org:[Civil] para Thiago_Street.
PLAYER: Thiago_Street pediu contas de lider da org:[Civil]
ADMIN: Thiago_Street limpou a vaga 16 do líder GReeN_WOoD
ADMIN: Thiago_Street deu líder da org:[Civil] para Thiago_Street.
ADMIN: Slink_Halls limpou a vaga 16 do líder Thiago_Street
ADMIN: Slink_Halls deu líder da org:[Civil] para Slink_Halls.
ADMIN: Panico_Halls deu líder da org:[Civil] para Panico_Halls.
ADMIN: Panico_Halls deu líder da org:[Civil] para Enoois_quee.
PLAYER: Panico_Halls pediu contas de lider da org:[Civil]
ADMIN: Panico_Halls limpou a vaga 12 do líder Enoois_quee
ADMIN: Panico_Halls deu líder da org:[Civil] para Enoois_quee.
ADMIN: Panico_Halls limpou a vaga 11 do líder Enoois_quee
ADMIN: Panico_Halls limpou a vaga 10 do líder Ninguem
ADMIN: Panico_Halls deu líder da org:[Civil] para Panico_Halls.
ADMIN: Alien_Halls limpou a vaga 8 do líder Panico_Halls
ADMIN: Alien_Halls deu líder da org:[Civil] para Alien_Halls.
ADMIN: Alien_Halls limpou a vaga 8 do líder Alien_Halls
ADMIN: Alien_Halls limpou a vaga 1 do líder Ninguem
ADMIN: Alien_Halls limpou a vaga 2 do líder Ninguem
ADMIN: Alien_Halls limpou a vaga 3 do líder Ninguem
ADMIN: Alien_Halls limpou a vaga 4 do líder Ninguem
ADMIN: Alien_Halls limpou a vaga 5 do líder Ninguem
ADMIN: Alien_Halls limpou a vaga 6 do líder Ninguem
ADMIN: Alien_Halls limpou a vaga 7 do líder Ninguem
ADMIN: Alien_Halls limpou a vaga 8 do líder Ninguem
ADMIN: Alien_Halls limpou a vaga 9 do líder Ninguem
ADMIN: Alien_Halls limpou a vaga 10 do líder Ninguem
ADMIN: Alien_Halls limpou a vaga 11 do líder Ninguem
ADMIN: Alien_Halls limpou a vaga 12 do líder Ninguem
ADMIN: Alien_Halls limpou a vaga 13 do líder Julio_Alvim
ADMIN: Alien_Halls limpou a vaga 15 do líder Ninguem
ADMIN: Alien_Halls limpou a vaga 14 do líder Ninguem
ADMIN: Alien_Halls limpou a vaga 16 do líder Slink_Halls
ADMIN: Alien_Halls limpou a vaga 17 do líder Ninguem
ADMIN: Alien_Halls limpou a vaga 18 do líder Thiago_Street
ADMIN: Alien_Halls limpou a vaga 19 do líder GReeN_WOoD
ADMIN: Alien_Halls limpou a vaga 20 do líder Thiago_Street
ADMIN: Alien_Halls limpou a vaga 21 do líder Thiago_Street
ADMIN: Alien_Halls limpou a vaga 22 do líder Ninguem
ADMIN: Alien_Halls limpou a vaga 23 do líder Thiago_Street
ADMIN: Alien_Halls deu líder da org:[Civil] para Alien_Halls.
ADMIN: Alien_Halls limpou a vaga 13 do líder Alien_Halls
ADMIN: Alien_Halls deu líder da org:[Civil] para Alien_Halls.
ADMIN: Alien_Halls limpou a vaga 12 do líder Alien_Halls
ADMIN: Alien_Halls deu líder da org:[Civil] para Alien_Halls.
ADMIN: Alien_Halls limpou a vaga 1 do líder Alien_Halls
ADMIN: Alien_Halls deu líder da org:[Civil] para Alien_Halls.
ADMIN: Alien_Halls limpou a vaga 20 do líder Alien_Halls
ADMIN: Alien_Halls deu líder da org:[Civil] para Alien_Halls.
ADMIN: Alien_Halls limpou a vaga 14 do líder Alien_Halls
ADMIN: Alien_Halls deu líder da org:[Civil] para Alien_Halls.
ADMIN: Alien_Halls limpou a vaga 21 do líder Alien_Halls
ADMIN: Alien_Halls deu líder da org:[Civil] para Alien_Halls.
ADMIN: Alien_Halls limpou a vaga 20 do líder Ninguem
ADMIN: Alien_Halls limpou a vaga 14 do líder Ninguem
ADMIN: Alien_Halls limpou a vaga 8 do líder Alien_Halls
ADMIN: Alien_Halls deu líder da org:[Civil] para Alien_Halls.
ADMIN: Alien_Halls limpou a vaga 21 do líder Alien_Halls
ADMIN: Alien_Halls deu líder da org:[Civil] para Alien_Halls.
ADMIN: Alien_Halls limpou a vaga 1 do líder Alien_Halls
ADMIN: Alien_Halls deu líder da org:[Civil] para Alien_Halls.
ADMIN: Alien_Halls limpou a vaga 4 do líder Alien_Halls
ADMIN: Ilde_Cooper deu líder da org:[Civil] para Ilde_Cooper.
PLAYER: Ilde_Cooper pediu contas de lider da org:[Civil]
ADMIN: Ilde_Cooper deu líder da org:[Civil] para Ilde_Cooper.
ADMIN: Diego_Brforce deu líder da org:[Civil] para Yure_Brfoce.
ADMIN: Diego_Brforce deu líder da org:[Civil] para Poker_staff.
PLAYER: Yure_Brfoce pediu contas de lider da org:[Civil]
ADMIN: Diego_Brforce deu líder da org:[Polícia Militar] para Yure_Brfoce.
ADMIN: Diego_Brforce deu líder da org:[Civil] para Poker_Brfoce.
PLAYER: Poker_Brfoce pediu contas de lider da org:[Civil]
ADMIN: Diego_Brforce deu líder da org:[Civil] para Poker_Brfoce.
PLAYER: Poker_Brfoce pediu contas de lider da org:[Civil]
ADMIN: Diego_Brforce deu líder da org:[Civil] para Poker_Brfoce.
PLAYER: Poker_Brfoce pediu contas de lider da org:[Civil]
ADMIN: Diego_Brforce deu líder da org:[Civil] para Poker_Brfoce.
PLAYER: Poker_Brfoce pediu contas de lider da org:[Civil]
ADMIN: Diego_Brforce deu líder da org:[Civil] para Poker_Brfoce.
PLAYER: Yure_Brfoce pediu contas de lider da org:[Polícia Militar]
PLAYER: Poker_Brfoce pediu contas de lider da org:[Civil]
ADMIN: Diego_Brforce deu líder da org:[Civil] para Poker_Brfoce.
PLAYER: Poker_Brfoce pediu contas de lider da org:[Civil]
ADMIN: Diego_Brforce limpou a vaga 22 do líder Ilde_Cooper
ADMIN: Diego_Brforce deu líder da org:[Civil] para Yure_Brfoce.
ADMIN: Diego_Brforce deu líder da org:[Civil] para Poker_Brfoce.
PLAYER: Poker_Brfoce pediu contas de lider da org:[Civil]
ADMIN: Diego_Brforce deu líder da org:[Civil] para Poker_Brfoce.
PLAYER: Yure_Brfoce pediu contas de lider da org:[Civil]
ADMIN: Diego_Brforce deu líder da org:[Civil] para Yure_Brfoce.
PLAYER: Poker_Brfoce pediu contas de lider da org:[Civil]
ADMIN: Diego_Brforce deu líder da org:[Civil] para Poker_Brfoce.
PLAYER: Poker_Brfoce pediu contas de lider da org:[Civil]
ADMIN: Diego_Brforce deu líder da org:[Civil] para Poker_Brfoce.
PLAYER: Yure_Brfoce pediu contas de lider da org:[Civil]
PLAYER: Poker_Brfoce pediu contas de lider da org:[Civil]
ADMIN: Diego_Brforce deu líder da org:[Civil] para Yure_Brfoce.
ADMIN: Diego_Brforce deu líder da org:[Civil] para Poker_Brfoce.
PLAYER: Poker_Brfoce pediu contas de lider da org:[Civil]
ADMIN: Diego_Brforce deu líder da org:[Civil] para Poker_Brfoce.
PLAYER: Poker_Brfoce pediu contas de lider da org:[Civil]
PLAYER: Yure_Brfoce pediu contas de lider da org:[Civil]
ADMIN: Diego_Brforce limpou a vaga 14 do líder Poker_staff
ADMIN: Diego_Brforce deu líder da org:[Civil] para Poker_Brfoce.
PLAYER: Poker_Brfoce pediu contas de lider da org:[Civil]
ADMIN: Diego_Brforce deu líder da org:[Civil] para Poker_Brfoce.
PLAYER: Poker_Brfoce pediu contas de lider da org:[Civil]
ADMIN: Diego_Brforce deu líder da org:[Civil] para Marcos_Brforce.
ADMIN: Diego_Brforce deu líder da org:[Civil] para Poker_Brfoce.
PLAYER: Poker_Brfoce pediu contas de lider da org:[Civil]
ADMIN: Diego_Brforce deu líder da org:[Civil] para Poker_Brfoce.
PLAYER: Poker_Brfoce pediu contas de lider da org:[Civil]
ADMIN: Diego_Brforce deu líder da org:[Civil] para Poker_Brfoce.
PLAYER: Poker_Brfoce pediu contas de lider da org:[Civil]
ADMIN: Diego_Brforce deu líder da org:[Civil] para Poker_Brfoce.
PLAYER: Poker_Brfoce pediu contas de lider da org:[Civil]
ADMIN: Diego_Brforce deu líder da org:[Civil] para Poker_Brfoce.
PLAYER: Marcos_Brforce pediu contas de lider da org:[Civil]
PLAYER: Poker_Brfoce pediu contas de lider da org:[Civil]
ADMIN: Diego_Brforce deu líder da org:[Civil] para Poker_Brfoce.
PLAYER: Poker_Brfoce pediu contas de lider da org:[Civil]
ADMIN: Diego_Brforce deu líder da org:[Civil] para Poker_Brfoce.
PLAYER: Poker_Brfoce pediu contas de lider da org:[Civil]
ADMIN: Diego_Brforce deu líder da org:[Civil] para Poker_Brfoce.
PLAYER: Poker_Brfoce pediu contas de lider da org:[Civil]
ADMIN: Diego_Brforce deu líder da org:[Civil] para Poker_Brfoce.
PLAYER: Poker_Brfoce pediu contas de lider da org:[Civil]
ADMIN: Diego_Brforce deu líder da org:[Civil] para Poker_Brfoce.
PLAYER: Poker_Brfoce pediu contas de lider da org:[Civil]
ADMIN: Diego_Brforce deu líder da org:[Civil] para Poker_Brfoce.
PLAYER: Poker_Brfoce pediu contas de lider da org:[Civil]
ADMIN: Diego_Brforce deu líder da org:[Civil] para Poker_Brfoce.
PLAYER: Poker_Brfoce pediu contas de lider da org:[Civil]
ADMIN: Diego_Brforce deu líder da org:[Civil] para Poker_Brfoce.
PLAYER: Poker_Brfoce pediu contas de lider da org:[Civil]
ADMIN: Diego_Brforce deu líder da org:[Civil] para Poker_Brfoce.
ADMIN: Diego_Brforce deu líder da org:[Civil] para Dark_Hole.
ADMIN: Diego_Brforce limpou a vaga 14 do líder Dark_Hole
ADMIN: Diego_Brforce deu líder da org:[Civil] para Dark_Hole.
ADMIN: Diego_Brforce limpou a vaga 13 do líder Dark_Hole
ADMIN: Diego_Brforce deu líder da org:[Civil] para Dark_Hole.
ADMIN: Diego_Brforce deu líder da org:[Civil] para Luiz_Anildo.
ADMIN: Diego_Brforce deu líder da org:[Civil] para Hershel_Greene.
ADMIN: Diego_Brforce limpou a vaga 1 do líder Hershel_Greene
ADMIN: Diego_Brforce deu líder da org:[Civil] para Andreza_mello.
ADMIN: Diego_Brforce deu líder da org:[Yakuza] para Robert_Brfoce.
ADMIN: Diego_Brforce deu líder da org:[Civil] para Yure_Brfoce.
ADMIN: Diego_Brforce deu líder da org:[Civil] para Dark_Hole.
PLAYER: Yure_Brfoce pediu contas de lider da org:[Civil]
ADMIN: Diego_Brforce limpou a vaga 1 do líder Andreza_mello
ADMIN: Diego_Brforce deu líder da org:[Polícia Militar] para Danilo_Brforce.
ADMIN: Diego_Brforce deu líder da org:[Civil] para New_Stewl.
ADMIN: Diego_Brforce limpou a vaga 2 do líder Robert_Brfoce
ADMIN: Diego_Brforce deu líder da org:[Civil] para Robert_Brfoce.
ADMIN: Diego_Brforce deu líder da org:[Civil] para Yure_Brfoce.
ADMIN: Diego_Brforce deu líder da org:[Civil] para Marcos_Brforce.
PLAYER: dimmy_scarface pediu contas de lider da org:[Hitmans]
PLAYER: New_Stewl pediu contas de lider da org:[F.A.R.C]
ADMIN: Diego_Staff deu líder da org:[F.A.R.C] para Kenshi_Myth.
ADMIN: Diego_Staff deu líder da org:[Civil] para Rapha_Myth.
ADMIN: Diego_Staff deu líder da org:[Groove Street] para matheus_CV.
ADMIN: Diego_Staff limpou a vaga 2 do líder Marcos_Brforce
ADMIN: Diego_Staff deu líder da org:[Civil] para Diego_Staff.
PLAYER: Diego_Staff pediu contas de lider da org:[Civil]
ADMIN: Diego_Staff deu líder da org:[Civil] para LuKazZ_KayzeN.
ADMIN: Diego_Staff deu líder da org:[B.O.P.E] para Marcos_Brforce.
ADMIN: dimmy_scarface limpou a vaga 1 do líder Danilo_Brforce
ADMIN: dimmy_scarface deu líder da org:[Civil] para dimmy_scarface.
PLAYER: dimmy_scarface pediu contas de lider da org:[Civil]
ADMIN: dimmy_scarface deu líder da org:[Polícia Militar] para Diego_Tests.
ADMIN: dimmy_scarface limpou a vaga 1 do líder Diego_Tests
ADMIN: dimmy_scarface deu líder da org:[Civil] para dimmy_scarface.
ADMIN: Diego_Staff limpou a vaga 1 do líder dimmy_scarface
ADMIN: Diego_Staff limpou a vaga 1 do líder Ninguem
ADMIN: Diego_Staff deu líder da org:[Polícia Militar] para thyago_sia.
ADMIN: Diego_Staff limpou a vaga 1 do líder thyago_sia
ADMIN: Diego_Staff deu líder da org:[Civil] para Diego_Staff.
PLAYER: Diego_Staff pediu contas de lider da org:[Civil]
ADMIN: Diego_Staff deu líder da org:[Civil] para Diego_Staff.
PLAYER: Diego_Staff pediu contas de lider da org:[Civil]
ADMIN: Diego_Staff deu líder da org:[Civil] para Carlos_EduardoPrc.
ADMIN: Diego_Staff limpou a vaga 13 do líder Dark_Hole
ADMIN: Diego_Staff deu líder da org:[Civil] para Diego_Staff.
PLAYER: Carlos_EduardoPrc pediu contas de lider da org:[Civil]
ADMIN: Diego_Staff deu líder da org:[Yakuza] para Lucas_Lacerda.
PLAYER: Robert_Brfoce pediu contas de lider da org:[Civil]
ADMIN: Rafael_Veiga deu líder da org:[Civil] para Robert_Brfoce.
ADMIN: Rafael_Veiga limpou a vaga 3 do líder matheus_CV
ADMIN: Diego_Staff deu líder da org:[Yakuza] para RIVersiD_alessandro.
PLAYER: Robert_Brfoce pediu contas de lider da org:[Civil]
PLAYER: Poker_Brfoce pediu contas de lider da org:[Civil]
ADMIN: Diego_Staff limpou a vaga 13 do líder Diego_Staff
ADMIN: Diego_Staff deu líder da org:[Civil] para Poker_Brfoce.
ADMIN: Diego_Staff deu líder da org:[Civil] para PaToLiNo_Sa.
ADMIN: Diego_Staff limpou a vaga 22 do líder PaToLiNo_Sa
ADMIN: Diego_Staff deu líder da org:[Civil] para Rafael_Prentice.
ADMIN: Yure_Staff limpou a vaga 16 do líder Yure_Brfoce
ADMIN: Yure_Staff deu líder da org:[Civil] para Lucas_Silva.
ADMIN: Diego_Staff deu líder da org:[Civil] para Robert_Brfoce.
ADMIN: Diego_Staff deu líder da org:[Yakuza] para Renner_Gordo.
ADMIN: Diego_Staff deu líder da org:[Civil] para Andrei_Staff.
PLAYER: Andrei_Staff pediu contas de lider da org:[Civil]
ADMIN: Diego_Staff limpou a vaga 6 do líder Luiz_Anildo
PLAYER: Robert_Brfoce pediu contas de lider da org:[Policia Federal]
ADMIN: Diego_Staff deu líder da org:[Civil] para SkyIce_Br.
ADMIN: Diego_Staff deu líder da org:[Repórter] para Robert_Brfoce.
ADMIN: Diego_Staff limpou a vaga 9 do líder SkyIce_Br
ADMIN: Diego_Staff deu líder da org:[Hamas] para Andrei_Staff.
ADMIN: Diego_Staff deu líder da org:[Civil] para Danilo_Brforce.
PLAYER: Andrei_Staff pediu contas de lider da org:[Hamas]
ADMIN: Diego_Staff deu líder da org:[Civil] para belo_santos.
ADMIN: Diego_Staff limpou a vaga 1 do líder Lucas_Lacerda
ADMIN: Diego_Staff deu líder da org:[Hamas] para Souza_JS.
ADMIN: Yure_Staff deu líder da org:[Policia Civil] para Daanilo_Tissao.
PLAYER: Souza_JS pediu contas de lider da org:[Hamas]
ADMIN: Diego_Staff deu líder da org:[Hamas] para Souza_JS.
ADMIN: Yure_Staff deu líder da org:[Ballas] para Felipe_Matador.
PLAYER: Renner_Gordo pediu contas de lider da org:[Policia Civil]
PLAYER: Daanilo_Tissao pediu contas de lider da org:[Policia Civil]
ADMIN: Yure_Staff limpou a vaga 3 do líder RIVersiD_alessandro
PLAYER: Felipe_Matador pediu contas de lider da org:[Triads]
ADMIN: Yure_Staff deu líder da org:[Polícia Militar] para Felipe_Matador.
ADMIN: Yure_Staff deu líder da org:[Civil] para PaToLiNo_Sa.
ADMIN: Yure_Staff deu líder da org:[Civil] para QzL_XuuH.
ADMIN: Yure_Staff limpou a vaga 3 do líder Felipe_Matador
ADMIN: Yure_Staff deu líder da org:[Hamas] para Felipe_Matador.
ADMIN: Yure_Staff limpou a vaga 3 do líder Felipe_Matador
ADMIN: Yure_Staff limpou a vaga 2 do líder Marcos_Brforce
ADMIN: Yure_Staff deu líder da org:[Hamas] para Felipe_Matador.
ADMIN: Yure_Staff deu líder da org:[Civil] para Kick_RobaCena.
ADMIN: Yure_Staff deu líder da org:[Civil] para Evan_Rosier.
ADMIN: Yure_Staff deu líder da org:[Civil] para cristian_jpa.
ADMIN: Yure_Staff deu líder da org:[Civil] para Cel_Vitor17BOPE.
ADMIN: Yure_Staff deu líder da org:[Hamas] para DIAMOND_DPP.
ADMIN: Yure_Staff deu líder da org:[Al'qaeda] para Randal_RobaCena.
ADMIN: Yure_Staff limpou a vaga 13 do líder Poker_Brfoce
ADMIN: Yure_Staff deu líder da org:[Al'qaeda] para andrinho_tnq.
ADMIN: Diego_Staff limpou a vaga 11 do líder Danilo_Brforce
ADMIN: Diego_Staff deu líder da org:[Policia Federal] para Andrei_Staff.
ADMIN: Diego_Staff deu líder da org:[Hamas] para RIVersiD_alessandro.
ADMIN: Diego_Staff limpou a vaga 11 do líder Andrei_Staff
PLAYER: belo_santos pediu contas de lider da org:[Bloodz]
ADMIN: Yure_Staff deu líder da org:[Exercito] para belo_santos.
ADMIN: Yure_Staff deu líder da org:[Civil] para Renner_Gordo.
ADMIN: Yure_Staff deu líder da org:[Bloodz] para PaniCo_Insane.
ADMIN: Yure_Staff limpou a vaga 2 do líder Felipe_Matador
ADMIN: Yure_Staff deu líder da org:[Policia Federal] para Marcos_Brforce.
PLAYER: Renner_Gordo pediu contas de lider da org:[Policia Federal]
ADMIN: Diego_Staff deu líder da org:[Hamas] para Killer_MaN.
ADMIN: Diego_Staff limpou a vaga 8 do líder Kenshi_Myth
ADMIN: Diego_Staff deu líder da org:[Civil] para Jose_afonsos.
ADMIN: Diego_Staff deu líder da org:[Policia Civil] para Capitao_Nascimento.
ADMIN: Yure_Staff deu líder da org:[S.A.M.U] para Renner_Gordo.
ADMIN: Diego_Staff limpou a vaga 8 do líder Jose_afonsos
ADMIN: Diego_Staff limpou a vaga 5 do líder QzL_XuuH
ADMIN: Diego_Staff deu líder da org:[Policia Civil] para Jose_afonsos.
ADMIN: Yure_Staff deu líder da org:[B.O.P.E] para PauliN_ChD.
PLAYER: Renner_Gordo pediu contas de lider da org:[Civil]
ADMIN: Diego_Staff deu líder da org:[Civil] para Coringa_Phoenix.
PLAYER: Randal_RobaCena pediu contas de lider da org:[Civil]
PLAYER: Kick_RobaCena pediu contas de lider da org:[B.O.P.E]
ADMIN: Diego_Staff limpou a vaga 22 do líder Rafael_Prentice
ADMIN: Diego_Staff deu líder da org:[F.A.R.C] para Kick_RobaCena.
ADMIN: Diego_Staff deu líder da org:[Taxista] para Lost_Brforce.
PLAYER: Coringa_Phoenix pediu contas de lider da org:[Al'qaeda]
PLAYER: andrinho_tnq pediu contas de lider da org:[Hitmans]
ADMIN: Diego_Staff limpou a vaga 5 do líder Jose_afonsos
ADMIN: Diego_Staff deu líder da org:[Policia Civil] para Jose_afonsos.
ADMIN: Diego_Staff limpou a vaga 23 do líder Jose_afonsos
ADMIN: Diego_Staff deu líder da org:[Hitmans] para Jose_afonsos.
ADMIN: dimmy_scarface deu líder da org:[Civil] para Guru_Josh.
ADMIN: Diego_Staff deu líder da org:[Civil] para DeeN_RooTz.
PLAYER: Jose_afonsos pediu contas de lider da org:[Civil]
ADMIN: Diego_Staff limpou a vaga 5 do líder Guru_Josh
ADMIN: Diego_Staff deu líder da org:[Policia Civil] para Jose_afonsos.
ADMIN: Diego_Staff limpou a vaga 18 do líder PaToLiNo_Sa
ADMIN: Diego_Staff deu líder da org:[Civil] para Kadukibon_MonsTer.
ADMIN: Diego_Staff limpou a vaga 18 do líder Kadukibon_MonsTer
ADMIN: Diego_Staff limpou a vaga 5 do líder Jose_afonsos
ADMIN: Diego_Staff deu líder da org:[Hamas] para Jose_afonsos.
ADMIN: Diego_Staff limpou a vaga 12 do líder LuKazZ_KayzeN
ADMIN: Diego_Staff deu líder da org:[Civil] para Ari_Brforce.
ADMIN: Diego_Staff deu líder da org:[Civil] para jadson_scarface.
PLAYER: jadson_scarface pediu contas de lider da org:[Los Vagos]
PLAYER: DIAMOND_DPP pediu contas de lider da org:[Polícia Militar]
ADMIN: Diego_Staff deu líder da org:[Civil] para Rafael_Veiga.
ADMIN: Yure_Staff deu líder da org:[Hamas] para GF_Gugax.
PLAYER: Rafael_Veiga pediu contas de lider da org:[Los Aztecas]
PLAYER: DeeN_RooTz pediu contas de lider da org:[Los Vagos]
ADMIN: Diego_Staff limpou a vaga 3 do líder RIVersiD_alessandro
ADMIN: Diego_Staff deu líder da org:[Hamas] para DeeN_RooTz.
ADMIN: Yure_Staff deu líder da org:[Cosa Nostra] para rafael_Winchester.
ADMIN: Yure_Staff deu líder da org:[Hamas] para Priscilla_Torres.
ADMIN: Diego_Staff deu líder da org:[Cosa Nostra] para Math_Raah.
ADMIN: Diego_Staff limpou a vaga 10 do líder Priscilla_Torres
ADMIN: Diego_Staff deu líder da org:[Los Aztecas] para Priscilla_Torres.
ADMIN: Diego_Staff deu líder da org:[Repórter] para kaka_wincheste.
PLAYER: Killer_MaN pediu contas de lider da org:[Los Vagos]
ADMIN: Yure_Staff deu líder da org:[Los Aztecas] para Dark_Boy.
ADMIN: Yure_Staff limpou a vaga 19 do líder cristian_jpa
ADMIN: Yure_Staff deu líder da org:[Civil] para Diego_AmS.
ADMIN: Yure_Staff limpou a vaga 15 do líder Lost_Brforce
ADMIN: Andrei_Staff limpou a vaga 23 do líder Math_Raah
ADMIN: Andrei_Staff limpou a vaga 1 do líder Souza_JS
ADMIN: Andrei_Staff deu líder da org:[Polícia Militar] para paulo_victor.
ADMIN: Andrei_Staff deu líder da org:[Hamas] para Daniel_XD.
PLAYER: GF_Gugax pediu contas de lider da org:[Policia Civil]
ADMIN: Diego_Staff limpou a vaga 5 do líder Ninguem
ADMIN: Diego_Staff deu líder da org:[Policia Civil] para GF_Gugax.
ADMIN: Andrei_Staff limpou a vaga 22 do líder Kick_RobaCena
ADMIN: Diego_Staff limpou a vaga 8 do líder PauliN_ChD
ADMIN: Diego_Staff limpou a vaga 7 do líder Priscilla_Torres
ADMIN: Diego_Staff deu líder da org:[Los Vagos] para Priscilla_Torres.
ADMIN: Diego_Staff deu líder da org:[Policia Federal] para PauliN_ChD.
PLAYER: PauliN_ChD pediu contas de lider da org:[Policia Federal]
ADMIN: Diego_Staff limpou a vaga 7 do líder Priscilla_Torres
ADMIN: Diego_Staff limpou a vaga 7 do líder Ninguem
ADMIN: Diego_Staff limpou a vaga 10 do líder kaka_wincheste
ADMIN: Andrei_Staff deu líder da org:[Policia Civil] para Math_Raah.
ADMIN: Diego_Staff deu líder da org:[F.A.R.C] para Priscilla_Torres.
ADMIN: Diego_Staff limpou a vaga 22 do líder Math_Raah
ADMIN: Diego_Staff deu líder da org:[Civil] para Math_Raah.
ADMIN: Andrei_Staff limpou a vaga 13 do líder Ari_Brforce
ADMIN: Yure_Staff limpou a vaga 14 do líder Rapha_Myth
ADMIN: Yure_Staff deu líder da org:[Hamas] para Rafael_Prentice.
ADMIN: Yure_Staff deu líder da org:[Los Vagos] para Gabriel_Pisaneschi.
ADMIN: Yure_Staff limpou a vaga 11 do líder belo_santos
ADMIN: Yure_Staff deu líder da org:[F.A.R.C] para QzL_XuuH.
ADMIN: Yure_Staff deu líder da org:[Repórter] para John_SantoS.
ADMIN: Diego_Staff deu líder da org:[Civil] para Diego_Staff.
PLAYER: Diego_Staff pediu contas de lider da org:[Civil]
ADMIN: Ilde_Cooper limpou a vaga 1 do líder paulo_victor
ADMIN: Ilde_Cooper limpou a vaga 2 do líder Marcos_Brforce
ADMIN: Ilde_Cooper limpou a vaga 3 do líder DeeN_RooTz
ADMIN: Ilde_Cooper limpou a vaga 4 do líder Capitao_Nascimento
ADMIN: Ilde_Cooper limpou a vaga 5 do líder Math_Raah
ADMIN: Ilde_Cooper limpou a vaga 6 do líder Robert_Brfoce
ADMIN: Ilde_Cooper limpou a vaga 7 do líder Ninguem
ADMIN: Ilde_Cooper limpou a vaga 8 do líder Ninguem
ADMIN: Ilde_Cooper limpou a vaga 9 do líder Dark_Boy
ADMIN: Ilde_Cooper limpou a vaga 18 do líder Jose_afonsos
ADMIN: Ilde_Cooper limpou a vaga 14 do líder Rafael_Prentice
ADMIN: Ilde_Cooper limpou a vaga 7 do líder Ninguem
ADMIN: Ilde_Cooper limpou a vaga 8 do líder Ninguem
ADMIN: Ilde_Cooper limpou a vaga 9 do líder Ninguem
ADMIN: Ilde_Cooper limpou a vaga 10 do líder Priscilla_Torres
ADMIN: Ilde_Cooper limpou a vaga 11 do líder QzL_XuuH
ADMIN: Ilde_Cooper limpou a vaga 12 do líder rafael_Winchester
ADMIN: Ilde_Cooper limpou a vaga 13 do líder John_SantoS
ADMIN: Ilde_Cooper limpou a vaga 14 do líder Ninguem
ADMIN: Ilde_Cooper limpou a vaga 16 do líder Lucas_Silva
ADMIN: Ilde_Cooper limpou a vaga 16 do líder Ninguem
ADMIN: Ilde_Cooper limpou a vaga 15 do líder Daniel_XD
ADMIN: Ilde_Cooper limpou a vaga 17 do líder PaniCo_Insane
ADMIN: Ilde_Cooper limpou a vaga 18 do líder Ninguem
ADMIN: Ilde_Cooper limpou a vaga 19 do líder Diego_AmS
ADMIN: Ilde_Cooper limpou a vaga 20 do líder Evan_Rosier
ADMIN: Ilde_Cooper limpou a vaga 21 do líder Cel_Vitor17BOPE
ADMIN: Ilde_Cooper limpou a vaga 22 do líder Gabriel_Pisaneschi
ADMIN: Ilde_Cooper limpou a vaga 23 do líder GF_Gugax
ADMIN: Diego_Staff deu líder da org:[Civil] para John_SantoS.
ADMIN: YuriziN_Staff deu líder da org:[Los Vagos] para Priscilla_Torres.
ADMIN: Diego_Brforce deu líder da org:[Civil] para Lucas_Silva.
ADMIN: Diego_Brforce deu líder da org:[Yakuza] para Rafael_Prentice.
ADMIN: Yure_Staff deu líder da org:[Exercito] para Diego_AmS.
PLAYER: John_SantoS pediu contas de lider da org:[Bloodz]
PLAYER: Robert_Brfoce pediu contas de lider da org:[Bloodz]
ADMIN: Yure_Staff deu líder da org:[Bloodz] para Daniel_Moretto.
ADMIN: Diego_Staff deu líder da org:[Policia Civil] para Robert_Brfoce.
ADMIN: Yure_Staff limpou a vaga 6 do líder Daniel_Moretto
PLAYER: Robert_Brfoce pediu contas de lider da org:[Policia Civil]
ADMIN: Diego_Staff deu líder da org:[Groove Street] para PauliN_ChD.
ADMIN: Yure_Staff deu líder da org:[Bloodz] para Robert_Brfoce.
ADMIN: Diego_Staff deu líder da org:[Los Vagos] para DeeN_RooTz.
ADMIN: Diego_Staff deu líder da org:[Bloodz] para GF_ozz.
ADMIN: Andrei_Staff limpou a vaga 6 do líder Robert_Brfoce
ADMIN: Andrei_Staff deu líder da org:[Los Vagos] para Robert_Brfoce.
ADMIN: Yure_Staff limpou a vaga 15 do líder Ninguem
ADMIN: Yure_Staff deu líder da org:[Los Vagos] para Daniel_XD.
ADMIN: Diego_Staff deu líder da org:[Los Vagos] para Lucas_Alves.
ADMIN: Diego_Staff deu líder da org:[Policia Civil] para Guilherme_Henrique.
ADMIN: Diego_Staff limpou a vaga 18 do líder Lucas_Alves
ADMIN: Diego_Staff deu líder da org:[Civil] para Jose_afonsos.
ADMIN: Diego_Staff limpou a vaga 2 do líder Guilherme_Henrique
ADMIN: Diego_Staff deu líder da org:[Policia Civil] para Guilherme_Henrique.
ADMIN: Diego_Staff deu líder da org:[Polícia Militar] para Lucas_Alves.
ADMIN: Diego_Staff limpou a vaga 1 do líder Lucas_Alves
ADMIN: Diego_Staff deu líder da org:[Bloodz] para Lucas_Alves.
ADMIN: Diego_Staff deu líder da org:[Polícia Militar] para TupaC_WalkiiNG.
ADMIN: Diego_Staff limpou a vaga 1 do líder TupaC_WalkiiNG
ADMIN: Diego_Staff deu líder da org:[Los Vagos] para TupaC_WalkiiNG.
PLAYER: Lucas_Alves pediu contas de lider da org:[Yakuza]
ADMIN: Diego_Staff deu líder da org:[Polícia Militar] para Souza_JS.
ADMIN: Diego_Staff limpou a vaga 1 do líder Souza_JS
ADMIN: Diego_Staff deu líder da org:[Civil] para Souza_JS.
ADMIN: Diego_Staff deu líder da org:[Polícia Militar] para GF_Luiz.
PLAYER: GF_ozz pediu contas de lider da org:[Yakuza]
ADMIN: Diego_Staff deu líder da org:[Civil] para GF_Guilherme.
PLAYER: GF_Luiz pediu contas de lider da org:[Cosa Nostra]
ADMIN: Diego_Staff deu líder da org:[Groove Street] para Diego_Staff.
ADMIN: Yure_Staff deu líder da org:[Taxista] para Lucas_Duarte.
PLAYER: Guilherme_Henrique pediu contas de lider da org:[Civil]
ADMIN: Yure_Staff deu líder da org:[Policia Civil] para Guilherme_Henrique.
PLAYER: Diego_Staff pediu contas de lider da org:[Groove Street]
ADMIN: Diego_Staff deu líder da org:[Groove Street] para Marcos_Brforce.
PLAYER: Marcos_Brforce pediu contas de lider da org:[Civil]
ADMIN: Yure_Staff deu líder da org:[Drifters] para Dark_Boy.
PLAYER: Daniel_XD pediu contas de lider da org:[Los Vagos]
ADMIN: Yure_Staff deu líder da org:[Los Vagos] para Daniel_XD.
PLAYER: Daniel_XD pediu contas de lider da org:[Los Vagos]
ADMIN: Yure_Staff deu líder da org:[Los Vagos] para Daniel_XD.
ADMIN: Yure_Staff deu líder da org:[Hitmans] para QzL_XuuH.
ADMIN: YuriziN_Staff deu líder da org:[Civil] para YuriziN_ChD.
PLAYER: PauliN_ChD pediu contas de lider da org:[Yakuza]
ADMIN: Diego_Staff limpou a vaga 1 do líder Lucas_Duarte
ADMIN: Diego_Staff limpou a vaga 2 do líder Guilherme_Henrique
ADMIN: Diego_Staff limpou a vaga 3 do líder DeeN_RooTz
ADMIN: Diego_Staff limpou a vaga 4 do líder Ninguem
ADMIN: Diego_Staff limpou a vaga 5 do líder Daniel_XD
ADMIN: Diego_Staff limpou a vaga 6 do líder Ninguem
ADMIN: Diego_Staff limpou a vaga 7 do líder Ninguem
ADMIN: Diego_Staff limpou a vaga 8 do líder Ninguem
ADMIN: Diego_Staff limpou a vaga 9 do líder Dark_Boy
ADMIN: Diego_Staff limpou a vaga 10 do líder Priscilla_Torres
ADMIN: Diego_Staff limpou a vaga 11 do líder QzL_XuuH
ADMIN: Diego_Staff limpou a vaga 12 do líder Souza_JS
ADMIN: Diego_Staff limpou a vaga 13 do líder Robert_Brfoce
ADMIN: Diego_Staff limpou a vaga 14 do líder Rafael_Prentice
ADMIN: Diego_Staff limpou a vaga 15 do líder Ninguem
ADMIN: Diego_Staff limpou a vaga 17 do líder LekiinhO_TwOPaCkw
ADMIN: Diego_Staff limpou a vaga 18 do líder Jose_afonsos
ADMIN: Diego_Staff limpou a vaga 19 do líder Diego_AmS
ADMIN: Diego_Staff limpou a vaga 20 do líder YuriziN_ChD
ADMIN: Diego_Staff limpou a vaga 21 do líder GF_Guilherme
ADMIN: Diego_Staff limpou a vaga 22 do líder Ninguem
ADMIN: Diego_Staff limpou a vaga 23 do líder Ninguem
ADMIN: Yure_Staff deu líder da org:[Los Vagos] para Robert_Brfoce.
ADMIN: Yure_Staff deu líder da org:[Sons of Anarchy] para Priscilla_Torres.
ADMIN: Yure_Staff deu líder da org:[Taxista] para Jose_afonsos.
ADMIN: Yure_Staff deu líder da org:[Yakuza] para GF_Guilherme.
ADMIN: Rafael_Staff deu líder da org:[Los Vagos] para Gio_Roots.
PLAYER: Gio_Roots pediu contas de lider da org:[Los Vagos]
ADMIN: Vito_Like deu líder da org:[Civil] para Vito_Like.
PLAYER: Vito_Like pediu contas de lider da org:[Civil]
ADMIN: Chris_Potter deu líder da org:[Civil] para tiaguin_MIRAA.
ADMIN: Vito_Like deu líder da org:[Civil] para Vito_Like.
PLAYER: Vito_Like pediu contas de lider da org:[Civil]
