Thiago_Street usou /setgrana em Thiago_Street e setou 10000000
Thiago_Street usou /setgrana em Thiago_Street e setou 10000
Thiago_Street usou /setgrana em Thiago_Street e setou 100000
Thiago_Street usou /setgrana em Thiago_Street e setou 200000
Thiago_Street usou /setgrana em Thiago_Street e setou 100001
Thiago_Street usou /setgrana em Thiago_Street e setou 100001
Thiago_Street usou /setgrana em Thiago_Street e setou 10000000










Marcelo_Silva usou /setgrana em Marcelo_Silva e setou 1
Marcelo_Silva usou /setgrana em Marcelo_Silva e setou 1
Marcelo_Silva usou /setgrana em Marcelo_Silva e setou 100
Marcelo_Silva Transferido R$190 to Marcelo_Silva
iLu_VisioN usou /dargrana em iLu_VisioN e deu 5000
iLu_VisioN usou /dargrana em iLu_VisioN e deu 500
MarCelo_VisioN usou /setgrana em MarCelo_VisioN e setou 100000
GReeN_WOoD usou /setgrana em GReeN_WOoD e setou 20
Ruck_Staff Transferido R$1000 to GReeN_WOoD
GReeN_WOoD usou /setgrana em GReeN_WOoD e setou 100000
GReeN_WOoD usou /setgrana em Ruck_Staff e setou 500000
Thiago_Street usou /setgrana em Thiago_Street e setou 10000000
Thiago_Street usou /setgrana em Thiago_Street e setou 10000
Thiago_Street usou /setgrana em Thiago_Street e setou 100003
Thiago_Street usou /setgrana em Thiago_Street e setou 200
Thiago_Street usou /setgrana em Thiago_Street e setou 500
Thiago_Street usou /setgrana em Thiago_Street e setou 100
Thiago_Street usou /setgrana em Thiago_Street e setou 500
Thiago_Street usou /setgrana em Thiago_Street e setou 200
Thiago_Street usou /setgrana em Thiago_Street e setou 1000
Thiago_Street usou /setgrana em Thiago_Street e setou 1000
Thiago_Street usou /dargrana em Thiago_Street e deu 100
Thiago_Street usou /setgrana em Thiago_Street e setou 100
Thiago_Street usou /setgrana em Thiago_Street e setou 100
Thiago_Street usou /setgrana em Thiago_Street e setou 100
Thiago_Street usou /setgrana em Thiago_Street e setou 0
Thiago_Street usou /setgrana em Thiago_Street e setou 100
Thiago_Street usou /setgrana em Thiago_Street e setou 200
Thiago_Street usou /setgrana em Thiago_Street e setou 10
Thiago_Street usou /setgrana em Thiago_Street e setou 10
Thiago_Street usou /setgrana em Thiago_Street e setou 200
Thiago_Street usou /setgrana em Thiago_Street e setou 10
Thiago_Street usou /setgrana em Thiago_Street e setou 10
Thiago_Street usou /setgrana em Thiago_Street e setou 10
Thiago_Street usou /setgrana em Thiago_Street e setou 10
Thiago_Street usou /setgrana em Thiago_Street e setou 10
Thiago_Street usou /setgrana em Thiago_Street e setou 10
Thiago_Street usou /setgrana em Thiago_Street e setou 10
Thiago_Street usou /setgrana em Thiago_Street e setou 10
Thiago_Street usou /setgrana em Thiago_Street e setou 10
Thiago_Street usou /setgrana em Thiago_Street e setou 1
Thiago_Street usou /setgrana em Thiago_Street e setou 1
Thiago_Street usou /setgrana em Thiago_Street e setou 500
Thiago_Street usou /setgrana em Thiago_Street e setou 120
Thiago_Street usou /setgrana em Thiago_Street e setou 120
Thiago_Street usou /setgrana em Thiago_Street e setou 120
Thiago_Street usou /setgrana em Thiago_Street e setou 120
Thiago_Street usou /setgrana em Thiago_Street e setou 10
Thiago_Street usou /setgrana em Thiago_Street e setou 20000
Thiago_Street usou /setgrana em Thiago_Street e setou 0
Alien_Halls usou /dargrana em Alien_Halls e deu 99999999
Panico_Halls usou /dargrana em Panico_Halls e deu 10000000
Diego_Brforce usou /dargrana em Yure_Brfoce e deu 100
Diego_Brforce deu grana para New_Stewl
dimmy_scarface usou /dargrana em dimmy_scarface e deu 10000000
Diego_Staff usou /dargrana em Diego_Staff e deu 1000000
Diego_Staff usou /dargrana em Marcos_Brforce e deu 20000
Diego_Staff usou /dargrana em Lucas_Silva e deu 10000
Diego_Staff usou /dargrana em Lucas_Silva e deu 1000
Diego_Staff usou /dargrana em Yure_Brfoce e deu 1000
Diego_Staff usou /dargrana em Yure_Brfoce e deu 1000
Diego_Staff usou /dargrana em Junior_myth e deu 200000
Diego_Staff usou /dargrana em Fael_Myth e deu 200000
Diego_Staff usou /dargrana em Marcos_Brforce e deu 200000
MaZaGa007_Myth deu grana para Red_Ass
Lucas_Silva Transferido R$700 to MaZaGa_007
Red_Ass deu grana para MaZaGa_007
Red_Ass deu grana para MaZaGa_007
Diego_Staff usou /dargrana em KICKME_Ass e deu 200000
Rafael_Veiga usou /dargrana em Yure_Brfoce e deu 500000
Robert_Brfoce deu grana para Poker_Brfoce
Yure_Staff usou /dargrana em Robert_Brfoce e deu 10000
Yure_Staff usou /dargrana em Robert_Brfoce e deu 1000
Yure_Staff usou /dargrana em Robert_Brfoce e deu 100
Yure_Staff usou /dargrana em Lucas_Silva e deu 10000
Yure_Staff usou /dargrana em Lucas_Silva e deu 1000
Yure_Staff usou /dargrana em Lucas_Silva e deu 100000
Yure_Staff usou /dargrana em Yure_Staff e deu 10000
Only_Rafael deu grana para Poker_Brfoce
Diego_Staff usou /dargrana em Only_Rafael e deu 2000000
Only_Rafael deu grana para Renan_Swift
Ariloko_Brforce deu grana para Andrei_Staff
Ariloko_Brforce deu grana para SkyIce_Br

Diego_Staff usou /dargrana em Renner_Gordo e deu 200000
Yure_Staff usou /dargrana em Felipe_Matador e deu 1000000
Yure_Staff usou /dargrana em Felipe_Matador e deu 1000000
Felipe_Matador deu grana para Souza_JS
Felipe_Matador deu grana para Souza_JS
Felipe_Matador deu grana para Souza_JS
Yure_Staff usou /dargrana em Souza_JS e deu 100000
Diego_Staff usou /dargrana em Lucas_Silva e deu 500000
Robert_Brfoce deu grana para Danie_Daniel
Poker_Brfoce deu grana para Xell_Dad
Sou_Azarado deu grana para Evan_Rosier
Robert_Brfoce deu grana para Patrick_Xmatei
Robert_Brfoce deu grana para Patrick_Xmatei
Robert_Brfoce deu grana para Jose_afonsos
Robert_Brfoce deu grana para Renan_Marcolino
Robert_Brfoce deu grana para gu_paccola
Yure_Staff usou /dargrana em cristian_jpa e deu 100000
cristian_jpa deu grana para andrinho_tnq
cristian_jpa deu grana para andrinho_tnq
cristian_jpa deu grana para andrinho_tnq
cristian_jpa deu grana para andrinho_tnq
cristian_jpa deu grana para andrinho_tnq
cristian_jpa deu grana para andrinho_tnq
cristian_jpa deu grana para andrinho_tnq
cristian_jpa deu grana para andrinho_tnq
cristian_jpa deu grana para andrinho_tnq
cristian_jpa deu grana para andrinho_tnq
cristian_jpa deu grana para andrinho_tnq
Yure_Staff usou /dargrana em andrinho_tnq e deu 10000
Yure_Staff usou /dargrana em andrinho_tnq e deu 10000
Diego_Staff usou /dargrana em Forever_Alone e deu 20000

Killer_MaN deu grana para Rafael_Veiga
MaTaDoR_NaToOo deu grana para Rafael_Veiga
Rafael_Veiga deu grana para Vinicius_Silva
Diego_Staff usou /dargrana em YuriziN_Staff e deu 500000
Rafael_Veiga deu grana para Renner_Gordo
PauliN_ChD deu grana para Renner_Gordo
Randal_RobaCena deu grana para Rei_RobaCena
SkyIce_BrForce deu grana para Ariloko_Brforce
Kick_RobaCena deu grana para Jhoy_RobaCena
Kick_RobaCena deu grana para Rei_RobaCena
SkyIce_BrForce deu grana para Phx_1
Rei_RobaCena deu grana para Randal_RobaCena
Diego_Staff usou /dargrana em rafael_ranzani e deu 20000
Diego_Staff usou /dargrana em Andrei_Staff e deu 1000000
Andrei_Staff deu grana para Lost_Brforce
Andrei_Staff deu grana para Lost_Brforce
Andrei_Staff deu grana para Lost_Brforce
Andrei_Staff deu grana para Lost_Brforce
Andrei_Staff deu grana para Lost_Brforce
Andrei_Staff deu grana para Lost_Brforce
Andrei_Staff deu grana para Lost_Brforce
Andrei_Staff deu grana para Lost_Brforce
Andrei_Staff deu grana para Lost_Brforce
Andrei_Staff deu grana para Lost_Brforce
Andrei_Staff deu grana para Ari_Brforce
Andrei_Staff deu grana para Coringa_Phoenix
Andrei_Staff deu grana para Randal_RobaCena
Baah_s Transferido R$2000 to Yarito_Yamanaka
cristian_jpa deu grana para Jack_Jack
Andrei_Staff deu grana para Phx_1
dimmy_scarface usou /dargrana em dimmy_scarface e deu 144444
Diego_Staff usou /dargrana em DeeN_RooTz e deu 20000
Andrei_Staff deu grana para Marcos_Brforce
Andrei_Staff deu grana para Marcos_Brforce
Andrei_Staff deu grana para Marcos_Brforce
Andrei_Staff deu grana para Marcos_Brforce
Andrei_Staff deu grana para Marcos_Brforce
Andrei_Staff deu grana para Marcos_Brforce
Andrei_Staff deu grana para Marcos_Brforce
Andrei_Staff deu grana para Marcos_Brforce
Andrei_Staff deu grana para Marcos_Brforce
Andrei_Staff deu grana para Marcos_Brforce
Andrei_Staff deu grana para Marcos_Brforce
Andrei_Staff deu grana para Marcos_Brforce
Andrei_Staff deu grana para Marcos_Brforce
Andrei_Staff deu grana para Marcos_Brforce
Andrei_Staff deu grana para Marcos_Brforce
Andrei_Staff deu grana para Marcos_Brforce
Andrei_Staff deu grana para Marcos_Brforce
Andrei_Staff deu grana para Poker_Brfoce
Andrei_Staff deu grana para Poker_Brfoce
Andrei_Staff deu grana para Poker_Brfoce
Andrei_Staff deu grana para Poker_Brfoce
Andrei_Staff deu grana para Poker_Brfoce
Andrei_Staff deu grana para Poker_Brfoce
Andrei_Staff deu grana para Poker_Brfoce
Andrei_Staff deu grana para Poker_Brfoce
Andrei_Staff deu grana para Poker_Brfoce
Andrei_Staff deu grana para BoB_Killer
Andrei_Staff deu grana para Walas_Teles
Andrei_Staff deu grana para Walas_Teles
Andrei_Staff deu grana para Walas_Teles
Andrei_Staff deu grana para Christian_Santos
Andrei_Staff deu grana para Christian_Santos
Andrei_Staff deu grana para Christian_Santos
Andrei_Staff deu grana para Christian_Santos
Andrei_Staff deu grana para Christian_Santos
Andrei_Staff deu grana para Christian_Santos
Andrei_Staff deu grana para Christian_Santos
Andrei_Staff deu grana para Christian_Santos
Andrei_Staff deu grana para Kadukibon_MonsTer
Andrei_Staff deu grana para Kadukibon_MonsTer
Andrei_Staff deu grana para Kadukibon_MonsTer
Andrei_Staff deu grana para Kadukibon_MonsTer
Andrei_Staff deu grana para Kadukibon_MonsTer
Andrei_Staff deu grana para Kadukibon_MonsTer
Andrei_Staff deu grana para Kadukibon_MonsTer
Andrei_Staff deu grana para Kadukibon_MonsTer
Andrei_Staff deu grana para Kadukibon_MonsTer
Andrei_Staff deu grana para Kadukibon_MonsTer
Andrei_Staff deu grana para Kadukibon_MonsTer
Andrei_Staff deu grana para Kadukibon_MonsTer
Andrei_Staff deu grana para Kadukibon_MonsTer
Andrei_Staff deu grana para Kadukibon_MonsTer
Andrei_Staff deu grana para Kadukibon_MonsTer
Andrei_Staff deu grana para Kadukibon_MonsTer
Andrei_Staff deu grana para Kadukibon_MonsTer
Andrei_Staff deu grana para Kadukibon_MonsTer
YuriziN_Staff deu grana para Blood_Xtreme
Andrei_Staff deu grana para StorM_Xtreme
Andrei_Staff deu grana para Christian_Santos
Andrei_Staff deu grana para Christian_Santos
Andrei_Staff deu grana para Christian_Santos
Andrei_Staff deu grana para Christian_Santos
Andrei_Staff deu grana para Christian_Santos
Andrei_Staff deu grana para Christian_Santos
Andrei_Staff deu grana para Christian_Santos
Andrei_Staff deu grana para Christian_Santos
Andrei_Staff deu grana para Christian_Santos
DeeN_RooTz deu grana para StorM_Xtreme
Diego_Staff usou /dargrana em Ghost_Junior e deu 20000
Diego_Staff usou /dargrana em Jao_Binda e deu 20000
Christian_Santos deu grana para Paulo_Henriquee
Robert_Brfoce deu grana para SkyIce_Br1
Robert_Brfoce deu grana para Golinho_Brfoce
Andrei_Staff deu grana para Baah_s
Andrei_Staff deu grana para Baah_s
Andrei_Staff deu grana para Baah_s
Andrei_Staff deu grana para Baah_s
Andrei_Staff deu grana para Baah_s
Andrei_Staff deu grana para Baah_s
Andrei_Staff deu grana para Baah_s
Andrei_Staff deu grana para Baah_s
Andrei_Staff deu grana para Baah_s
Andrei_Staff deu grana para Baah_s
Andrei_Staff deu grana para Marcos_Paulo
Andrei_Staff deu grana para Marcos_Paulo
Andrei_Staff deu grana para Marcos_Paulo
Andrei_Staff deu grana para Marcos_Paulo
Andrei_Staff deu grana para Marcos_Paulo
Andrei_Staff deu grana para Baah_s
Andrei_Staff deu grana para Baah_s
Andrei_Staff deu grana para Baah_s
Andrei_Staff deu grana para Baah_s
Andrei_Staff deu grana para Baah_s
Robert_Brfoce deu grana para Marcos_Paulo
Andrei_Staff deu grana para Baah_s
Andrei_Staff deu grana para Baah_s
Andrei_Staff deu grana para Baah_s
Andrei_Staff deu grana para Baah_s
Andrei_Staff deu grana para Baah_s
Andrei_Staff deu grana para SkyIce_Br1
Andrei_Staff deu grana para SkyIce_Br1
Yure_Staff usou /dargrana em Yure_Staff e deu 3000000
Yure_Staff usou /dargrana em Andrei_Staff e deu 3000000
Diego_Staff usou /dargrana em Robert_Brfoce e deu 30000
Diego_Staff usou /dargrana em StorM_Xtreme e deu 20000
Diego_Staff usou /dargrana em Joao_Xtreme e deu 20000
Yure_Staff usou /setgrana em Souza_JS e setou 0
StorM_Xtreme deu grana para GF_ozz
Andrei_Staff deu grana para Math_Raah
Andrei_Staff deu grana para Math_Raah
Naruto_ChD deu grana para Dust_ChD
Diego_Staff usou /dargrana em GF_Matheus e deu 20000
Diego_AmS deu grana para Jhonzao_ChD
Diego_Staff usou /dargrana em Jhonzao_ChD e deu 20000
Andrei_Staff deu grana para Math_Raah
Andrei_Staff deu grana para Math_Raah
Andrei_Staff deu grana para Math_Raah
Andrei_Staff deu grana para Math_Raah
Andrei_Staff deu grana para Math_Raah
Andrei_Staff deu grana para Math_Raah
Jhonzao_ChD deu grana para Dust_ChD
Diego_Staff usou /dargrana em GF_Gugax e deu 20000
Diego_Staff usou /dargrana em GF_FireMark e deu 20000
Diego_Staff usou /dargrana em GF_Luiz e deu 20000
GF_Gugax deu grana para GF_Guilherme
Diego_Staff usou /dargrana em GF_ozz e deu 20000
Diego_Staff usou /dargrana em GF_Gugax e deu 20000
Diego_Staff usou /dargrana em GF_BobEsponja e deu 20000
GF_Luiz deu grana para GF_Matheus
Diego_Staff usou /dargrana em GF_Matheus e deu 10000
GF_Matheus deu grana para GF_Luiz
GF_Luiz deu grana para GF_Gugax
Diego_Staff usou /dargrana em GF_Matheus e deu 30000
GF_Matheus deu grana para GF_Guilherme
GF_ozz deu grana para GF_Guilherme
GF_Gugax deu grana para GF_Luiz
Diego_Staff usou /dargrana em Rafael_Veiga e deu 200000
GF_Guilherme deu grana para GF_wLMaikon
Math_Raah deu grana para Rayana_Yasmin
Diego_Staff usou /dargrana em Sanderson_Bones e deu 20000
Diego_Staff usou /dargrana em Gabriel_Medeiros e deu 20000
Power_ka deu grana para LUCAS_RJ
Diego_Staff usou /dargrana em Mar_cos00 e deu 20000
Diego_Staff usou /dargrana em Tiago_Rs e deu 20000
Christian_Santos deu grana para Lucas_Silva

Luxo_ deu grana para Poker_Brfoce
Diego_Staff usou /dargrana em Diego_AmS e deu 30000


Christian_Santos deu grana para ADV_Marley
Christian_Santos deu grana para ADV_Marley
GF_wLMaikon deu grana para GF_Gugax
GF_Gugax deu grana para GF_wLMaikon
GF_Gugax deu grana para LosT_SiLLenTz
Golinho_Brfoce deu grana para Thosh_xD
Golinho_Brfoce deu grana para Thosh_xD
GF_wLMaikon deu grana para GF_Gugax
Yure_Staff usou /dargrana em Priscilla_Torres e deu 10000000
Yure_Staff usou /dargrana em Thosh_xD e deu 10000
GF_wLMaikon deu grana para GF_Guilherme
Jose_afonsos deu grana para SkyIce_Br1
Andrei_Staff deu grana para Diego_AmS
Andrei_Staff deu grana para Diego_AmS
Andrei_Staff deu grana para Diego_AmS
Andrei_Staff deu grana para Diego_AmS
Andrei_Staff deu grana para Diego_AmS
Andrei_Staff deu grana para Diego_AmS
Andrei_Staff deu grana para GF_wLMaikon
Andrei_Staff deu grana para GF_wLMaikon
Andrei_Staff deu grana para GF_wLMaikon
Andrei_Staff deu grana para GF_wLMaikon
Andrei_Staff deu grana para GF_wLMaikon
Andrei_Staff deu grana para GF_wLMaikon
Andrei_Staff deu grana para GF_wLMaikon
Andrei_Staff deu grana para GF_wLMaikon
Andrei_Staff deu grana para GF_wLMaikon
GF_wLMaikon deu grana para GF_Gugax
Golinho_Brfoce deu grana para Ravengar_br
Jose_afonsos deu grana para Caserta_Vagos
GF_ozz deu grana para Mercador_Mafioso
GF_Luiz deu grana para Mercador_Mafioso
Mercador_Mafioso deu grana para GF_ozz
Mercador_Mafioso deu grana para GF_Luiz
Robert_Brfoce deu grana para Ravengar_br
Jose_afonsos deu grana para gu_paccola
RIVersiD_alessandro deu grana para Igoor_Cerqueira
Renan_Marcolino deu grana para Igoor_Cerqueira
gu_paccola deu grana para Igoor_Cerqueira
Caserta_Vagos deu grana para Igoor_Cerqueira
Jose_afonsos deu grana para Igoor_Cerqueira
Daniel_XD deu grana para Mercador_Mafioso
Brian_Ronaldo Transferido R$2000 to Umbra_Perfect
Mercador_Mafioso deu grana para GF_Luiz
Mercador_Mafioso deu grana para GF_Luiz
Mercador_Mafioso deu grana para GF_Luiz
Mercador_Mafioso deu grana para GF_Luiz
Mercador_Mafioso deu grana para GF_Luiz
Mercador_Mafioso deu grana para GF_Luiz
Mercador_Mafioso deu grana para GF_Luiz
Mercador_Mafioso deu grana para GF_Luiz
Mercador_Mafioso deu grana para GF_Luiz
Mercador_Mafioso deu grana para GF_Luiz
Mercador_Mafioso deu grana para GF_Luiz
Mercador_Mafioso deu grana para GF_Luiz
Jose_afonsos deu grana para Umbra_Perfect
Rafael_Prentice deu grana para GF_Luiz
GF_Guilherme deu grana para Mercador_Mafioso
GF_Guilherme deu grana para Mercador_Mafioso
Naruto_ChD deu grana para Jhonzao_ChD
GF_Guilherme deu grana para Mercador_Mafioso
Rafael_Veiga deu grana para paulo_victor
GF_Gugax deu grana para Mercador_Mafioso
GF_Guilherme deu grana para Mercador_Mafioso
Andrei_Staff usou /dargrana em YuriziN_Staff e deu 3378904
YuriziN_Staff deu grana para Blade_Steel
YuriziN_Staff deu grana para Blade_Steel
YuriziN_Staff deu grana para Blade_Steel
YuriziN_Staff deu grana para Blade_Steel
YuriziN_Staff deu grana para Blade_Steel
YuriziN_Staff deu grana para Blade_Steel
YuriziN_Staff deu grana para Blade_Steel
YuriziN_Staff deu grana para Blade_Steel
YuriziN_Staff deu grana para Blade_Steel
Robert_Brfoce deu grana para Fael_SPK
Andrei_Staff deu grana para Jeffersoon_Matador
Daniel_XD deu grana para Jeffersoon_Matador
Daniel_XD deu grana para Jeffersoon_Matador
GF_ozz deu grana para GF_Gugax
Yure_Staff usou /dargrana em GF_FireMark e deu 1000
Yure_Staff usou /dargrana em Coringa_Phoenix e deu 50000
Gio_Roots deu grana para Rafael_Veiga
Diego_Staff usou /dargrana em GF_Gugax e deu 20000
Diego_Staff usou /dargrana em Lucas_Silva e deu 1000000
YuriziN_Staff deu grana para BoB_Killer
Diego_Staff usou /dargrana em Robert_Brfoce e deu 500000
YuriziN_Staff deu grana para BoB_Killer
Robert_Brfoce deu grana para Tenchu_Rikimaru
Robert_Brfoce deu grana para Black_Brforce
Robert_Brfoce deu grana para Thosh_xD
Robert_Brfoce deu grana para Golinho_Brfoce
Robert_Brfoce deu grana para BoB_Killer
YuriziN_Staff deu grana para Naruto_ChD
YuriziN_Staff deu grana para Naruto_ChD
YuriziN_Staff deu grana para Naruto_ChD
YuriziN_Staff deu grana para Naruto_ChD
YuriziN_Staff deu grana para Naruto_ChD
YuriziN_Staff deu grana para Naruto_ChD
YuriziN_Staff deu grana para Naruto_ChD
YuriziN_Staff deu grana para Naruto_ChD
YuriziN_Staff deu grana para Naruto_ChD
Lucas_Silva deu grana para KICKME_Ass
Naruto_ChD deu grana para YuriziN_ChD
Lucas_Silva deu grana para Joelson_852
Lucas_Silva deu grana para Killer_MaN
Lucas_Silva deu grana para MaTaDoR_NaToOo
Andrei_Staff deu grana para YuriziN_ChD
Andrei_Staff deu grana para YuriziN_ChD
Andrei_Staff deu grana para YuriziN_ChD
Andrei_Staff deu grana para YuriziN_ChD
Andrei_Staff deu grana para YuriziN_ChD
Andrei_Staff deu grana para YuriziN_ChD
Andrei_Staff deu grana para YuriziN_ChD
Rafael_Prentice deu grana para Jeffersoon_Matador
Lucas_Silva deu grana para Christian_Santos
Rafael_Prentice deu grana para Jeffersoon_Matador
Rafael_Prentice deu grana para Jeffersoon_Matador
Math_Raah deu grana para Rayana_Yasmin
Rafael_Veiga deu grana para Winjhol_Sheik
Math_Raah deu grana para Rayana_Yasmin
Priscilla_Torres deu grana para Felipe_CocaCola
Lucas_Silva deu grana para Coringa_Phoenix
Rafael_Veiga deu grana para manix_xxt
Diego_Staff usou /dargrana em Felipe_Moras e deu 20000
Caserta_Vagos deu grana para Menestrel_Acquaplay
Robert_Brfoce deu grana para Ell_Matador
Yan_Firmo deu grana para Menestrel_Acquaplay
Onee_FeniX Transferido R$1000 to IgOr_N
Marcola_VDLK deu grana para Menestrel_Acquaplay
Pedro_VDLK deu grana para Menestrel_Acquaplay
GF_wLMaikon deu grana para GF_Guilherme
Mr_Bruninho deu grana para Power_ka
Marcos_M deu grana para Power_ka
Onee_FeniX deu grana para Power_ka
Priscilla_Torres deu grana para Helinho_Like
Priscilla_Torres deu grana para Helinho_Like
GF_Guilherme deu grana para Helinho_Like
Diego_Staff usou /dargrana em leoguten_pereira e deu 20000
GF_Guilherme deu grana para Helinho_Like
MATADOR_RJ deu grana para Power_ka
Joorgin_orelha deu grana para joe_jonathan
Joorgin_orelha deu grana para joe_jonathan
Lucas_Silva deu grana para Igor_Januario
Rafael_Prentice deu grana para Jeffersoon_Matador
GF_Matheus deu grana para Priscilla_Torres
BrUnO_bRaSiL deu grana para Jeffersoon_Matador
GF_FireMark deu grana para Priscilla_Torres
Rafael_Prentice deu grana para Jeffersoon_Matador
Pucc_a deu grana para Priscilla_Torres
Pucc_a deu grana para Priscilla_Torres
Coringa_Phoenix deu grana para Felipe_CocaCola
Coringa_Phoenix deu grana para Christian_Santos
Lucas_Silva deu grana para Average_Killer
Gio_Roots deu grana para Roger_Reis
Tenchu_Rikimaru deu grana para joao_b
Christian_Santos deu grana para Paulo_Henriquee
Naruto_ChD deu grana para joao_b
Power_ka deu grana para insano_leo
Mr_Bruninho deu grana para insano_leo

YuriziN_Staff deu grana para Alexandre_Bernardo
YuriziN_Staff deu grana para POUCAS_TRANCAS
YuriziN_Staff deu grana para POUCAS_TRANCAS
YuriziN_Staff deu grana para POUCAS_TRANCAS
YuriziN_Staff deu grana para POUCAS_TRANCAS
YuriziN_Staff deu grana para POUCAS_TRANCAS
Yan_Firmo deu grana para Priscilla_Torres
John_SantoS deu grana para Sou_Bakano
Yan_Firmo deu grana para Sou_Bakano
Yan_Firmo deu grana para Priscilla_Torres
Coringa_Phoenix deu grana para John_SantoS
Coringa_Phoenix deu grana para John_SantoS
YuriziN_Staff usou /dargrana em YuriziN_Staff e deu 99999
YuriziN_Staff usou /setgrana em YuriziN_Staff e setou 1000000
YuriziN_Staff usou /setgrana em YuriziN_Staff e setou 10000000
Rafael_Prentice deu grana para Diego_AmS
Diego_AmS deu grana para Rafael_Prentice
Christian_Santos deu grana para Emilio_SWAT
Joao_Civil deu grana para Emilio_SWAT
LUCAS_RJ deu grana para Marcos_M
Caserta_Vagos deu grana para Daniel_Moretto
Andrei_Staff deu grana para Lucas_Alves
Andrei_Staff deu grana para Lucas_Alves
Andrei_Staff deu grana para Lucas_Alves
Andrei_Staff deu grana para Lucas_Alves
Andrei_Staff deu grana para Lucas_Alves
Andrei_Staff deu grana para Lucas_Alves
Andrei_Staff deu grana para Lucas_Alves
Andrei_Staff deu grana para Lucas_Alves
Andrei_Staff deu grana para Lucas_Alves
Andrei_Staff deu grana para Lucas_Alves
Andrei_Staff deu grana para Lucas_Alves
Diego_Staff usou /dargrana em Igoor_Cerqueira e deu 100000
Robert_Brfoce deu grana para Vinny_Brfoce
Robert_Brfoce deu grana para Vinny_Brfoce
Diego_Staff usou /dargrana em Victor_Franco e deu 20000
Andrei_Staff deu grana para Wendel_FeaT
Andrei_Staff deu grana para Wendel_FeaT
Andrei_Staff deu grana para Wendel_FeaT
Andrei_Staff deu grana para Wendel_FeaT
Andrei_Staff deu grana para Wendel_FeaT
Andrei_Staff deu grana para Wendel_FeaT
Andrei_Staff deu grana para Wendel_FeaT
Andrei_Staff deu grana para Wendel_FeaT
Andrei_Staff deu grana para Wendel_FeaT
Andrei_Staff deu grana para Wendel_FeaT
Wendel_FeaT deu grana para TupaC_WalkiiNG
TupaC_WalkiiNG deu grana para Wendel_FeaT
YuriziN_Staff deu grana para Lucas_Silva
YuriziN_Staff deu grana para Lucas_Silva
YuriziN_Staff deu grana para Lucas_Silva
YuriziN_Staff usou /setgrana em Naruto_ChD e setou 10000000
YuriziN_Staff usou /setgrana em Naruto_ChD e setou 10000000
YuriziN_Staff usou /setgrana em Naruto_ChD e setou 10000000
Lucas_Silva deu grana para Maicon_oliveira
Guilherme_Henrique deu grana para Gabriel_Shoow
Diego_Staff usou /dargrana em Marcos_Brforce e deu 20000
Yure_Staff usou /dargrana em belo_santos e deu 1000
Diego_Staff usou /dargrana em Noob_Killer e deu 500000
Yure_Staff usou /dargrana em Luucas_Matheeus e deu 10000
Rafael_Prentice deu grana para Victor_Franco
Rafael_Prentice deu grana para Victor_Franco
Diego_Staff usou /dargrana em Poker_Brfoce e deu 20000
belo_santos deu grana para Danie_ds
Ecko_Oakley deu grana para Ecko_Oakley
Ecko_Oakley deu grana para Ecko_Oakley
Ecko_Oakley deu grana para Ecko_Oakley
Ecko_Oakley deu grana para Ecko_Oakley
Rafael_Veiga deu grana para POUCAS_TRANCAS
Diego_Staff usou /dargrana em DeeN_RooTz e deu 2000
Diego_Staff usou /dargrana em Dieguinho_zika e deu 20000
MuriLo_Olivera deu grana para PauliN_ChD
PauliN_ChD deu grana para MuriLo_Olivera
PauliN_ChD deu grana para MuriLo_Olivera
PauliN_ChD deu grana para MuriLo_Olivera
PauliN_ChD deu grana para MuriLo_Olivera
PauliN_ChD deu grana para MuriLo_Olivera
PauliN_ChD deu grana para MuriLo_Olivera
PauliN_ChD deu grana para MuriLo_Olivera
PauliN_ChD deu grana para MuriLo_Olivera
PauliN_ChD deu grana para MuriLo_Olivera
PauliN_ChD deu grana para MuriLo_Olivera
RIVersiD_alessandro deu grana para Jose_afonsos
Tenchu_Rikimaru deu grana para Bruno_Alves
Daniel_Moretto deu grana para Jose_afonsos
Phx_1 deu grana para Jose_afonsos
gu_paccola deu grana para Jose_afonsos
RIVersiD_alessandro deu grana para Jose_afonsos
Caserta_Vagos deu grana para Jose_afonsos
Renan_Marcolino deu grana para Jose_afonsos
Jose_afonsos deu grana para gu_paccola
Yure_Staff usou /dargrana em LosT_SiLLenTz e deu 4000
Yure_Staff usou /dargrana em Daniel_XD e deu 750000
Phx_1 deu grana para Jose_afonsos
Jose_afonsos deu grana para LosT_SiLLenTz
SkyIce_BrForce deu grana para Jose_afonsos
Jose_afonsos deu grana para LosT_SiLLenTz
Coringa_Phoenix deu grana para Bruno_Alves
YuriziN_Staff deu grana para Lucas_Duarte
YuriziN_Staff deu grana para Lucas_Duarte
YuriziN_Staff deu grana para Lucas_Duarte
YuriziN_Staff deu grana para Lucas_Duarte
YuriziN_Staff deu grana para Lucas_Duarte
YuriziN_Staff deu grana para Lucas_Duarte
YuriziN_Staff deu grana para Lucas_Duarte
YuriziN_Staff deu grana para Lucas_Duarte
YuriziN_Staff deu grana para Lucas_Duarte
YuriziN_Staff usou /setgrana em YuriziN_Staff e setou 999999
YuriziN_Staff usou /setgrana em YuriziN_Staff e setou 9999999
YuriziN_Staff deu grana para Dark_Boy
YuriziN_Staff deu grana para Dark_Boy
YuriziN_Staff deu grana para LosT_SiLLenTz
YuriziN_Staff deu grana para gu_paccola
YuriziN_Staff deu grana para gu_paccola
YuriziN_Staff deu grana para gu_paccola
YuriziN_Staff deu grana para gu_paccola
YuriziN_Staff deu grana para gu_paccola
YuriziN_Staff deu grana para gu_paccola
YuriziN_Staff deu grana para gu_paccola
YuriziN_Staff deu grana para gu_paccola
YuriziN_Staff deu grana para gu_paccola
YuriziN_Staff deu grana para gu_paccola
YuriziN_Staff deu grana para gu_paccola
YuriziN_Staff deu grana para gu_paccola
Christian_Santos deu grana para KICKME_Ass
Jose_afonsos deu grana para Caserta_Vagos
Rafael_Prentice deu grana para Jeffersoon_Matador
GF_wLMaikon deu grana para GF_ozz
GF_wLMaikon deu grana para GF_Luiz
GF_Matheus deu grana para GF_Gugax
YuriziN_Staff usou /editar banco em YuriziN_Staff e setou 1874919424
YuriziN_Staff usou /editar banco em YuriziN_Staff e setou 1874919424
YuriziN_Staff usou /editar banco em YuriziN_Staff e setou 1874919424
YuriziN_Staff usou /editar banco em YuriziN_Staff e setou 1874919424
GF_Luiz deu grana para GF_Gugax
YuriziN_Staff usou /setgrana em Dust_ChD e setou 1215752192
YuriziN_Staff usou /setgrana em Dust_ChD e setou 1215752192
YuriziN_Staff usou /setgrana em Naruto_ChD e setou -1530494976
YuriziN_Staff usou /setgrana em Naruto_ChD e setou -1530494976
YuriziN_Staff usou /setgrana em Naruto_ChD e setou -1530494976
YuriziN_Staff usou /setgrana em Naruto_ChD e setou 160000000
YuriziN_Staff usou /setgrana em YuriziN_ChD e setou 1600000000
YuriziN_Staff usou /editar banco em YuriziN_ChD e setou 1600000000
Rafael_Veiga deu grana para Rafael_Prentice
Lucas_Alves deu grana para Nifty_Winchester
Lucas_Alves deu grana para Nifty_Winchester
BoB_Killer deu grana para Nifty_Winchester
Higor_Nasc deu grana para Jeffersoon_Matador
Higor_Nasc deu grana para Jeffersoon_Matador
SkyIce_BrForce deu grana para Jeffersoon_Matador
SkyIce_BrForce deu grana para Jeffersoon_Matador
Paulo_Henriquee deu grana para Gio_Roots
Yure_Brfoce deu grana para Shipu_Dtona
Robert_Brfoce deu grana para GF_Guilherme
Jose_afonsos deu grana para belo_santos
Jose_afonsos deu grana para belo_santos
belo_santos deu grana para arthur_pjl
Jose_afonsos deu grana para belo_santos
Rafael_Staff usou /dargrana em cristian_jpa e deu 20000
MuriLo_Olivera deu grana para SteealZ_Killer
MuriLo_Olivera deu grana para SteealZ_Killer
PauliN_ChD deu grana para Naruto_ChD

Vito_Like usou /dargrana em Vito_Like e deu 999999
Vito_Like usou /dargrana em Vito_Like e deu 99999999






















































































Chris_Potter usou /dargold em Chris_Potter e deu 14000
Chris_Potter usou /dargold em Chris_Potter e deu 14000
Chris_Potter usou /dargold em Chris_Potter e deu 14000

Vito_Like usou /setgrana em Vito_Like e setou 1
Vito_Like usou /setgrana em Vito_Like e setou 1






Vito_Like usou /setgrana em Vito_Like e setou 10000




Vito_Like usou /setgrana em Vito_Like e setou 100



Vito_Like usou /setgrana em Vito_Like e setou 1

