[9/6/2012] [19:16:3] SMS: /pedircontas, enviou:  para Robert_Brfoce
[9/6/2012] [19:16:3] SMS: que se da minha org, enviou:  para Robert_Brfoce
[9/6/2012] [21:5:18] SMS: diego vey yure me matando eu preso vey pohha essa mano, enviou:  para Robert_Brfoce
[9/6/2012] [21:5:18] SMS: q org, enviou:  para Robert_Brfoce
[9/6/2012] [21:5:18] SMS: jefeso pede execito pra nois pq se eu pedi ele n vai dar n, enviou:  para Robert_Brfoce
[9/6/2012] [21:5:18] SMS: viu ae, enviou:  para Robert_Brfoce
[9/6/2012] [21:5:18] SMS: q org n, enviou:  para Robert_Brfoce
[9/6/2012] [21:5:18] SMS: vc ja tem, enviou:  para Robert_Brfoce
[9/6/2012] [21:5:18] SMS: me tira da prisao? to na pm, enviou:  para Dark_Hole
[9/6/2012] [21:5:18] SMS: me tira da prisao? to na policia civil*, enviou:  para Dark_Hole
[9/6/2012] [21:5:18] SMS: /presos, enviou:  para Dark_Hole
[10/6/2012] [4:58:43] SMS: me deixa pescar em paz viado, enviou:  para Dark_Hole
[10/6/2012] [4:58:43] SMS: ...., enviou:  para Dark_Hole
[10/6/2012] [4:58:43] SMS: q org, enviou:  para Robert_Brfoce
[10/6/2012] [4:58:43] SMS: q org, enviou:  para Robert_Brfoce
[10/6/2012] [4:58:43] SMS: atende skype!, enviou:  para MaZaGa_007
[10/6/2012] [4:58:43] SMS: siter, enviou:  para Robert_Brfoce
[10/6/2012] [4:58:43] SMS: xiter, enviou:  para Robert_Brfoce
[10/6/2012] [4:58:43] SMS: ? cole vc q vim pra org, enviou:  para Robert_Brfoce
[10/6/2012] [4:58:43] SMS: qum vim pra org, enviou:  para Robert_Brfoce
[10/6/2012] [4:58:43] SMS: /at , enviou:  para Robert_Brfoce
[10/6/2012] [4:58:43] SMS: ae saiu viu, enviou:  para Robert_Brfoce
[10/6/2012] [4:58:43] SMS: juniuor, enviou:  para Robert_Brfoce
[12/6/2012] [1:8:43] SMS: sim, enviou:  para Robert_Brfoce
[12/6/2012] [1:8:43] SMS: autima org eu quero, enviou:  para Robert_Brfoce
[12/6/2012] [1:8:43] SMS: mano socio e quanto tempo, enviou:  para Robert_Brfoce
[12/6/2012] [1:8:43] SMS: lol vc ne adm  lol mlz ae dexa, enviou:  para Robert_Brfoce
[12/6/2012] [1:8:43] SMS: vomu mata o yure, enviou:  para Robert_Brfoce
[12/6/2012] [1:8:43] SMS: eu quero segurança, enviou:  para Robert_Brfoce
[12/6/2012] [1:8:43] SMS: me chama pra sua org ae, enviou:  para Robert_Brfoce
[12/6/2012] [1:8:43] SMS: vem ate mim aki moral, enviou:  para Robert_Brfoce
[12/6/2012] [23:22:48] SMS: de hoje que falo la no rc vey , enviou:  para Robert_Brfoce
[12/6/2012] [23:22:48] SMS: qaundo termina me fala , enviou:  para Robert_Brfoce
[12/6/2012] [23:43:37] SMS: iae quau vai ser, enviou:  para Robert_Brfoce
[12/6/2012] [23:43:37] SMS: vey, enviou:  para Robert_Brfoce
[12/6/2012] [23:43:37] SMS: vou vira policia pra nois esbagasa ae, enviou:  para Robert_Brfoce
[12/6/2012] [23:43:37] SMS: ta ae marcos, enviou:  para Robert_Brfoce
[12/6/2012] [23:43:37] SMS: fala no rc, enviou:  para Marcos_Brforce
[12/6/2012] [23:43:37] SMS: tou blokeado, enviou:  para Robert_Brfoce
[12/6/2012] [23:43:37] SMS: yure me esculte no rc '-', enviou:  para Marcos_Brforce
[12/6/2012] [23:43:37] SMS: ta ond?, enviou:  para Rafael_Prentice
[12/6/2012] [23:43:37] SMS: aki na sua hq, enviou:  para Poker_Brfoce
[12/6/2012] [23:43:37] SMS: ?, enviou:  para Rafael_Prentice
[12/6/2012] [23:43:37] SMS: ta me ouvindo ae ?, enviou:  para Robert_Brfoce
[12/6/2012] [23:43:37] SMS: e]me joga, enviou:  para Marcos_Brforce
[12/6/2012] [23:43:37] SMS: onde?, enviou:  para Rafael_Prentice
[12/6/2012] [23:43:37] SMS: HQ, enviou:  para Poker_Brfoce
[12/6/2012] [23:43:37] SMS: na sua?, enviou:  para Rafael_Prentice
[12/6/2012] [23:43:37] SMS: uU, enviou:  para Robert_Brfoce
[12/6/2012] [23:43:37] SMS: aond?, enviou:  para Rafael_Prentice
[12/6/2012] [23:43:37] SMS: ta aond?, enviou:  para Rafael_Prentice
[12/6/2012] [23:43:37] SMS: aki na loja de arma ai perto a 1 parece, enviou:  para Poker_Brfoce
[12/6/2012] [23:43:37] SMS: prensei que nois era parc --', enviou:  para Rafael_Prentice
[12/6/2012] [23:43:37] SMS: prensei veio.', enviou:  para Rafael_Prentice
[12/6/2012] [23:43:37] SMS: concordo com vc diego paz no serve , enviou:  para KICKME_Ass
[12/6/2012] [23:43:37] SMS: shuhsusai de boa, enviou:  para Rafael_Prentice
[12/6/2012] [23:43:37] SMS: essa  policia de qu aew kk', enviou:  para Rafael_Prentice
[12/6/2012] [23:43:37] SMS: diego da a policia fereral, enviou:  para Robert_Brfoce
[12/6/2012] [23:43:37] SMS: vem aki pra nois fazer uma ronda marcos minha hq, enviou:  para Robert_Brfoce
[12/6/2012] [23:43:37] SMS: yure amanha vou ae leva o dinheiro do socio, enviou:  para Robert_Brfoce
[12/6/2012] [23:43:37] SMS: q vim pra policia do sub, enviou:  para Robert_Brfoce
[12/6/2012] [23:43:37] SMS: VLW PELA AJUD, enviou:  para Rafael_Prentice
[12/6/2012] [23:43:37] SMS: de boa, enviou:  para Lucas_Silva
[12/6/2012] [23:43:37] SMS: que ser policia mais eu ?, enviou:  para Robert_Brfoce
[12/6/2012] [23:43:37] SMS: DESCUPA MANOW CONTRARTO EM VC ..' N POSSO FALAR MAIS VO,.', enviou:  para Rafael_Prentice
[12/6/2012] [23:43:37] SMS: boa sorte, enviou:  para Lucas_Silva
[12/6/2012] [23:43:37] SMS: estou aki na minha hq , enviou:  para Lucas_Silva
[12/6/2012] [23:43:37] SMS: pode vir, enviou:  para Lucas_Silva
[12/6/2012] [23:43:37] SMS: VO SAIR VLW S2, enviou:  para Rafael_Prentice
[12/6/2012] [23:43:37] SMS: Boa noite meu bom vo dormi , enviou:  para Lucas_Silva
[12/6/2012] [23:43:37] SMS: boa noite , enviou:  para Lucas_Silva
[12/6/2012] [23:43:37] SMS: foi mal pq ele estava com um alto nivel de procurado, enviou:  para Lucas_Silva
[12/6/2012] [23:43:37] SMS: o meu tinha travado, enviou:  para Emilio_SWAT
[12/6/2012] [23:43:37] SMS: kkk, enviou:  para Lucas_Silva
[12/6/2012] [23:43:37] SMS: TO NA BASE, enviou:  para Emilio_SWAT
[12/6/2012] [23:43:37] SMS: fika ae to indo, enviou:  para Lucas_Silva
[12/6/2012] [23:43:37] SMS: vamos treina o enquadramento?, enviou:  para Emilio_SWAT
[12/6/2012] [23:43:37] SMS: VOLTA PRA LA, enviou:  para Emilio_SWAT
[12/6/2012] [23:43:37] SMS: la onde ?, enviou:  para Lucas_Silva
[12/6/2012] [23:43:37] SMS: VAI PRA BASE TO INDO LA, enviou:  para Emilio_SWAT
[12/6/2012] [23:43:37] SMS: TO NA BASE, enviou:  para Emilio_SWAT
[12/6/2012] [23:43:37] SMS: VEM, enviou:  para Emilio_SWAT
[12/6/2012] [23:43:37] SMS: volta, enviou:  para Emilio_SWAT
[12/6/2012] [23:43:37] SMS: se me deixo, enviou:  para Emilio_SWAT
[12/6/2012] [23:43:37] SMS: kd vc ?, enviou:  para Lucas_Silva
[12/6/2012] [23:43:37] SMS: se me largo, enviou:  para Emilio_SWAT
[12/6/2012] [23:43:37] SMS: red coutry, enviou:  para Emilio_SWAT
[12/6/2012] [23:43:37] SMS: pega o arikon ta dirigindo sem carteira, enviou:  para Emilio_SWAT
[12/6/2012] [23:43:37] SMS: cade voce?, enviou:  para Emilio_SWAT
[12/6/2012] [23:43:37] SMS: kd vc ?, enviou:  para Lucas_Silva
[12/6/2012] [23:43:37] SMS: caiu de novo vem me busca aki, enviou:  para Emilio_SWAT
[12/6/2012] [23:43:37] SMS: vem to na base militar, enviou:  para Emilio_SWAT
[12/6/2012] [23:43:37] SMS: kd vocxe?, enviou:  para Emilio_SWAT
[12/6/2012] [23:43:37] SMS: vem onde se equipa, enviou:  para Lucas_Silva
[12/6/2012] [23:43:37] SMS: ta, enviou:  para Emilio_SWAT
[12/6/2012] [23:43:37] SMS: vem logo, enviou:  para Lucas_Silva
[12/6/2012] [23:43:37] SMS: cade voce, enviou:  para Emilio_SWAT
[12/6/2012] [23:43:37] SMS: onde se ta/, enviou:  para Emilio_SWAT
[12/6/2012] [23:43:37] SMS: contrato em vc :/, enviou:  para Rafael_Prentice
[12/6/2012] [23:43:37] SMS: TO NO MORRO, enviou:  para Lucas_Silva
[12/6/2012] [23:43:37] SMS: BOA SORTE, enviou:  para Lucas_Silva
[12/6/2012] [23:43:37] SMS: KD VC ?, enviou:  para Lucas_Silva
[12/6/2012] [23:43:37] SMS: pera, enviou:  para Rafael_Prentice
[12/6/2012] [23:43:37] SMS: VEM NA BASE VAMO JUNTA E FAZE RONDA, enviou:  para Emilio_SWAT
[12/6/2012] [23:43:37] SMS: SEGURA AE MINHA CABEÇA ESTA A PREMIO, enviou:  para Lucas_Silva
[12/6/2012] [23:43:37] SMS: AE PELA 1° VEZ, enviou:  para Lucas_Silva
[12/6/2012] [23:43:37] SMS: VEM TO ESPERANDO DO LADO DE FORA, enviou:  para Emilio_SWAT
[12/6/2012] [23:43:37] SMS: JA TE MATEIS  2 VEIS MANOW E CE NUNK ME MATO, enviou:  para Rafael_Prentice
[12/6/2012] [23:43:37] SMS: PODE IR EU NAO VO NAO  SO NAO FAZ MERDA, enviou:  para Lucas_Silva
[12/6/2012] [23:43:37] SMS: otario, enviou:  para Rafael_Prentice
[12/6/2012] [23:43:37] SMS: pra zip rapido OOOOOOO, enviou:  para Emilio_SWAT
[12/6/2012] [23:43:37] SMS: MATEI O CARA QUE ROBO O BANCO, enviou:  para Emilio_SWAT
[12/6/2012] [23:43:37] SMS: solta eu , enviou:  para Ariloko_Brforce
[12/6/2012] [23:43:37] SMS: /pedircontas, enviou:  para Robert_Brfoce
[12/6/2012] [23:43:37] SMS: Oficial nos Militares estamos pedindo sua ajuda paara Matar doi, enviou:  para Emilio_SWAT
[12/6/2012] [23:43:37] SMS: E o Matador e KillerMan, enviou:  para Emilio_SWAT
[12/6/2012] [23:43:37] SMS: pera ae 1 minuto em sua base, enviou:  para Robert_Brfoce
[12/6/2012] [23:43:37] SMS: Van faze ronda, enviou:  para Emilio_SWAT
[12/6/2012] [23:43:37] SMS: Lucas porque me tiro da Policia?, enviou:  para Emilio_SWAT
[12/6/2012] [23:43:37] SMS: pq tem muitos pm no server, enviou:  para Lucas_Silva
[12/6/2012] [23:43:37] SMS: mas pq tira logo eu?, enviou:  para Emilio_SWAT
[12/6/2012] [23:43:37] SMS: depois eu te chamo dnovo, enviou:  para Lucas_Silva
[12/6/2012] [23:43:37] SMS: Manda denovo vo sai agr, enviou:  para Emilio_SWAT
[12/6/2012] [23:43:37] SMS: cole bruto trosse 3 pro serve, enviou:  para Andrei_Staff
[12/6/2012] [23:43:37] SMS: e essa staff rola ?, enviou:  para Andrei_Staff
[12/6/2012] [23:43:37] SMS: tamos no outro rc, enviou:  para Andrei_Staff
[12/6/2012] [23:43:37] SMS: n da em nada andrey, enviou:  para Ariloko_Brforce
[12/6/2012] [23:43:37] SMS: /pedircontas, enviou:  para Robert_Brfoce
[12/6/2012] [23:43:37] SMS: /pedircontas, enviou:  para Robert_Brfoce
[12/6/2012] [23:43:37] SMS: /pedircontas, enviou:  para Robert_Brfoce
[12/6/2012] [23:43:37] SMS: guentai, enviou:  para Andrei_Staff
[12/6/2012] [23:43:37] SMS: me convida, enviou:  para Andrei_Staff
[12/6/2012] [23:43:37] SMS: convida, enviou:  para Andrei_Staff
[12/6/2012] [23:43:37] SMS: blz man espero :), enviou:  para Rafael_Prentice
[12/6/2012] [23:43:37] SMS: ja achei uma casa, enviou:  para Robert_Brfoce
[12/6/2012] [23:43:37] SMS: man ja achei uma casa vey se eu bota neon fica pra sempre ?, enviou:  para Robert_Brfoce
[12/6/2012] [23:43:37] SMS: ei chaama pra orgs, enviou:  para Ariloko_Brforce
[12/6/2012] [23:43:37] SMS: ei chama pra orgs to rc -', enviou:  para Ariloko_Brforce
[12/6/2012] [23:43:37] SMS: ss forum equipando em combat, enviou:  para Rafael_Prentice
[12/6/2012] [23:43:37] SMS: que ?, enviou:  para Lucas_Silva
[12/6/2012] [23:43:37] SMS: manin vem vcs 2  ake na hq so para eu  gravar video  de x1?, enviou:  para Rafael_Prentice
[12/6/2012] [23:43:37] SMS: qual hq ?, enviou:  para Lucas_Silva
[12/6/2012] [23:43:37] SMS: vem manow pausei o video, enviou:  para Rafael_Prentice
[12/6/2012] [23:43:37] SMS: abre o portao da hq, enviou:  para Lucas_Silva
[12/6/2012] [23:43:37] SMS: af  cad vcs, enviou:  para Rafael_Prentice
[12/6/2012] [23:43:37] SMS: quem me mato ?, enviou:  para Lucas_Silva
[12/6/2012] [23:43:37] SMS: o kar ala, enviou:  para Rafael_Prentice
[12/6/2012] [23:43:37] SMS: fui preso, enviou:  para Rafael_Prentice
[12/6/2012] [23:43:37] SMS: qual dp, enviou:  para Lucas_Silva
[12/6/2012] [23:43:37] SMS: federal;', enviou:  para Rafael_Prentice
[12/6/2012] [23:43:37] SMS: ia fala q ainda bem que nosas nega fico amiga, enviou:  para Robert_Brfoce
[12/6/2012] [23:43:37] SMS: federal :(, enviou:  para Rafael_Prentice
[12/6/2012] [23:43:37] SMS: vey essa cara que ta com nois tou cargo quanto pra ele 1 2 3 ou, enviou:  para Robert_Brfoce
[12/6/2012] [23:43:37] SMS: chama pra org, enviou:  para Ariloko_Brforce
[12/6/2012] [23:43:37] SMS: vey tou q cargo pra ele 1 2 3 ou 4 , enviou:  para Robert_Brfoce
[12/6/2012] [23:43:37] SMS: ond ce t, enviou:  para Rafael_Prentice
[12/6/2012] [23:43:37] SMS: pprefeitura, enviou:  para Lucas_Silva
[12/6/2012] [23:43:37] SMS: CADE VOCE ?, enviou:  para Souza_JS
[12/6/2012] [23:43:37] SMS: vem aqui mano, enviou:  para Souza_JS
[12/6/2012] [23:43:37] SMS: ajud a pega o id 10?, enviou:  para Rafael_Prentice
[12/6/2012] [23:43:37] SMS: to de folga man daqui ap poco eu volto , enviou:  para KICKME_Ass
[12/6/2012] [23:43:37] SMS: ei escreve pra min ver como q é pra eu pegar 1 taxi, enviou:  para SkyIce_Br
[12/6/2012] [23:43:37] SMS: /servico taxi, enviou:  para Robert_Brfoce
[12/6/2012] [23:43:37] SMS: vms dnv?, enviou:  para Rafael_Prentice
[12/6/2012] [23:43:37] SMS: ta aond?, enviou:  para Rafael_Prentice
[12/6/2012] [23:43:37] SMS: hq, enviou:  para KICKME_Ass
[12/6/2012] [23:43:37] SMS: to no meu hq te esperando , enviou:  para KICKME_Ass
[12/6/2012] [23:43:37] SMS: estuda os comandos quando solber tu vem, enviou:  para Souza_JS
[12/6/2012] [23:43:37] SMS: ei chama pra org?, enviou:  para Ariloko_Brforce
[14/6/2012] [2:43:51] SMS: Ei eu pago pra vocÊ me tirar da cadeia., enviou:  para SkyIce_Br
[14/6/2012] [2:43:51] SMS: JA LEU O MANUAL NO SITE ?, enviou:  para Souza_JS
[14/6/2012] [2:43:51] SMS: vo ler n sabia q vc tinha postadow, enviou:  para Renner_Gordo
[14/6/2012] [2:43:51] SMS: TA POSTADO LA, LEIA TUDO DECORE E VENHA FAZER, enviou:  para Souza_JS
[14/6/2012] [2:43:51] SMS: li to indo aew, enviou:  para Renner_Gordo
[14/6/2012] [2:43:51] SMS: to aki ja, enviou:  para Renner_Gordo
[14/6/2012] [2:43:51] SMS: cade vc?, enviou:  para Renner_Gordo
[14/6/2012] [2:43:51] SMS: espera ai , enviou:  para Souza_JS
[14/6/2012] [2:43:51] SMS: vai fazer o teste ?, enviou:  para Souza_JS
[14/6/2012] [2:43:51] SMS: gosto nao viiado ?, enviou:  para Souza_JS
[14/6/2012] [2:43:51] SMS: tomo nerd, enviou:  para Rafael_Prentice
[14/6/2012] [2:43:51] SMS: saiu pq ?, enviou:  para Souza_JS
[14/6/2012] [2:43:51] SMS: kkk nois xiter nois veio vuado nb eu vo posta forum ss  contrat, enviou:  para Rafael_Prentice
[14/6/2012] [2:43:51] SMS: vai ver nerd., enviou:  para Rafael_Prentice
[14/6/2012] [2:43:51] SMS: moto vuar ? kkkkkkkkkkkkkkkk eu vuei? e  bug teu esse teu pc  r, enviou:  para Rafael_Prentice
[14/6/2012] [2:43:51] SMS: fumo mt  nois tava te seugind com  detetive nb, enviou:  para Rafael_Prentice
[14/6/2012] [2:43:51] SMS: eo tbm manow diego sabe que n so  xiter ele e meo amg, enviou:  para Rafael_Prentice
[14/6/2012] [2:43:51] SMS: ce acha que ele vai me banir manow n so xiter tirei ss  de vc f, enviou:  para Rafael_Prentice
[14/6/2012] [2:43:51] SMS: gov indevido, enviou:  para Rafael_Prentice
[14/6/2012] [2:43:51] SMS: kk novato e assim msm, enviou:  para Rafael_Prentice
[14/6/2012] [2:43:51] SMS: TIREI SS NB KKK' DE VC MATANDO COM ISTITO, enviou:  para Rafael_Prentice
[14/6/2012] [2:43:51] SMS: tirei ss vc siando pra nao ser preso, enviou:  para Felipe_Matador
[14/6/2012] [2:43:51] SMS: TIRA A VONTADE KKK' N POD MATAR COM INSTINTO , enviou:  para Rafael_Prentice
[14/6/2012] [2:43:51] SMS: tira la, enviou:  para Felipe_Matador
[14/6/2012] [2:43:51] SMS: VAI PERDE LIDER MANOW 3 SS DE VC GOV INDEVIDO, enviou:  para Rafael_Prentice
[14/6/2012] [2:43:51] SMS: SAINDO PARA EU N CUMPRI CONTRATO MATANDO COM INSENTO, enviou:  para Rafael_Prentice
[14/6/2012] [2:43:51] SMS: qual pior Usando xiter Saindo do jogo pra nao ser preso ou vuar, enviou:  para Felipe_Matador
[14/6/2012] [2:43:51] SMS: EU DEI ESC NB KKK', enviou:  para Rafael_Prentice
[14/6/2012] [2:43:51] SMS: a esc en x1, enviou:  para Felipe_Matador
[14/6/2012] [2:43:51] SMS: SS DNV MOTIVO : DB, enviou:  para Rafael_Prentice
[14/6/2012] [2:43:51] SMS: AITO COM G NA MOTO EM X1 OTARIO PENSA QUE SO BABACA, enviou:  para Rafael_Prentice
[14/6/2012] [2:43:51] SMS: convida org?, enviou:  para Sou_Azarado
[14/6/2012] [15:13:46] SMS: seligue jefesom vc que chamo eles vc fala pra eles se reuni tod, enviou:  para Robert_Brfoce
[14/6/2012] [15:13:46] SMS: po desculpa, enviou:  para Sou_Azarado
[14/6/2012] [15:13:46] SMS: po desculpa me deram bazuca ai fiquei loco, enviou:  para Sou_Azarado
[14/6/2012] [15:13:46] SMS: nb n  sabe descobri lag kkkkkkk', enviou:  para Rafael_Prentice
[14/6/2012] [15:13:46] SMS: relogando pra nao ser preso ant rpg, enviou:  para Sou_Azarado
[14/6/2012] [15:13:46] SMS: xiter meo pal sues fracos, enviou:  para Rafael_Prentice
[14/6/2012] [15:13:46] SMS: ONDE Ta o Lucas_Silva?, enviou:  para Emilio_SWAT
[14/6/2012] [15:13:46] SMS: quand eu te pega sozinho ja era., enviou:  para Rafael_Prentice
[14/6/2012] [15:13:46] SMS: TIREI SS, FDP!, enviou:  para Evan_Rosier
[14/6/2012] [15:13:46] SMS: otario so se juntand .' kkkkkkkkkkkkkkkkkk[, enviou:  para Rafael_Prentice
[14/6/2012] [15:13:46] SMS: Yuri me troca da policia militar para o FBI?, enviou:  para Emilio_SWAT
[14/6/2012] [15:13:46] SMS: Teste pra SOA?, enviou:  para Evan_Rosier
[14/6/2012] [15:13:46] SMS: COMO TROCA SKIN?, enviou:  para Emilio_SWAT
[14/6/2012] [15:13:46] SMS: Tem vagas de Helpers? (Moderadores), enviou:  para Theo_xD
[14/6/2012] [15:13:46] SMS: o cara é dono de uma gang e nao sabe como compra nivel, enviou:  para rafael_ranzani
[14/6/2012] [15:13:46] SMS: vhiad, enviou:  para Rafael_Prentice
[14/6/2012] [15:13:46] SMS: ei me tirea da cadeia amor, enviou:  para Ari_Brforce
[14/6/2012] [15:13:46] SMS: ae, enviou:  para Ariloko_Brforce
[14/6/2012] [15:13:46] SMS: e ai Lucas, enviou:  para Emilio_SWAT
[14/6/2012] [15:13:46] SMS: coe rafael entao queria saber se vc ta afim de entrar pra polic, enviou:  para KICKME_Ass
[14/6/2012] [15:13:46] SMS: EAE FIKA AE NA HQ, enviou:  para Lucas_Silva
[14/6/2012] [15:13:46] SMS: ta, enviou:  para Emilio_SWAT
[14/6/2012] [15:13:46] SMS: andrey manda pra mim exercito ?, enviou:  para Ariloko_Brforce
[14/6/2012] [15:13:46] SMS: s, enviou:  para Andrei_Staff
[14/6/2012] [15:13:46] SMS: VEM LOGO, enviou:  para Emilio_SWAT
[14/6/2012] [15:13:46] SMS: KD VOCE, enviou:  para Emilio_SWAT
[14/6/2012] [15:13:46] SMS: vem pra ca, enviou:  para Robert_Brfoce
[14/6/2012] [15:13:46] SMS: VOLTEI KD VOCE?, enviou:  para Emilio_SWAT
[14/6/2012] [15:13:46] SMS: HQ BOPE VEM APE TA , enviou:  para Lucas_Silva
[14/6/2012] [15:13:46] SMS: SE TA EM Q hq?, enviou:  para Emilio_SWAT
[14/6/2012] [15:13:46] SMS: BOPE, enviou:  para Lucas_Silva
[14/6/2012] [15:13:46] SMS: SAI PRA FORA DELE PRA EU TE RASTREA, enviou:  para Emilio_SWAT
[14/6/2012] [15:13:46] SMS: da senha, enviou:  para Marcos_Brforce
[14/6/2012] [15:13:46] SMS: LUCAS POSSO VASCULHA O HQ DELES?, enviou:  para Emilio_SWAT
[14/6/2012] [15:13:46] SMS: VAI LAH, enviou:  para Lucas_Silva
[14/6/2012] [15:13:46] SMS: MAS N VAI SEM MIN, enviou:  para Emilio_SWAT
[14/6/2012] [15:13:46] SMS: vamos atras de procurados., enviou:  para Marcos_Brforce
[14/6/2012] [15:13:46] SMS: vo colocar rlx, enviou:  para Andrei_Staff
[14/6/2012] [15:13:46] SMS: ja erea, enviou:  para Andrei_Staff
[14/6/2012] [15:13:46] SMS: so dps, enviou:  para Andrei_Staff
[14/6/2012] [15:13:46] SMS: QUERO SKIN 124, enviou:  para Renan_Marcolino
[14/6/2012] [15:13:46] SMS: QUERO SKIN NUMERO 124 POR FAVOR, enviou:  para Renan_Marcolino
[14/6/2012] [15:13:46] SMS: CARA? DA PRA ME RESPONDE?, enviou:  para Renan_Marcolino
[14/6/2012] [15:13:46] SMS: manin nao achei nada de sujeito pode entrar la no seu manual qu, enviou:  para Christian_Santos
[14/6/2012] [15:13:46] SMS: que voce nao achara, enviou:  para Christian_Santos
[14/6/2012] [15:13:46] SMS: e se eu vor la e achar, enviou:  para Lucas_Silva
[14/6/2012] [15:13:46] SMS: mais e serio nao tem nada escrito sujeito , se for escrito de o, enviou:  para Christian_Santos
[14/6/2012] [15:13:46] SMS: mais e serio naooutra tradução me fale a tradução, enviou:  para Christian_Santos
[14/6/2012] [15:13:46] SMS: e serio irmao eu juro sou doido pra ser civil me ajuda, enviou:  para Christian_Santos
[14/6/2012] [15:13:46] SMS: vai me ajudar irmao, enviou:  para Christian_Santos
[14/6/2012] [15:13:46] SMS: le o manual dnvo e depois me procura, enviou:  para Lucas_Silva
[14/6/2012] [15:13:46] SMS: ta bugado no chão man, enviou:  para Marcos_Brforce
[14/6/2012] [15:13:46] SMS: OIA RAIDCALL, enviou:  para Jose_afonsos
[14/6/2012] [15:13:46] SMS: POA RAIDDCALL, enviou:  para Jose_afonsos
[14/6/2012] [15:13:46] SMS: su e : ooc essas coisas ? ( So uma pergunta ), enviou:  para Christian_Santos
[14/6/2012] [15:13:46] SMS: ou /Handsup essas paradinhas, enviou:  para Christian_Santos
[14/6/2012] [15:13:46] SMS: cara , enviou:  para Lucas_Silva
[14/6/2012] [15:13:46] SMS: faala, enviou:  para Christian_Santos
[14/6/2012] [15:13:46] SMS: le o manualllll, enviou:  para Lucas_Silva
[14/6/2012] [15:13:46] SMS: eu nao achei o titulo Sujeitos naooo , me entenda, enviou:  para Christian_Santos
[14/6/2012] [15:13:46] SMS: su fuga , su assasinato , su roubo , su sop , su dop , enviou:  para Christian_Santos
[14/6/2012] [15:13:46] SMS: / / / /  / / / , enviou:  para Rafael_Veiga
[14/6/2012] [15:13:46] SMS: /handsup, enviou:  para Rafael_Veiga
[14/6/2012] [15:13:46] SMS: que vim pra hamas mais tem de ser fiel, enviou:  para Robert_Brfoce
[14/6/2012] [15:13:46] SMS: solta id 2, enviou:  para Robert_Brfoce
[14/6/2012] [15:13:46] SMS: manda ele me ligar, enviou:  para Rafael_Veiga
[14/6/2012] [15:13:46] SMS: ele ta sem celular, enviou:  para Robert_Brfoce
[14/6/2012] [15:13:46] SMS: qual hq voceis tao ?, enviou:  para Rafael_Veiga
[14/6/2012] [15:13:46] SMS: policia civel solta id2 so, enviou:  para Robert_Brfoce
[14/6/2012] [15:13:46] SMS: kd vc man , enviou:  para KICKME_Ass
[14/6/2012] [15:13:46] SMS: me puxa pra sala, enviou:  para Marcos_Brforce
[14/6/2012] [15:13:46] SMS: cole jose traiu nois, enviou:  para Robert_Brfoce
[14/6/2012] [15:13:46] SMS: marcos vem pra fica com nois, enviou:  para Robert_Brfoce
[14/6/2012] [15:13:46] SMS: tira socio poe vip pra eu comprar carro, enviou:  para Rafael_Veiga
[14/6/2012] [15:13:46] SMS: daki pode bazuca, enviou:  para Robert_Brfoce
[14/6/2012] [15:13:46] SMS: yure me bota na sala do rc, enviou:  para Marcos_Brforce
[14/6/2012] [15:13:46] SMS: yure me bota na sala do rcccccccccccccccccccccccccccccccccc, enviou:  para Marcos_Brforce
[14/6/2012] [15:13:46] SMS: me tira aki pufavor niguem nem vai ver, enviou:  para Robert_Brfoce
[14/6/2012] [15:13:46] SMS: dei cargo 5, enviou:  para Robert_Brfoce
[14/6/2012] [15:13:46] SMS: quando eu falo isso que eu falei lembro de vc *-*, enviou:  para Robert_Brfoce
[14/6/2012] [15:13:46] SMS: kkkkkkkkkk, enviou:  para Marcos_Brforce
[14/6/2012] [15:13:46] SMS: Parceiro voce esta aonde ? , enviou:  para Christian_Santos
[15/6/2012] [4:10:23] SMS: Só na correria parceiro ?, enviou:  para Rafael_Veiga
[15/6/2012] [4:10:23] SMS: nem mano ninguem chama taxi =/, enviou:  para Renner_Gordo
[15/6/2012] [4:10:23] SMS: no começo é tenso cara ., enviou:  para Rafael_Veiga
[15/6/2012] [4:10:23] SMS: me tira da cadeia amigo, enviou:  para Edurado_Neves
[15/6/2012] [4:10:23] SMS: preciso de taxi fica em corrida ai, enviou:  para Rafael_Veiga
[15/6/2012] [4:10:23] SMS: preciso de taxi fica em corrida ai, enviou:  para Rafael_Veiga
[15/6/2012] [4:10:23] SMS: hás vaga quero entrar pra gg, enviou:  para Coringa_Phoenix
[15/6/2012] [4:10:23] SMS: ei os bancos q eu deposico minha grana , enviou:  para Ariloko_Brforce
[15/6/2012] [4:10:23] SMS: sao contas diferentes?, enviou:  para Ariloko_Brforce
[15/6/2012] [12:21:44] SMS: koe mlk !, enviou:  para Souza_JS
[15/6/2012] [12:21:44] SMS: to baixando Key Binder só 1 min., enviou:  para Coringa_Phoenix
[15/6/2012] [12:21:44] SMS: QUEM E ?, enviou:  para Souza_JS
[15/6/2012] [12:21:44] SMS: sad, enviou:  para rafael_ranzani
[15/6/2012] [12:21:44] SMS: que vim pra hamas ?, enviou:  para Robert_Brfoce
[15/6/2012] [12:21:44] SMS: vaga ?, enviou:  para Coringa_Phoenix
[15/6/2012] [12:21:44] SMS: lost passeiro vem pra hamas da uma fossa aki , enviou:  para Robert_Brfoce
[15/6/2012] [12:21:44] SMS: pode me arruma dinheiro yure?, enviou:  para Ari_Brforce
[15/6/2012] [12:21:44] SMS: s, enviou:  para Andrei_Staff
[15/6/2012] [12:21:44] SMS: SO ESPERAR, enviou:  para Andrei_Staff
[15/6/2012] [12:21:44] SMS: vende droga?, enviou:  para rafael_ranzani
[15/6/2012] [12:21:44] SMS: man espera ai quero falar com vc, enviou:  para Marcos_Brforce
[15/6/2012] [12:21:44] SMS: calma aguarda, enviou:  para Andrei_Staff
[15/6/2012] [12:21:44] SMS: aguarda uma hora, enviou:  para Andrei_Staff
[15/6/2012] [12:21:44] SMS: tem vaga de sub/lider ?, enviou:  para Coringa_Phoenix
[15/6/2012] [12:21:44] SMS: vaga pra sub ?, enviou:  para Coringa_Phoenix
[15/6/2012] [12:21:44] SMS: atende ae pow , enviou:  para Robert_Brfoce
[15/6/2012] [12:21:44] SMS: vc que vim pra ca de novo, enviou:  para Robert_Brfoce
[15/6/2012] [12:21:44] SMS: CONVIDA, enviou:  para Randal_RobaCena
[15/6/2012] [12:21:44] SMS: GO terminar x1 ((:, enviou:  para Evan_Rosier
[15/6/2012] [12:21:44] SMS: mano cade vc ? preciso falar com vc =x, enviou:  para Kick_RobaCena
[15/6/2012] [12:21:44] SMS: iae q vim , enviou:  para Robert_Brfoce
[15/6/2012] [12:21:44] SMS: baixou ?, enviou:  para Marcos_Brforce
[15/6/2012] [12:21:44] SMS: é qual raidecall ?, enviou:  para Coringa_Phoenix
[15/6/2012] [12:21:44] SMS: raidcall, enviou:  para Marcos_Brforce
[15/6/2012] [12:21:44] SMS: to baixando 1 aqui kkkkkk, enviou:  para Coringa_Phoenix
[15/6/2012] [12:21:44] SMS: blz kk, enviou:  para Marcos_Brforce
[15/6/2012] [12:21:44] SMS: vem aki na hq, enviou:  para Marcos_Brforce
[15/6/2012] [12:21:44] SMS: NUNCA CONFIE EM UM HITMAN, enviou:  para PauliN_ChD
[15/6/2012] [12:21:44] SMS: ari man vc vai sai mesmu e man ?, enviou:  para Robert_Brfoce
[15/6/2012] [12:21:44] SMS: to na frente da sua hq, enviou:  para Marcos_Brforce
[15/6/2012] [12:21:44] SMS: vem ka, enviou:  para Marcos_Brforce
[15/6/2012] [12:21:44] SMS: em ari vc vai sai mesmu e ?, enviou:  para Robert_Brfoce
[15/6/2012] [12:21:44] SMS: vai ate o hq do bope, enviou:  para Lucas_Silva
[15/6/2012] [12:21:44] SMS: saiu pq, enviou:  para Robert_Brfoce
[15/6/2012] [12:21:44] SMS: blz qual seu nome la ??/ e qual sala vc tá ?, enviou:  para Marcos_Brforce
[15/6/2012] [12:21:44] SMS: coringa ???, enviou:  para Marcos_Brforce
[15/6/2012] [12:21:44] SMS: recepição, enviou:  para Coringa_Phoenix
[15/6/2012] [12:21:44] SMS: vc que é paulo roberto ?, enviou:  para Marcos_Brforce
[15/6/2012] [12:21:44] SMS: Coringa Phoenix eu to na recepição, enviou:  para Coringa_Phoenix
[15/6/2012] [12:21:44] SMS: n e maios da policia?, enviou:  para Emilio_SWAT
[15/6/2012] [12:21:44] SMS: voce nao e mais da policia?, enviou:  para Emilio_SWAT
[15/6/2012] [12:21:44] SMS: so sim man, enviou:  para Lucas_Silva
[15/6/2012] [12:21:44] SMS: vms faze ronda?, enviou:  para Emilio_SWAT
[15/6/2012] [12:21:44] SMS: agente ta terminando de ageita isso e agente bota pra voce agua, enviou:  para Andrei_Staff
[15/6/2012] [12:21:44] SMS: sim, enviou:  para Lucas_Silva
[15/6/2012] [12:21:44] SMS: to indo pro hq, enviou:  para Emilio_SWAT
[15/6/2012] [12:21:44] SMS: vagas, enviou:  para Igor_Januario
[15/6/2012] [12:21:44] SMS: sim, enviou:  para Lucas_Silva
[15/6/2012] [12:21:44] SMS: ta hq ?, enviou:  para Igor_Januario
[15/6/2012] [12:21:44] SMS: nao mais vai para la, enviou:  para Lucas_Silva
[15/6/2012] [12:21:44] SMS: to aqui já, enviou:  para Igor_Januario
[15/6/2012] [12:21:44] SMS: vc q contrato esse cara ai , enviou:  para KICKME_Ass
[15/6/2012] [12:21:44] SMS: ok, enviou:  para Coringa_Phoenix
[15/6/2012] [12:21:44] SMS: diego e brincadeiro eu so mate 4 policial sem usa bazuca de per, enviou:  para Robert_Brfoce
[15/6/2012] [12:21:44] SMS: ´posta manual forum =D, enviou:  para Andrei_Staff
[15/6/2012] [12:21:44] SMS: sim posta manual forum, enviou:  para Andrei_Staff
[15/6/2012] [12:21:44] SMS: so aguarda, enviou:  para Andrei_Staff
[15/6/2012] [12:21:44] SMS: vaga  ? , enviou:  para Coringa_Phoenix
[15/6/2012] [12:21:44] SMS: sim .Mas estamos sem material, enviou:  para cristian_jpa
[15/6/2012] [12:21:44] SMS: ouoooo :D, enviou:  para cristian_jpa
[15/6/2012] [12:21:44] SMS: passei ?, enviou:  para Coringa_Phoenix
[15/6/2012] [12:21:44] SMS: me vende material?, enviou:  para cristian_jpa
[15/6/2012] [12:21:44] SMS: man fica com nois ae na org ate o fim, enviou:  para Robert_Brfoce
[15/6/2012] [12:21:44] SMS: n sei, enviou:  para Andrei_Staff
[15/6/2012] [12:21:44] SMS: entra rc, enviou:  para Andrei_Staff
[16/6/2012] [2:58:9] SMS: recruta?, enviou:  para Brian_Ronaldo
[16/6/2012] [2:58:9] SMS: eaew, enviou:  para Jose_afonsos
[16/6/2012] [2:58:9] SMS: eaeee, enviou:  para Jose_afonsos
[16/6/2012] [13:6:48] SMS: recruta?, enviou:  para Brian_Ronaldo
[16/6/2012] [13:6:48] SMS: recruta?, enviou:  para Brian_Ronaldo
[16/6/2012] [13:6:48] SMS: josue recruta?, enviou:  para Brian_Ronaldo
[16/6/2012] [13:6:48] SMS: jose recrutas ?, enviou:  para Brian_Ronaldo
[16/6/2012] [13:6:48] SMS: vamos assaltar junto?, enviou:  para Brian_Ronaldo
[16/6/2012] [13:6:48] SMS: ZE É 3 SUB POE EU RANZANI E O KADU, enviou:  para Renan_Marcolino
[16/6/2012] [13:6:48] SMS: tem /GPS detran, enviou:  para Andrei_Staff
[16/6/2012] [13:6:48] SMS: man da pra mim anda com vcs ae ?, enviou:  para Robert_Brfoce
[16/6/2012] [15:24:4] SMS: te ajudand queria se da pc, enviou:  para Rafael_Prentice
[16/6/2012] [15:24:4] SMS: Muito Pouco não ta akele lag que atrapalhe o jogo nao, enviou:  para DeeN_RooTz
[16/6/2012] [15:24:4] SMS: so pq te matamos facil igual formiga ficou brava ???, enviou:  para Kadukibon_MonsTer
[16/6/2012] [15:24:4] SMS: man me solta, enviou:  para Robert_Brfoce
[16/6/2012] [15:24:4] SMS: nem copia o meu /an ne nubao, enviou:  para Kadukibon_MonsTer
[16/6/2012] [15:24:4] SMS: copio mesmu, enviou:  para Robert_Brfoce
[16/6/2012] [15:24:4] SMS: da ider agr, enviou:  para Ari_Brforce
[16/6/2012] [15:24:4] SMS: obg , enviou:  para Ari_Brforce
[16/6/2012] [15:24:4] SMS: man da meus lvl ae moral mesmu, enviou:  para Robert_Brfoce
[16/6/2012] [15:24:4] SMS: tem rc vc ?, enviou:  para Robert_Brfoce
[16/6/2012] [15:24:4] SMS: Qual Ip do Raidcall vou ver um negocio aki, enviou:  para BoB_Killer
[16/6/2012] [15:24:4] SMS: Meu micro funfo, enviou:  para BoB_Killer
[16/6/2012] [15:24:4] SMS: ei da pra vc subi de sala ?, enviou:  para Ari_Brforce
[16/6/2012] [15:24:4] SMS: como e o comando de falar com a mafia eu esqueci, enviou:  para Ari_Brforce
[16/6/2012] [15:24:4] SMS: filho da puta arrombado não é pra me matar caralho de asa, enviou:  para DeeN_RooTz
[16/6/2012] [15:24:4] SMS: eu vi pvt, enviou:  para Andrei_Staff
[16/6/2012] [15:24:4] SMS: guenta ai 5 minutos evita bazooka baazoka e pro cara quando fug, enviou:  para Andrei_Staff
[16/6/2012] [15:24:4] SMS: de moto ou carro, enviou:  para Andrei_Staff
[16/6/2012] [15:24:4] SMS: 1 minuto falta pra voce sair, enviou:  para Andrei_Staff
[16/6/2012] [15:24:4] SMS: oi, enviou:  para Andrei_Staff
[16/6/2012] [15:24:4] SMS: e meio diferente, enviou:  para Andrei_Staff
[16/6/2012] [15:24:4] SMS: s, enviou:  para Andrei_Staff
[16/6/2012] [15:24:4] SMS: que vim pra hamas tem bazuca ?, enviou:  para Robert_Brfoce
[16/6/2012] [15:24:4] SMS: da grana ai yuri, enviou:  para Andrei_Staff
[16/6/2012] [15:24:4] SMS: da 5kk, enviou:  para Andrei_Staff
[16/6/2012] [15:24:4] SMS: to trolando po, enviou:  para Andrei_Staff
[16/6/2012] [15:24:4] SMS: quem ? . mida dinheiro ai yuri uns 3kk, enviou:  para Andrei_Staff
[16/6/2012] [15:24:4] SMS: fiz evento dia todo, enviou:  para Andrei_Staff
[16/6/2012] [15:24:4] SMS: da ai yuri diego deixo, enviou:  para Andrei_Staff
[16/6/2012] [15:24:4] SMS: descupa ele n sabia, enviou:  para Robert_Brfoce
[16/6/2012] [15:24:4] SMS: vem ajuda nois pufavor, enviou:  para Robert_Brfoce
[16/6/2012] [21:17:26] SMS: vem ate eu, enviou:  para Robert_Brfoce
[16/6/2012] [21:17:26] SMS: vai sair n e, enviou:  para Robert_Brfoce
[16/6/2012] [21:17:26] SMS: me solta daki man, enviou:  para Robert_Brfoce
[16/6/2012] [21:17:26] SMS: vc e seu grupo q vim pra org, enviou:  para Robert_Brfoce
[16/6/2012] [21:17:26] SMS: calma ae, enviou:  para Andrei_Staff
[16/6/2012] [21:17:26] SMS: estão no raidcall ?, enviou:  para Rafael_Veiga
[16/6/2012] [21:17:26] SMS: te amo, enviou:  para Math_Raah
[16/6/2012] [21:17:26] SMS: nao nao eu sai, enviou:  para BoB_Killer
[16/6/2012] [21:17:26] SMS: Muito lag, enviou:  para BoB_Killer
[16/6/2012] [21:17:26] SMS: E meu fone ta falhando quase nem da pra ouvi, enviou:  para BoB_Killer
[16/6/2012] [21:17:26] SMS: te amo muito amor <3, enviou:  para Math_Raah
[16/6/2012] [21:17:26] SMS: se tiver achando chato fala :s, enviou:  para Math_Raah
[16/6/2012] [21:17:26] SMS: usa /sms 2430 Te amo, enviou:  para Math_Raah
[16/6/2012] [21:17:26] SMS: usa /sms 2430 Te amo, enviou:  para Math_Raah
[16/6/2012] [21:17:26] SMS: tbm amo vc sz, enviou:  para Rayana_Yasmin
[16/6/2012] [21:17:26] SMS: pega arma e atira nos q ta com nicm marrom '-', enviou:  para Math_Raah
[16/6/2012] [21:17:26] SMS: desculpaaaaaaaaaaaa D:, enviou:  para Math_Raah
[16/6/2012] [21:17:26] SMS: posso fika aki? nao sei de nada :/, enviou:  para Rayana_Yasmin
[16/6/2012] [21:17:26] SMS: eu qro te encinar mas o cara e mto chato, enviou:  para Math_Raah
[16/6/2012] [21:17:26] SMS: ?, enviou:  para Math_Raah
[16/6/2012] [21:17:26] SMS: amor ai tipo, enviou:  para Math_Raah
[16/6/2012] [21:17:26] SMS: tem um negocio q vc usa para poder atirar vc tem q atirar um po, enviou:  para Math_Raah
[16/6/2012] [21:17:26] SMS: pq seu pc ela ta atraz mas na verdade ela ta na frente ><, enviou:  para Math_Raah
[16/6/2012] [21:17:26] SMS: com o tempo vc apreende, enviou:  para Math_Raah
[16/6/2012] [21:17:26] SMS: equipa la pega colete, enviou:  para Math_Raah
[16/6/2012] [21:17:26] SMS: amor, enviou:  para Math_Raah
[16/6/2012] [21:17:26] SMS: TEM VAGA AE?, enviou:  para FoX_WinchesteR
[16/6/2012] [21:17:26] SMS: cara vo encianr ela a jogar brigado por convidar :s , enviou:  para Math_Raah
[16/6/2012] [21:17:26] SMS: tem microfone, enviou:  para GF_Gugax
[16/6/2012] [21:17:26] SMS: sim, enviou:  para FoX_WinchesteR
[16/6/2012] [21:17:26] SMS: baixa raidcall e entra , enviou:  para GF_Gugax
[16/6/2012] [21:17:26] SMS: ja tenho, enviou:  para FoX_WinchesteR
[16/6/2012] [21:17:26] SMS: manda id, enviou:  para FoX_WinchesteR
[16/6/2012] [21:17:26] SMS: 3478293, enviou:  para GF_Gugax
[16/6/2012] [21:17:26] SMS: amor digita /pedircontas, enviou:  para Math_Raah
[16/6/2012] [21:17:26] SMS: ja, enviou:  para Rayana_Yasmin
[16/6/2012] [21:17:26] SMS: vc n saiu da org?, enviou:  para Math_Raah
[16/6/2012] [21:17:26] SMS: entrei, enviou:  para FoX_WinchesteR
[16/6/2012] [21:17:26] SMS: nao sei D: eu fiz oq vc falou , enviou:  para Rayana_Yasmin
[16/6/2012] [21:17:26] SMS: aperta T e digita /pedircontas, enviou:  para Math_Raah
[16/6/2012] [21:17:26] SMS: mais ja fiz, enviou:  para Rayana_Yasmin
[16/6/2012] [21:17:26] SMS: ve se seu relogio ta rodando, enviou:  para Math_Raah
[16/6/2012] [21:17:26] SMS: amor?, enviou:  para Rayana_Yasmin
[16/6/2012] [21:17:26] SMS: se vendeu rapido em, enviou:  para rafael_Winchester
[16/6/2012] [21:17:26] SMS: convida, não sei se tem teste., enviou:  para Rafael_Veiga
[16/6/2012] [21:17:26] SMS: Me convida se houver vagas. , enviou:  para Rafael_Veiga
[16/6/2012] [21:17:26] SMS: oia la    no msn., enviou:  para Rafael_Prentice
[16/6/2012] [21:17:26] SMS: eu so nao reclamo para nao ter confusão, enviou:  para DeeN_RooTz
[16/6/2012] [21:17:26] SMS: OTARIOS, enviou:  para Rafael_Prentice
[16/6/2012] [21:17:26] SMS: OTARIO, enviou:  para Rafael_Prentice
[16/6/2012] [21:17:26] SMS: OTARIO, enviou:  para Rafael_Prentice
[16/6/2012] [21:17:26] SMS: SS FORUM N QUEREND CONVIDAR MEMBRO SACO PERDE LIDER MB, enviou:  para Rafael_Prentice
[16/6/2012] [21:17:26] SMS: lucas promove logo o cris ai , enviou:  para KICKME_Ass
[16/6/2012] [21:17:26] SMS: lucas vamo fazer operaçao na segunda favela, enviou:  para KICKME_Ass
[16/6/2012] [21:17:26] SMS: VEM SUA HQ AEW  MAN TEST, enviou:  para Rafael_Prentice
[16/6/2012] [21:17:26] SMS: otario, enviou:  para Rafael_Prentice
[16/6/2012] [21:17:26] SMS: faiz um evento agr, enviou:  para Rafael_Prentice
[16/6/2012] [21:17:26] SMS: ce vai querer quant  de dimdim man ? par   eu se  helper nivel , enviou:  para Rafael_Prentice
[16/6/2012] [21:17:26] SMS: Como faz pra entrar na org ?, enviou:  para Baah_s
[16/6/2012] [21:17:26] SMS: so ler o manual , enviou:  para Lucas_Silva
[16/6/2012] [21:17:26] SMS: da policia civil no forum e falar cmg, enviou:  para Lucas_Silva
[16/6/2012] [21:17:26] SMS: meu amigo ja leu o manual ele pode entrar ?, enviou:  para Baah_s
[16/6/2012] [21:17:26] SMS: sim, enviou:  para Lucas_Silva
[16/6/2012] [21:17:26] SMS: vem pref, enviou:  para Lucas_Silva
[16/6/2012] [21:17:26] SMS: posso ir na HQ ?, enviou:  para Baah_s
[16/6/2012] [21:17:26] SMS: to enfrente , enviou:  para Baah_s
[16/6/2012] [21:17:26] SMS: vem na prefeitura, enviou:  para Lucas_Silva
[16/6/2012] [21:17:26] SMS: me espera la entao amr, enviou:  para Baah_s
[16/6/2012] [21:17:26] SMS: Quais requisitos precisa para entrar para PC :, enviou:  para Killer_MaN
[16/6/2012] [21:17:26] SMS: Tou lendo manual... Meu primo vai poder ?, enviou:  para Killer_MaN
[16/6/2012] [21:17:26] SMS: PODE SE ELE PASSAR NO TEST PODE, enviou:  para Lucas_Silva
[16/6/2012] [21:17:26] SMS: OI GOSTOSO KKKKKKKKKKKKKK, enviou:  para Renan_Marcolino
[16/6/2012] [21:17:26] SMS: me conhece ?, enviou:  para Igoor_Cerqueira
[16/6/2012] [21:17:26] SMS: perdeu credito viu, enviou:  para ADV_Marley
[16/6/2012] [21:17:26] SMS: perdeu credito ta, enviou:  para ADV_Marley
[16/6/2012] [21:17:26] SMS: perdeu credito, enviou:  para ADV_Marley
[16/6/2012] [21:17:26] SMS: perdeu a moral, enviou:  para ADV_Marley
[16/6/2012] [21:17:26] SMS: Ja li o manual todo e tou pronto para teste!!! Eu e meu primo, enviou:  para Killer_MaN
[16/6/2012] [21:17:26] SMS: Ta ai ? :s, enviou:  para Killer_MaN
[16/6/2012] [21:17:26] SMS: PERA, enviou:  para Lucas_Silva
[16/6/2012] [21:17:26] SMS: VEM PREF, enviou:  para Lucas_Silva
[16/6/2012] [21:17:26] SMS: se sabr qe eu so mais esperiente qe voc., enviou:  para Igoor_Cerqueira
[16/6/2012] [21:17:26] SMS: KKKKKKKKKK SEU LIXO, enviou:  para Lucas_Silva
[16/6/2012] [21:17:26] SMS: ae, enviou:  para Tiago_Rs
[16/6/2012] [21:17:26] SMS: fala, enviou:  para Lucas_Silva
[16/6/2012] [21:17:26] SMS: ae o lucas eh mt esquentado mano, enviou:  para Tiago_Rs
[16/6/2012] [21:17:26] SMS: christian *, enviou:  para Tiago_Rs
[16/6/2012] [21:17:26] SMS: pq, enviou:  para Lucas_Silva
[16/6/2012] [21:17:26] SMS: eu perguntei pra ele pq vcs n algemavam, enviou:  para Tiago_Rs
[16/6/2012] [21:17:26] SMS: ai ele respondeu , enviou:  para Tiago_Rs
[16/6/2012] [21:17:26] SMS: ai depois disso eu andei ateh o portao de carro, enviou:  para Tiago_Rs
[17/6/2012] [5:32:42] SMS: kkkkkkk, enviou:  para DeeN_RooTz
[17/6/2012] [5:32:42] SMS: invicto 5 vitóras, foda *-*, enviou:  para Rafael_Veiga
[17/6/2012] [5:32:42] SMS: QUr fazer parte do Exercito, enviou:  para DeeN_RooTz
[17/6/2012] [5:32:42] SMS: vo jogar cívil mesmo ., enviou:  para Rafael_Veiga
[17/6/2012] [5:32:42] SMS: baixei uns pack do exercito agora muito massa man, enviou:  para DeeN_RooTz
[17/6/2012] [5:32:42] SMS: pronto, enviou:  para Rafael_Veiga
[17/6/2012] [5:32:42] SMS: coitado do nuub voltou pra HQ pra chora pra mamae, enviou:  para Kadukibon_MonsTer
[17/6/2012] [5:32:42] SMS: problemas?, enviou:  para Brian_Ronaldo
[17/6/2012] [5:32:42] SMS: vem pro x1 em vez de dar fuga nubao, enviou:  para Kadukibon_MonsTer
[17/6/2012] [5:32:42] SMS: tem microfone?, enviou:  para GF_Gugax
[17/6/2012] [5:32:42] SMS: tem microfone?, enviou:  para GF_Gugax
[17/6/2012] [5:32:42] SMS: precisso dos seus servicos de advogado, enviou:  para Brian_Ronaldo
[17/6/2012] [5:32:42] SMS: qual o id do raidcall, enviou:  para Brian_Ronaldo
[17/6/2012] [5:32:42] SMS: entao, enviou:  para Brian_Ronaldo
[17/6/2012] [5:32:42] SMS: gostas de escrever?, enviou:  para Dark_Boy
[17/6/2012] [5:32:42] SMS: Reprovado tava copiando do site, enviou:  para GF_wLMaikon
[17/6/2012] [5:32:42] SMS: nao sei comandos de cor , enviou:  para Brian_Ronaldo
[17/6/2012] [5:32:42] SMS: sou novo neste server, enviou:  para Brian_Ronaldo
[17/6/2012] [5:32:42] SMS: mas sou experiente em gta, enviou:  para Brian_Ronaldo
[17/6/2012] [5:32:42] SMS: Leia o manual e depois venha fazer teste, enviou:  para GF_wLMaikon
[17/6/2012] [5:32:42] SMS: tem vaga aew?, enviou:  para RIVersiD_alessandro
[17/6/2012] [5:32:42] SMS: vou onde?, enviou:  para Brian_Ronaldo
[17/6/2012] [5:32:42] SMS: le o manual depois me liga, enviou:  para GF_wLMaikon
[17/6/2012] [5:32:42] SMS: ta chegando?, enviou:  para GF_wLMaikon
[17/6/2012] [5:32:42] SMS: os veiculos de camionista, enviou:  para Dark_Boy
[17/6/2012] [5:32:42] SMS: e mesmo onde eu dizia, saida de LS por Sta Maria Beach, enviou:  para Dark_Boy
[17/6/2012] [5:32:42] SMS: demitido porque?, enviou:  para Brian_Ronaldo
[17/6/2012] [5:32:42] SMS: Hck n entra, enviou:  para GF_wLMaikon
[17/6/2012] [5:32:42] SMS: Hack n entra, enviou:  para GF_wLMaikon
[17/6/2012] [5:32:42] SMS: hack?, enviou:  para Brian_Ronaldo
[17/6/2012] [5:32:42] SMS: nao estou hack, enviou:  para Brian_Ronaldo
[17/6/2012] [5:32:42] SMS: Como nao perde vida, enviou:  para GF_wLMaikon
[17/6/2012] [5:32:42] SMS: perco vida sim nao tenho kack porra, enviou:  para Brian_Ronaldo
[17/6/2012] [5:32:42] SMS: Cara tu parado e eu atirando tu nao perdeu vida, enviou:  para GF_wLMaikon
[17/6/2012] [5:32:42] SMS: porra posso jogar que nao tenho hack, enviou:  para Brian_Ronaldo
[17/6/2012] [5:32:42] SMS: nunca na vida tive hack, enviou:  para Brian_Ronaldo
[17/6/2012] [5:32:42] SMS: demorado? , enviou:  para Dark_Boy
[17/6/2012] [5:32:42] SMS: bugo aki eu chego com o aviao e 100# e fala que danifiquei ele, enviou:  para Noob_Killer
[17/6/2012] [5:32:42] SMS: esquece a licença de aviaçao... ja leste o manual?, enviou:  para Dark_Boy
[17/6/2012] [5:32:42] SMS: nao tenho hack porra, enviou:  para Brian_Ronaldo
[17/6/2012] [5:32:42] SMS: vo la ler agora, enviou:  para Noob_Killer
[17/6/2012] [5:32:42] SMS: ta lido e percebido?, enviou:  para Dark_Boy
[17/6/2012] [5:32:42] SMS: o id 10 quer falar contigo, enviou:  para Dark_Boy
[17/6/2012] [5:32:42] SMS: quer fazer parte dos vagos, enviou:  para Dark_Boy
[17/6/2012] [5:32:42] SMS: que estar gang?, enviou:  para Brian_Ronaldo
[17/6/2012] [5:32:42] SMS: vem a caminho?, enviou:  para Brian_Ronaldo
[17/6/2012] [5:32:42] SMS: quer entrar em gang?, enviou:  para Brian_Ronaldo
[17/6/2012] [5:32:42] SMS: /gps , prefeitura, enviou:  para Andrei_Staff
[17/6/2012] [5:32:42] SMS: venha hq depois, enviou:  para Brian_Ronaldo
[17/6/2012] [5:32:42] SMS: isso e ant rpg, enviou:  para Andrei_Staff
[17/6/2012] [5:32:42] SMS: FAil, enviou:  para Diego_AmS
[17/6/2012] [5:32:42] SMS: pede contas vou convidar, enviou:  para Diego_AmS
[17/6/2012] [5:32:42] SMS: isso e coisa de player amigo nao sei também, enviou:  para Andrei_Staff
[17/6/2012] [5:32:42] SMS: eu sei =D, enviou:  para Andrei_Staff
[17/6/2012] [5:32:42] SMS: se eu ver a proxima e ban, enviou:  para Andrei_Staff
[17/6/2012] [5:32:42] SMS: oq eu fiz ???, enviou:  para Kadukibon_MonsTer
[17/6/2012] [5:32:42] SMS: nao o policial, enviou:  para Andrei_Staff
[17/6/2012] [5:32:42] SMS: ata Ok, enviou:  para Kadukibon_MonsTer
[17/6/2012] [5:32:42] SMS: cara manda anuncio quando for invadir hq da policia, enviou:  para Andrei_Staff
[17/6/2012] [5:32:42] SMS: amigo posta SS Forum e problema, enviou:  para Andrei_Staff
[17/6/2012] [5:32:42] SMS: pera, enviou:  para Andrei_Staff
[17/6/2012] [5:32:42] SMS: o killer chamei vc para nossa corporaçao e vc num veio em mano , enviou:  para KICKME_Ass
[17/6/2012] [5:32:42] SMS: qual era?, enviou:  para Noob_Killer
[17/6/2012] [5:32:42] SMS: ind man', enviou:  para Rafael_Prentice
[17/6/2012] [5:32:42] SMS: pront convid aew man, enviou:  para Rafael_Prentice
[17/6/2012] [5:32:42] SMS: ae nao fala merda nao jae multa e so lvl 1 procurados, enviou:  para Lucas_Silva
[17/6/2012] [5:32:42] SMS: MT OTARIOOOOOOOOOOO OTARIO NB XITER KKK SABE NEM UQ E   KK  N  , enviou:  para Rafael_Prentice
[17/6/2012] [5:32:42] SMS: eu nao ti xinguei , enviou:  para Lucas_Silva
[17/6/2012] [5:32:42] SMS: so falei para vc nao falar merda, enviou:  para Lucas_Silva
[17/6/2012] [5:32:42] SMS: SE PRECISAR DE MAIS LIGA, enviou:  para Daniel_XD
[17/6/2012] [5:32:42] SMS: vem aki, enviou:  para Ari_Brforce
[17/6/2012] [5:32:42] SMS: vem akiii, enviou:  para Ari_Brforce
[17/6/2012] [5:32:42] SMS: OTÁRIO EU NAO ERA PROCURADO LIXO , enviou:  para Daniel_XD
[17/6/2012] [5:32:42] SMS: OTÁRIO EU NAO ERA PROCURADO LIXO , enviou:  para Daniel_XD
[17/6/2012] [5:32:42] SMS: OTÁRIO EU NAO ERA PROCURADO LIXO , enviou:  para Daniel_XD
[17/6/2012] [5:32:42] SMS: OTÁRIO EU NAO ERA PROCURADO LIXO , enviou:  para Daniel_XD
[17/6/2012] [5:32:42] SMS: Opa, malz o encomodo mais vc pode me ajuda? =/, enviou:  para Gio_Roots
[17/6/2012] [5:32:42] SMS: cara to na sua hq vai ter teste naub??, enviou:  para Jeffersoon_Matador
[17/6/2012] [5:32:42] SMS: como eu kiko uma pessoa of da organizacao ?, enviou:  para Ari_Brforce
[17/6/2012] [5:32:42] SMS: e ai, enviou:  para Emilio_SWAT
[17/6/2012] [5:32:42] SMS: cara venha ka agr, enviou:  para Ari_Brforce
[17/6/2012] [5:32:42] SMS: que aconteceu ?, enviou:  para Rafael_Veiga
[17/6/2012] [5:32:42] SMS: vou ligar pra vc ,   usa /at, enviou:  para Rafael_Veiga
[17/6/2012] [5:32:42] SMS: VC É DO BLE?, enviou:  para Daniel_XD
[17/6/2012] [5:32:42] SMS: s, enviou:  para Diego_AmS
[17/6/2012] [5:32:42] SMS: qual sua org láw, enviou:  para Daniel_XD
[17/6/2012] [5:32:42] SMS: qual sua org lá?, enviou:  para Daniel_XD
[17/6/2012] [5:32:42] SMS: quer vir Bloodz ?, enviou:  para Diego_AmS
[17/6/2012] [5:32:42] SMS: Nem tou lider aqui KKK', enviou:  para Daniel_XD
[17/6/2012] [5:32:42] SMS: vamos fazer um areuniao com os novatos, enviou:  para KICKME_Ass
[17/6/2012] [5:32:42] SMS: vc ta lider ai?, enviou:  para Daniel_XD
[17/6/2012] [5:32:42] SMS: sim depois, enviou:  para Lucas_Silva
[17/6/2012] [5:32:42] SMS: por q ? me conhece ?, enviou:  para Diego_AmS
[17/6/2012] [5:32:42] SMS: Te conheço pelo servidor, enviou:  para Daniel_XD
[17/6/2012] [5:32:42] SMS: qual ?, enviou:  para Diego_AmS
[17/6/2012] [5:32:42] SMS: O ble ué, enviou:  para Daniel_XD
[17/6/2012] [5:32:42] SMS: --' servidor ta  divultando id errado seu pau no cu, enviou:  para Marcos_Brforce
[17/6/2012] [5:32:42] SMS: eu parei de jogar lá, enviou:  para Daniel_XD
[17/6/2012] [5:32:42] SMS: não sabe de nada, enviou:  para Marcos_Brforce
[17/6/2012] [5:32:42] SMS: vc parou?, enviou:  para Daniel_XD
[17/6/2012] [5:32:42] SMS: fala o nome do serve todo, enviou:  para Diego_AmS
[17/6/2012] [5:32:42] SMS: eu ja te perguntei vc disse que sabe qual é , enviou:  para Daniel_XD
[17/6/2012] [5:32:42] SMS: e nao vou dar motivos pra eu ser denunciado, enviou:  para Daniel_XD
[17/6/2012] [5:32:42] SMS: ?, enviou:  para Diego_AmS
[17/6/2012] [5:32:42] SMS: ant rpg isso, enviou:  para Daniel_XD
[17/6/2012] [5:32:42] SMS: oq ?, enviou:  para Diego_AmS
[17/6/2012] [5:32:42] SMS: Ficar falando de outro server no server do outro, enviou:  para Daniel_XD
[17/6/2012] [5:32:42] SMS: luca.swat@hotmail.com, enviou:  para Lucas_Silva
[17/6/2012] [5:32:42] SMS: é que joguei em varios serves ble, enviou:  para Diego_AmS
[17/6/2012] [5:32:42] SMS: Põ cara fiz por mal não :/, enviou:  para Rafael_Veiga
[17/6/2012] [5:32:42] SMS: É O QUE TEM HOST PORTUGUES, enviou:  para Daniel_XD
[17/6/2012] [5:32:42] SMS: qual é eu id ?, enviou:  para Diego_AmS
[17/6/2012] [5:32:42] SMS: Pq?, enviou:  para Daniel_XD
[17/6/2012] [5:32:42] SMS: nada O.o, enviou:  para Diego_AmS
[17/6/2012] [5:32:42] SMS: vou denunciar seus membros ;X, enviou:  para Diego_AmS
[17/6/2012] [5:32:42] SMS: to vendo, enviou:  para Andrei_Staff
[17/6/2012] [5:32:42] SMS: vem ginãsio, enviou:  para Rafael_Veiga
[17/6/2012] [5:32:42] SMS: ja esto indo e q eu to ape, enviou:  para RaphaeL_Pereira
[17/6/2012] [5:32:42] SMS: ta onde que to de carro, enviou:  para Rafael_Veiga
[17/6/2012] [5:32:42] SMS: me fala 1 local pra chegar até vc ., enviou:  para Rafael_Veiga
[17/6/2012] [5:32:42] SMS: me espera no aero ls, enviou:  para Rafael_Veiga
[17/6/2012] [5:32:42] SMS: vo lutar mais n tu num aparece cara -.-, enviou:  para Rafael_Veiga
[17/6/2012] [5:32:42] SMS: soltar , enviou:  para Robert_Brfoce
[17/6/2012] [5:32:42] SMS: soltar o id 41, enviou:  para Robert_Brfoce
[17/6/2012] [5:32:42] SMS: lucas promove o emilio ai 12 horas jogadas varias mortes e pris, enviou:  para KICKME_Ass
[17/6/2012] [5:32:42] SMS: pode equipae, enviou:  para GF_FireMark
[17/6/2012] [5:32:42] SMS: pensa que so otario ? kkkkkkkkkkkkkkkk[, enviou:  para Rafael_Prentice
[17/6/2012] [5:32:42] SMS: ?, enviou:  para Diego_AmS
[17/6/2012] [5:32:42] SMS: Vai ginásio achei 1 carro :P, enviou:  para Rafael_Veiga
[17/6/2012] [5:32:42] SMS: killer da carona ai aki na pista pf, enviou:  para KICKME_Ass
[17/6/2012] [5:32:42] SMS: indo pra prefeitura ..., enviou:  para Rafael_Veiga
[17/6/2012] [5:32:42] SMS: to aqui cade voc~e ., enviou:  para Rafael_Veiga
[17/6/2012] [5:32:42] SMS: vc subiu direto ¬¬ to aki aonde pega emprego, enviou:  para Priscilla_Torres
[17/6/2012] [5:32:42] SMS: CONVID  AEW MAN -.-, enviou:  para Rafael_Prentice
[17/6/2012] [5:32:42] SMS: POW GUGA CONVIDA AEW  MAN AFF, enviou:  para Rafael_Prentice
[17/6/2012] [5:32:42] SMS: CONVIDA AEWWWWW MAN, enviou:  para Rafael_Prentice
[17/6/2012] [5:32:42] SMS: E FHOD CE  VEI -.- CONVID TOD MUND MAN, enviou:  para Rafael_Prentice
[17/6/2012] [5:32:42] SMS: KK CONVID NGM SHUSHSUAI, enviou:  para Rafael_Prentice
[17/6/2012] [5:32:42] SMS: vem ca, enviou:  para Math_Raah
[17/6/2012] [5:32:42] SMS: convid eo aeww, enviou:  para Rafael_Prentice
[17/6/2012] [5:32:42] SMS: convid  aew id 22 :, enviou:  para Rafael_Prentice
[17/6/2012] [5:32:42] SMS: vei o cara é bom pode contar , enviou:  para KICKME_Ass
[17/6/2012] [5:32:42] SMS: pode fazer vei vale a pena , enviou:  para KICKME_Ass
[17/6/2012] [5:32:42] SMS: jefesom vei descupa ae man sem onda vey descupa ae, enviou:  para Robert_Brfoce
[17/6/2012] [5:32:42] SMS: entra aki no banco, enviou:  para Robert_Brfoce
[17/6/2012] [5:32:42] SMS: vey se ligue fica hq vai rola seq, enviou:  para Robert_Brfoce
[17/6/2012] [5:32:42] SMS: man fica ae hq noral mesmu um seq, enviou:  para Robert_Brfoce
[17/6/2012] [5:32:42] SMS: vei ou voce fica de policia o com sua org vei, enviou:  para Andrei_Staff
[17/6/2012] [5:32:42] SMS: pode chama, enviou:  para Rafael_Veiga
[17/6/2012] [5:32:42] SMS: pode invitar agr se quiser !, enviou:  para Rafael_Veiga
[17/6/2012] [5:32:42] SMS: to presa =(, enviou:  para Rayana_Yasmin
[17/6/2012] [5:32:42] SMS: :/ salario?, enviou:  para Math_Raah
[17/6/2012] [5:32:42] SMS: e ainda devo 3413, enviou:  para Rayana_Yasmin
[17/6/2012] [5:32:42] SMS: muda minha skin pra 293, enviou:  para Black_Brforce
[17/6/2012] [5:32:42] SMS: deixa eu 4, enviou:  para Black_Brforce
[17/6/2012] [5:32:42] SMS: precisar só chamar /servico taxi Ok ?, enviou:  para Rafael_Veiga
[17/6/2012] [5:32:42] SMS: faz o teste vey, enviou:  para GF_FireMark
[17/6/2012] [5:32:42] SMS: mano num tem como entra pra sua hq, enviou:  para GF_FireMark
[17/6/2012] [5:32:42] SMS: ja consegui lider ? fika tomando esporro seu eu fazer ndz . per, enviou:  para Rafael_Prentice
[17/6/2012] [5:32:42] SMS: kd vc, enviou:  para Blade_Steel
[17/6/2012] [5:32:42] SMS: to a caminho !, enviou:  para Rafael_Veiga
[17/6/2012] [5:32:42] SMS: vlee, enviou:  para Lucas_Silva
[17/6/2012] [5:32:42] SMS: reseta os carro pf amor, enviou:  para Black_Brforce
[17/6/2012] [5:32:42] SMS: poderia falar mais sobre os taxistas !, enviou:  para Rafael_Veiga
[17/6/2012] [5:32:42] SMS: arii aki, enviou:  para Black_Brforce
[17/6/2012] [5:32:42] SMS: agr temos 3 super ativos :D, enviou:  para Rafael_Veiga
[17/6/2012] [5:32:42] SMS: amos to presa ainda =/, enviou:  para Rayana_Yasmin
[17/6/2012] [5:32:42] SMS: to indo ai paixao, enviou:  para Math_Raah
[17/6/2012] [5:32:42] SMS: amor, enviou:  para Math_Raah
[17/6/2012] [5:32:42] SMS: da /q e vai msn :S achei 1 melhor para a gente ><, enviou:  para Math_Raah
[17/6/2012] [5:32:42] SMS: COMO vai lá na hq, enviou:  para GF_FireMark
[17/6/2012] [5:32:42] SMS: muito mais ativo que voce e pagou vip, enviou:  para Andrei_Staff
[17/6/2012] [5:32:42] SMS: cheguei, enviou:  para Coringa_Phoenix
[17/6/2012] [5:32:42] SMS: AKI LOSVAGOS, enviou:  para Jose_afonsos
[17/6/2012] [5:32:42] SMS: Aki so entra quem tem RAIDCALL, enviou:  para Jose_afonsos
[17/6/2012] [5:32:42] SMS: ENTRA AKI, enviou:  para Jose_afonsos
[17/6/2012] [5:32:42] SMS: aonde vc ta , enviou:  para KICKME_Ass
[17/6/2012] [5:32:42] SMS: Paga pra mim sai da cadeia, enviou:  para GF_FireMark
[17/6/2012] [5:32:42] SMS: ow como abre o pporta malas ?KKKKKKK, enviou:  para Renan_Marcolino
[17/6/2012] [5:32:42] SMS: pode convidar, enviou:  para Coringa_Phoenix
[17/6/2012] [5:32:42] SMS: bem vindo , enviou:  para KICKME_Ass
[17/6/2012] [5:32:42] SMS: encontra lá no casarão, enviou:  para GF_FireMark
[17/6/2012] [5:32:42] SMS: posso fazer teste?, enviou:  para Math_Raah
[17/6/2012] [5:32:42] SMS: ?, enviou:  para Math_Raah
[17/6/2012] [5:32:42] SMS: Oque foi?, enviou:  para Daniel_XD
[17/6/2012] [5:32:42] SMS: fazer teste pode?, enviou:  para Math_Raah
[17/6/2012] [5:32:42] SMS: Pode, enviou:  para Daniel_XD
[17/6/2012] [5:32:42] SMS: to indo na sua hq ok?, enviou:  para Math_Raah
[17/6/2012] [5:32:42] SMS: uHUM, enviou:  para Daniel_XD
[17/6/2012] [5:32:42] SMS: amor, enviou:  para Math_Raah
[17/6/2012] [5:32:42] SMS: amooooor sai de la agr n sei onde to =(, enviou:  para Rayana_Yasmin
[17/6/2012] [5:32:42] SMS: usa /ga para falar cmg amor, enviou:  para Math_Raah
[17/6/2012] [5:32:42] SMS: vc fica kikando o robert mais os cara declara guerra pq faz iss, enviou:  para Black_Brforce
[17/6/2012] [5:32:42] SMS: vc atrapalho nossa guerra aki , enviou:  para Black_Brforce
[17/6/2012] [5:32:42] SMS: O mano vc chama ela de pri mais nem sabe se é mulher kkkkkkkkkk, enviou:  para Gio_Roots
[17/6/2012] [5:32:42] SMS: enquanto eu n sei, eu chamo kk, enviou:  para Rafael_Veiga
[17/6/2012] [5:32:42] SMS: Pedi o MSN dela ou facebook kkkkk, enviou:  para Gio_Roots
[17/6/2012] [5:32:42] SMS: vo pedi ja ja, enviou:  para Rafael_Veiga
[17/6/2012] [5:32:42] SMS: porque nois tem que fazer teste e o luiz n, enviou:  para GF_FireMark
[17/6/2012] [5:32:42] SMS: c ta comendo o gustavo, enviou:  para GF_FireMark
[17/6/2012] [5:32:42] SMS: regras n floda no /ga n pedi cargo n sequestra novatos n briga , enviou:  para GF_FireMark
[17/6/2012] [5:32:42] SMS: vei vc quer entrar pra policia civil, enviou:  para KICKME_Ass
[17/6/2012] [5:32:42] SMS: VOLTEI CARA, enviou:  para Emilio_SWAT
[17/6/2012] [5:32:42] SMS: ven me d soltar, enviou:  para Mr_Bruninho
[17/6/2012] [5:32:42] SMS: vvem me soltar d, enviou:  para Mr_Bruninho
[17/6/2012] [5:32:42] SMS: Pora vem me soltar, enviou:  para Mr_Bruninho
[17/6/2012] [5:32:42] SMS: OIA MSN  LA MAN DE  HELPER AEW SEI TODS COMDS --', enviou:  para Rafael_Prentice
[17/6/2012] [5:32:42] SMS: se ta ligado q vc ta denunciado né, enviou:  para Marcola_VDLK
[17/6/2012] [5:32:42] SMS: kd vc manim , enviou:  para KICKME_Ass
[17/6/2012] [5:32:42] SMS: vai aprende nao mata mais DB NOOB, enviou:  para Marcola_VDLK
[17/6/2012] [5:32:42] SMS: Vai pedi o MSN da priscila? hahaha, enviou:  para Gio_Roots
[17/6/2012] [5:32:42] SMS: E se for homem?? kkkkk, enviou:  para Gio_Roots
[17/6/2012] [5:32:42] SMS: 1 estante, enviou:  para Coringa_Phoenix
[17/6/2012] [5:32:42] SMS: cara tem um om aki, enviou:  para GF_Guilherme
[17/6/2012] [5:32:42] SMS: vo jantar vei , enviou:  para KICKME_Ass
[17/6/2012] [5:32:42] SMS: Jose Ta Ae?, enviou:  para Lucas_Alves
[17/6/2012] [5:32:42] SMS: Se E Do Execitos?, enviou:  para Lucas_Alves
[17/6/2012] [5:32:42] SMS: Sim, enviou:  para DeeN_RooTz
[17/6/2012] [5:32:42] SMS: Tem Vaga?, enviou:  para Lucas_Alves
[17/6/2012] [5:32:42] SMS: seria mto se pedisse pra muda skin ?, enviou:  para Rafael_Veiga
[17/6/2012] [5:32:42] SMS: pq agente ta na correria, e seria bom uma skin, enviou:  para Rafael_Veiga
[17/6/2012] [5:32:42] SMS: mais apresentavel sabe ., enviou:  para Rafael_Veiga
[17/6/2012] [5:32:42] SMS: tenho id dela.;, enviou:  para Rafael_Veiga
[17/6/2012] [5:32:42] SMS: VAI PERDE LIDER NB MEO MANUAL DA GROVE TA MT MELHOR QUE O SEO K, enviou:  para Rafael_Prentice
[17/6/2012] [5:32:42] SMS: e q q eu tenho haver com grove, enviou:  para GF_Gugax
[17/6/2012] [5:32:42] SMS: TA MATANDO COM BAZOKA MAN, DA UMA OLHADINHA LA NO MEO MANUAL, enviou:  para Rafael_Prentice
[17/6/2012] [5:32:42] SMS: VE BQUE N TA PIKA, enviou:  para Rafael_Prentice
[17/6/2012] [5:32:42] SMS: entao enfia seu manual no c. e para de encher o saco, enviou:  para GF_Gugax
[17/6/2012] [5:32:42] SMS: VE LA POW, enviou:  para Rafael_Prentice
[17/6/2012] [5:32:42] SMS: Mano só veja o corte q eu vo leva kkkkkkkk, enviou:  para Gio_Roots
[17/6/2012] [5:32:42] SMS: kd, enviou:  para Rafael_Veiga
[17/6/2012] [5:32:42] SMS: vaga ?, enviou:  para Coringa_Phoenix
[17/6/2012] [5:32:42] SMS: 15, enviou:  para Coringa_Phoenix
[17/6/2012] [5:32:42] SMS: Quer entrar na bope coringa /, enviou:  para Marcos_Brforce
[17/6/2012] [5:32:42] SMS: não + , enviou:  para Coringa_Phoenix
[17/6/2012] [5:32:42] SMS: beleza :), enviou:  para Marcos_Brforce
[17/6/2012] [5:32:42] SMS: ja fiquei mo tempo cop agora ficar gg 1 poco, enviou:  para Coringa_Phoenix
[17/6/2012] [5:32:42] SMS: vc gosta da minha ajuda né, enviou:  para Coringa_Phoenix
[17/6/2012] [5:32:42] SMS: vc tbm ver ?, enviou:  para Lucas_Silva
[17/6/2012] [5:32:42] SMS: sim :), enviou:  para Noob_Killer
[17/6/2012] [5:32:42] SMS: quero que saia a 3 temporada, enviou:  para Lucas_Silva
[17/6/2012] [5:32:42] SMS: ei noob, vc sabe aonde fica o posto de gasolina perto da placa , enviou:  para Priscilla_Torres
[17/6/2012] [5:32:42] SMS: eu tbm mas ouvi dizer que e so em outubro, enviou:  para Noob_Killer
[17/6/2012] [5:32:42] SMS: perto da placa de vinewood?, enviou:  para Priscilla_Torres
[17/6/2012] [5:32:42] SMS: tbm, enviou:  para Lucas_Silva
[17/6/2012] [5:32:42] SMS: ixa nao sei mas se acha eu ti falo, enviou:  para Noob_Killer
[17/6/2012] [5:32:42] SMS: é pq é aki o ponto dos taxi , agente fica aki esperando chamado, enviou:  para Priscilla_Torres
[17/6/2012] [5:32:42] SMS: hm nao e na hq dos taxistas?, enviou:  para Noob_Killer
[17/6/2012] [5:32:42] SMS: nop ^^, enviou:  para Priscilla_Torres
[17/6/2012] [5:32:42] SMS: voce queria que eu fosse ai ou voce que quer ir la?, enviou:  para Noob_Killer
[17/6/2012] [5:32:42] SMS: sou lider taxi ai queria q vc tipo anunciace, enviou:  para Priscilla_Torres
[17/6/2012] [5:32:42] SMS: Guria posso pergunta uma coisa?, enviou:  para Gio_Roots
[17/6/2012] [5:32:42] SMS: ó respeito, enviou:  para Priscilla_Torres
[17/6/2012] [5:32:42] SMS: Desculpe, é q aqui no sul "guria" é menina garota , enviou:  para Gio_Roots
[17/6/2012] [5:32:42] SMS: ata , enviou:  para Priscilla_Torres
[17/6/2012] [5:32:42] SMS: Ti tem MSN?, enviou:  para Gio_Roots
[17/6/2012] [5:32:42] SMS: kkkkkk, enviou:  para Lucas_Silva
[17/6/2012] [5:32:42] SMS: falo mano chego vivo ?, enviou:  para Igoor_Cerqueira
[17/6/2012] [5:32:42] SMS: convida, enviou:  para Igoor_Cerqueira
[17/6/2012] [5:32:42] SMS: lucas tenhu q demitir alguem ta , enviou:  para KICKME_Ass
[17/6/2012] [5:32:42] SMS: TBM VO, enviou:  para Lucas_Silva
[17/6/2012] [5:32:42] SMS: ae mano so da pm da su ae em mim de ERRO, eu to bugadao, enviou:  para Igoor_Cerqueira
[17/6/2012] [5:32:42] SMS: e, enviou:  para Dieguinho_zika
[17/6/2012] [5:32:42] SMS: mano tem vaga ? eu so lvl 2 mais sei tudo buga eagle x1 tudo me, enviou:  para Dieguinho_zika
[17/6/2012] [5:32:42] SMS: TEEM VAAGA ?, enviou:  para Dieguinho_zika
[17/6/2012] [5:32:42] SMS: Diminui ai minha pena, enviou:  para Dieguinho_zika
[17/6/2012] [5:32:42] SMS: Diminui ai minha pena man entrei pro exercito ., enviou:  para Dieguinho_zika
[17/6/2012] [5:32:42] SMS: OU EAE, enviou:  para Jose_afonsos
[17/6/2012] [5:32:42] SMS: ai posso entra na sua  equipe , enviou:  para Danie_ds
[17/6/2012] [5:32:42] SMS: vc e lider , enviou:  para Danie_ds
[18/6/2012] [2:53:1] SMS: ai cara vc e linder ou sub lider, enviou:  para Danie_ds
[18/6/2012] [2:53:1] SMS: ai vc pode min coloca de prefeito porfavo, enviou:  para Danie_ds
[18/6/2012] [2:53:1] SMS: espera ai fica parado ja to chegando, enviou:  para Dieguinho_zika
[18/6/2012] [2:53:1] SMS: ai vc e sub lider], enviou:  para Danie_ds
[18/6/2012] [2:53:1] SMS: Lider., enviou:  para Marcos_Brforce
[18/6/2012] [2:53:1] SMS: ai min comvida ai mano , enviou:  para Danie_ds
[18/6/2012] [2:53:1] SMS: Só posso  convidar se passar no teste., enviou:  para Marcos_Brforce
[18/6/2012] [2:53:1] SMS: Mas se quiser faço treinamento para entrar na BOPE., enviou:  para Marcos_Brforce
[18/6/2012] [2:53:1] SMS: Tem raidcall ou skype ?, enviou:  para Marcos_Brforce
[18/6/2012] [2:53:1] SMS: ja e onde vc esta eu to aqui na frente da prefeitota , enviou:  para Danie_ds
[18/6/2012] [2:53:1] SMS: espera que te pego ai, enviou:  para Marcos_Brforce
[18/6/2012] [2:53:1] SMS: ja e brigado, enviou:  para Danie_ds
[18/6/2012] [2:53:1] SMS: eu acho q ele fala brasileiro so ta fingindo eim, enviou:  para fb_mk
[18/6/2012] [2:53:1] SMS: espera ai, enviou:  para Marcos_Brforce
[18/6/2012] [2:53:1] SMS: hey mano, enviou:  para Ramon_Martinez
[18/6/2012] [2:53:1] SMS: oi, enviou:  para Marcos_Brforce
[18/6/2012] [2:53:1] SMS: ai onde c ta me liga ai..vc quer teste?, enviou:  para fb_mk
[18/6/2012] [2:53:1] SMS: ivo espera ai, enviou:  para Marcos_Brforce
[18/6/2012] [2:53:1] SMS: mano fica parado ai to chegando ne vc parceiro, enviou:  para fb_mk
[18/6/2012] [2:53:1] SMS: ele ta na DP de LS, enviou:  para Dark_Boy
[18/6/2012] [2:53:1] SMS: ignora o id 3, enviou:  para Dark_Boy
[18/6/2012] [2:53:1] SMS: ignora o, enviou:  para Dark_Boy
[18/6/2012] [2:53:1] SMS: ignora o id 3, enviou:  para Dark_Boy
[18/6/2012] [2:53:1] SMS: mas omg, enviou:  para Ultraa_cg
[18/6/2012] [2:53:1] SMS: ele assim vai nos matar e matar a piada, enviou:  para Dark_Boy
[18/6/2012] [2:53:1] SMS: e acabar por sair, enviou:  para Dark_Boy
[18/6/2012] [2:53:1] SMS: ja fui pelos ars, enviou:  para Ultraa_cg
[18/6/2012] [2:53:1] SMS: tou no telhado, enviou:  para Ultraa_cg
[18/6/2012] [2:53:1] SMS: de uma casa a beira do mar, enviou:  para Ultraa_cg
[18/6/2012] [2:53:1] SMS: depois se da uma passa no brasil play vicio, enviou:  para Felipe_Moras
[18/6/2012] [2:53:1] SMS: compro casa, enviou:  para Alexandre_Bernardo
[18/6/2012] [2:53:1] SMS: quanto paga?, enviou:  para Priscilla_Torres
[18/6/2012] [2:53:1] SMS: quanto das ?, enviou:  para Alexandre_Bernardo
[18/6/2012] [2:53:1] SMS: das oq? ta loco vc q vai pagar pra comprar a casa, enviou:  para Priscilla_Torres
[18/6/2012] [2:53:1] SMS: quanto das por ela, enviou:  para Alexandre_Bernardo
[18/6/2012] [2:53:1] SMS: compro casa, enviou:  para Alexandre_Bernardo
[18/6/2012] [2:53:1] SMS: n tenho xD tb keruh, enviou:  para Ivo_Xelas
[18/6/2012] [2:53:1] SMS: compro casa, enviou:  para Alexandre_Bernardo
[18/6/2012] [2:53:1] SMS: qnt vc vende?, enviou:  para Ivo_Xelas
[18/6/2012] [2:53:1] SMS: compro casa, enviou:  para Alexandre_Bernardo
[18/6/2012] [2:53:1] SMS: tem q ter raidcall, enviou:  para GF_Gugax
[18/6/2012] [2:53:1] SMS: precisa de advogado??, enviou:  para Priscilla_Torres
[18/6/2012] [2:53:1] SMS: precisa de advogado??, enviou:  para Priscilla_Torres
[18/6/2012] [2:53:1] SMS: desculpa pela van, enviou:  para Priscilla_Torres
[18/6/2012] [2:53:1] SMS: me soltar ai por 500, enviou:  para GF_FireMark
[18/6/2012] [2:53:1] SMS: oce que e advogada, enviou:  para GF_FireMark
[18/6/2012] [2:53:1] SMS: s, enviou:  para Priscilla_Torres
[18/6/2012] [2:53:1] SMS: ja to a caminho, enviou:  para Priscilla_Torres
[18/6/2012] [2:53:1] SMS: os guanbe tah a solta, enviou:  para GF_FireMark
[18/6/2012] [2:53:1] SMS: posta forum q ele vai pro carandiru, enviou:  para Coringa_Phoenix
[18/6/2012] [12:6:58] SMS: Diego Staff, enviou:  para Coringa_Phoenix
[18/6/2012] [12:6:58] SMS: burro, enviou:  para John_SantoS
[18/6/2012] [12:6:58] SMS: vc e meu fechamento, enviou:  para Coringa_Phoenix
[18/6/2012] [12:6:58] SMS: kk, enviou:  para John_SantoS
[18/6/2012] [12:6:58] SMS: quer ganhar mais avaliacoes positivas kkk , enviou:  para John_SantoS
[18/6/2012] [12:6:58] SMS: manda grana ahusahu, enviou:  para John_SantoS
[18/6/2012] [12:6:58] SMS: se for preso me avisa /duvida, enviou:  para Coringa_Phoenix
[18/6/2012] [12:6:58] SMS: chegando, enviou:  para Priscilla_Torres
[18/6/2012] [12:6:58] SMS: to atras da pizzaria, enviou:  para John_SantoS
[18/6/2012] [12:6:58] SMS: VAMO PRA HQ, enviou:  para GF_FireMark
[18/6/2012] [18:41:19] SMS: conta nova disgraça, enviou:  para RIVersiD_alessandro
[18/6/2012] [18:41:19] SMS: faz teste adm comig okkkk, enviou:  para John_SantoS
[18/6/2012] [18:41:19] SMS: deixa eu entra na orgue, enviou:  para Power_ka
[18/6/2012] [18:41:19] SMS: pq me kiko da org?, enviou:  para Ari_Brforce
[18/6/2012] [18:41:19] SMS: MT LAG TA LOK VMS X1 DPS, enviou:  para Rafael_Prentice
[18/6/2012] [18:41:19] SMS: MEO PING  KK ASSIN CE N GANHA MAN, enviou:  para Rafael_Prentice
[18/6/2012] [18:41:19] SMS: pow mano foi amanutencao pow, enviou:  para Robert_Brfoce
[18/6/2012] [18:41:19] SMS: kkk lag ridiculo pra cacete, enviou:  para Diego_AmS
[18/6/2012] [18:41:19] SMS: CE  E O DIEGO BERFOCE?, enviou:  para Rafael_Prentice
[18/6/2012] [18:41:19] SMS: eh peudo ser de tu groove street?\, enviou:  para Ramon_Martinez
[18/6/2012] [20:35:17] SMS: yure diego ta off  é ?, enviou:  para Robert_Brfoce
[18/6/2012] [20:35:17] SMS: yure desse RC ae moral, enviou:  para Robert_Brfoce
[18/6/2012] [20:35:17] SMS: por que voce algemou yuri ?, enviou:  para Andrei_Staff
[18/6/2012] [20:35:17] SMS: wwwwwwwww, enviou:  para Joao_Civil
[18/6/2012] [20:35:17] SMS: Não teve motivo pra você me prender., enviou:  para Elmoor_Northam
[18/6/2012] [20:35:17] SMS: onde vc esta?, enviou:  para Joao_Civil
[18/6/2012] [20:35:17] SMS: Sla, acho que bugou to fora., enviou:  para Elmoor_Northam
[18/6/2012] [20:35:17] SMS: Mais n da pra fazer nada, ta travado., enviou:  para Elmoor_Northam
[18/6/2012] [20:35:17] SMS: eu nao ia te prender, enviou:  para Joao_Civil
[18/6/2012] [20:35:17] SMS: Queria só passear de carro comigo ?AUEHAUEHAUEHAU, enviou:  para Elmoor_Northam
[18/6/2012] [20:35:17] SMS: eu ia de pagar 10000 por nao ter cido ´rpcurado, enviou:  para Joao_Civil
[18/6/2012] [20:35:17] SMS: Você ainda aplicou uma multa em mim, UAHEUAEHUAUEH, enviou:  para Elmoor_Northam
[18/6/2012] [20:35:17] SMS: Vou reentrar, um minuto, enviou:  para Elmoor_Northam
[18/6/2012] [20:35:17] SMS: Voltei, ow como vira pm ?, enviou:  para Elmoor_Northam
[18/6/2012] [20:35:17] SMS: diego man ta falando que n sou socio, enviou:  para Robert_Brfoce
[18/6/2012] [21:37:27] SMS: MANO ME COLOCA COMO LIDER E, enviou:  para Souza_JS
[18/6/2012] [21:37:27] SMS: vem aki man ou vai RC, enviou:  para Robert_Brfoce
[18/6/2012] [21:37:27] SMS: viiado !, enviou:  para Souza_JS
[18/6/2012] [21:37:27] SMS: diego ?, enviou:  para Souza_JS
[18/6/2012] [21:37:27] SMS: AQUI MANO, enviou:  para Souza_JS
[18/6/2012] [21:37:27] SMS: diego ? sou eu que estava falando contg , enviou:  para Souza_JS
[18/6/2012] [21:37:27] SMS: no msn o lider da pm, enviou:  para Souza_JS
[18/6/2012] [21:37:27] SMS: ta ai diego ?, enviou:  para Souza_JS
[18/6/2012] [21:37:27] SMS: man tou sem kit socio, enviou:  para Robert_Brfoce
[18/6/2012] [21:37:27] SMS: sim diego queria te pedir mais bala aki na mafia, enviou:  para Robert_Brfoce
[18/6/2012] [21:37:27] SMS: TA AI DIEGO ? MEEU LIDER ?, enviou:  para Souza_JS
[18/6/2012] [21:37:27] SMS: Yakuza '0', enviou:  para BoB_Killer
[18/6/2012] [21:37:27] SMS: ?, enviou:  para Robert_Brfoce
[18/6/2012] [21:37:27] SMS: Convidar yakuza?, enviou:  para BoB_Killer
[18/6/2012] [21:37:27] SMS: sim , enviou:  para Robert_Brfoce
[18/6/2012] [21:37:27] SMS: pede contas, enviou:  para Robert_Brfoce
[18/6/2012] [21:37:27] SMS: q vim pra hamas, enviou:  para Robert_Brfoce
[18/6/2012] [21:37:27] SMS: pronto, enviou:  para BoB_Killer
[18/6/2012] [21:37:27] SMS: pronto convidar ai, enviou:  para BoB_Killer
[18/6/2012] [21:37:27] SMS: DIEGO MEU LIDER DA PM ?, enviou:  para Souza_JS
[18/6/2012] [21:37:27] SMS: DIEGO MEU LIDER DA PM ?, enviou:  para Souza_JS
[18/6/2012] [21:37:27] SMS: VALEU MLK, enviou:  para Souza_JS
[18/6/2012] [21:37:27] SMS: lek tme como vim aqui ?, enviou:  para Souza_JS
[18/6/2012] [21:37:27] SMS: diego ele postar agora ! e so voce dar o lider pro porroca !, enviou:  para Souza_JS
[18/6/2012] [21:37:27] SMS: Acc ai o convite, enviou:  para BoB_Killer
[18/6/2012] [21:37:27] SMS: Criar um raidcall pra ti, enviou:  para BoB_Killer
[18/6/2012] [21:37:27] SMS: ve para mim se tem procurados na hq dos vagos , enviou:  para Lucas_Silva
[18/6/2012] [21:37:27] SMS: procuro pelo id da pessoa , enviou:  para Noob_Killer
[18/6/2012] [21:37:27] SMS: passa la em frente e me fala, enviou:  para Lucas_Silva
[18/6/2012] [21:37:27] SMS: Tem como guardar o lider aztecas vou sair amanha to aki msm hor, enviou:  para Daniel_XD
[18/6/2012] [21:37:27] SMS: viado me convida, enviou:  para GF_FireMark
[18/6/2012] [21:37:27] SMS: limpa pra mim ai, enviou:  para RIVersid_Magnus
[18/6/2012] [21:37:27] SMS: convida ai mano, enviou:  para GF_FireMark
[18/6/2012] [21:37:27] SMS: manda luiz me convida, enviou:  para GF_FireMark
[18/6/2012] [21:37:27] SMS: 8, enviou:  para GF_FireMark
[18/6/2012] [21:37:27] SMS: Agr vão te sequestra, enviou:  para Average_Killer
[18/6/2012] [21:37:27] SMS: AI ME SOLTA AKI PO, enviou:  para Jose_afonsos
[18/6/2012] [21:37:27] SMS: Vi taxista levando em seu carro 2 traficantes! A próxima sera a, enviou:  para Average_Killer
[18/6/2012] [21:37:27] SMS: Não será perdoado e será preso, enviou:  para Average_Killer
[18/6/2012] [21:37:27] SMS: eu levando?, enviou:  para Noob_Killer
[18/6/2012] [21:37:27] SMS: Taxista, faz isso virar noticia, enviou:  para Average_Killer
[18/6/2012] [21:37:27] SMS: Tiroteio HQ PC, enviou:  para Average_Killer
[18/6/2012] [21:37:27] SMS: manda convite, enviou:  para GF_FireMark
[18/6/2012] [21:37:27] SMS: convite mano, enviou:  para GF_FireMark
[18/6/2012] [21:37:27] SMS: Quero dar Intrevista, enviou:  para Lucas_Duarte
[18/6/2012] [21:37:27] SMS: Atende Porra, enviou:  para Lucas_Duarte
[18/6/2012] [21:37:27] SMS: YURE, enviou:  para Jeffersoon_Matador
[18/6/2012] [21:37:27] SMS: Cautela máxima devido mts ataques em frente a PC, enviou:  para Average_Killer
[18/6/2012] [21:37:27] SMS: MAIS ATAQUES!  JÁ MORREAM 8 BANDIDOS, enviou:  para Average_Killer
[18/6/2012] [21:37:27] SMS: TO AJUDANDO, enviou:  para PauliN_ChD
[18/6/2012] [21:37:27] SMS: TAVA AJUDANDO TAVA CUMPRINDO MEU CONTRATO E O CARA ME MATA TNC , enviou:  para PauliN_ChD
[18/6/2012] [21:37:27] SMS: Me intrevista ., enviou:  para GF_Matheus
[18/6/2012] [21:37:27] SMS: MANDA 1 BEIJO PRO DIEGO e Yure by Guilherme-Henrique kk, enviou:  para Guilherme_Henrique
[18/6/2012] [21:37:27] SMS: fala que foi eu que mandei :D, enviou:  para Guilherme_Henrique
[18/6/2012] [21:37:27] SMS: kkk vlw kk, enviou:  para Guilherme_Henrique
[18/6/2012] [21:37:27] SMS: e NOIS PORRA :D KKK, enviou:  para Guilherme_Henrique
[18/6/2012] [21:37:27] SMS: e NOIS PORRA KKK, enviou:  para Guilherme_Henrique
[18/6/2012] [21:37:27] SMS: Entrevista eu ., enviou:  para GF_Matheus
[18/6/2012] [21:37:27] SMS: so daki meia hora , enviou:  para Noob_Killer
[18/6/2012] [21:37:27] SMS: Tiroteio na favela , vem ver OGOGOGOGO, enviou:  para GF_Matheus
[18/6/2012] [21:37:27] SMS: tenho que   ri de vc x1 eo e tu vc n qer?, enviou:  para Rafael_Prentice
[18/6/2012] [21:37:27] SMS: AI LUCAS VC PODE  MIN CONVIDA PRA ENTRA NA SUA ORGS, enviou:  para Danie_ds
[18/6/2012] [21:37:27] SMS: eu estava ae quase matei ele, enviou:  para Lucas_Silva
[18/6/2012] [21:37:27] SMS: eu estava ai e quase matei ele ai o yakusa deu o ultimo tiro, enviou:  para Lucas_Silva
[18/6/2012] [21:37:27] SMS: dnada, enviou:  para Lucas_Silva
[18/6/2012] [21:37:27] SMS: Vemm fazer reportagem sobre invazao groove, enviou:  para Lucas_Duarte
[18/6/2012] [21:37:27] SMS: Me chama dps pra falar do morro, enviou:  para Average_Killer
[18/6/2012] [21:37:27] SMS: ok, enviou:  para Noob_Killer
[18/6/2012] [21:37:27] SMS: ?, enviou:  para Rafael_Prentice
[18/6/2012] [21:37:27] SMS: affs de novo ¬¬, enviou:  para Lucas_Duarte
[18/6/2012] [21:37:27] SMS: e  agr|?, enviou:  para Rafael_Prentice
[18/6/2012] [21:37:27] SMS: af man vo espera assin n, enviou:  para Rafael_Prentice
[18/6/2012] [21:37:27] SMS: to indo, enviou:  para Lucas_Duarte
[18/6/2012] [21:37:27] SMS: TAFFS KARA, enviou:  para Lucas_Duarte
[18/6/2012] [21:37:27] SMS: O MAIS PATO, enviou:  para Rafael_Prentice
[18/6/2012] [21:37:27] SMS: otario xiter  de merda, enviou:  para Victor_Franco
[18/6/2012] [21:37:27] SMS: da pra fazer um teste pra org?, enviou:  para Victor_Franco
[18/6/2012] [21:37:27] SMS: me tira daki, enviou:  para Victor_Franco
[18/6/2012] [21:37:27] SMS: tem como fazer teste pra org?, enviou:  para Victor_Franco
[18/6/2012] [21:37:27] SMS: ai Diego vc tem msn  si tiver manda ai , enviou:  para Danie_ds
[18/6/2012] [21:37:27] SMS: ai Diego vc tem msn si tiver manda ai , enviou:  para Danie_ds
[18/6/2012] [21:37:27] SMS: e ae lucas vai me dar sub mano?, enviou:  para fb_mk
[18/6/2012] [21:37:27] SMS: o marcos ia me dar sub do bope mais nao quis, enviou:  para fb_mk
[18/6/2012] [21:37:27] SMS: ae mano te falei ja truxe 3 amigos para esse serve, enviou:  para fb_mk
[18/6/2012] [21:37:27] SMS: daki 7 minutos eu saio da cadeia, enviou:  para Victor_Franco
[18/6/2012] [21:37:27] SMS: ae mano quero teste o q vc quer regras cmd tipos de su pode ped, enviou:  para fb_mk
[18/6/2012] [21:37:27] SMS: diego o certo é os liderem atender o cel certo?, enviou:  para fb_mk
[18/6/2012] [21:37:27] SMS: pq o lucsa nao quer atender o cel dele, enviou:  para fb_mk
[18/6/2012] [21:37:27] SMS: tah na hq ainda? falta 4 minutos pra sair, enviou:  para Victor_Franco
[18/6/2012] [21:37:27] SMS: deu nem graça, enviou:  para fb_mk
[18/6/2012] [21:37:27] SMS: vos air aki lek com deus ae ate amanha, enviou:  para fb_mk
[18/6/2012] [21:37:27] SMS: qualquer dias desses vc visita meu serve jogo no playvicio so l, enviou:  para fb_mk
[18/6/2012] [21:37:27] SMS: so me procurar q te do 1 vaga la lek, enviou:  para fb_mk
[19/6/2012] [4:37:35] SMS: vemmmmmmmmmmmm, enviou:  para Coringa_Phoenix
[19/6/2012] [4:37:35] SMS: quer se entregar?, enviou:  para Dieguinho_zika
[19/6/2012] [4:37:35] SMS: N, enviou:  para PauliN_ChD
[19/6/2012] [4:37:35] SMS: vem na cadeia me soltar porfavor, enviou:  para Coringa_Phoenix
[19/6/2012] [4:37:35] SMS: Malz, O cara é meio Noob, enviou:  para Umbra_Perfect
[19/6/2012] [4:37:35] SMS: S IA ME RENDER PRA DIMINUIR A PENA :/, enviou:  para PauliN_ChD
[19/6/2012] [4:37:35] SMS: Ainda algemou em combate, enviou:  para Umbra_Perfect
[19/6/2012] [4:37:35] SMS: TIREI SS VO DENUNCIAR FORUM !JA VOLTO, enviou:  para PauliN_ChD
[19/6/2012] [4:37:35] SMS: Ok..., enviou:  para Umbra_Perfect
[19/6/2012] [4:37:35] SMS: CADE KRL ?, enviou:  para PauliN_ChD
[19/6/2012] [4:37:35] SMS: quando vc cometer muitos crimes vc me liga que eu limpo sua fic, enviou:  para MuriLo_Olivera
[19/6/2012] [4:37:35] SMS: DA /PEDIRCONTAS QUE VOU TE CONVIDAR !, enviou:  para PauliN_ChD
[19/6/2012] [4:37:35] SMS: VO SAIR FLW, enviou:  para PauliN_ChD
[19/6/2012] [4:37:35] SMS: vc pode vir aki pfv manin, enviou:  para MuriLo_Olivera
[19/6/2012] [4:37:35] SMS: vc fas parte da staff ?, enviou:  para MuriLo_Olivera
[19/6/2012] [4:37:35] SMS: vem ka no aeroporto que ta tendo tiroteio, enviou:  para GF_FireMark
[19/6/2012] [4:37:35] SMS: vem aqui rapidin pfv, enviou:  para MuriLo_Olivera
[19/6/2012] [4:37:35] SMS: 1 minuto, enviou:  para MuriLo_Olivera
[19/6/2012] [4:37:35] SMS: diego vem aqui poha, enviou:  para MuriLo_Olivera
[19/6/2012] [4:37:35] SMS: cara como faço para conseguir score sou da policia civil , enviou:  para Mister_Tenebrozo
[19/6/2012] [4:37:35] SMS: Diego quando puder olha meu manual Aztecas ok?, enviou:  para Daniel_XD
[19/6/2012] [4:37:35] SMS: qual eo nome dessa org?, enviou:  para cristian_jpa
[19/6/2012] [4:37:35] SMS: manda vagos parar de atirar em mim , enviou:  para Tenchu_Rikimaru
[19/6/2012] [4:37:35] SMS: lembra d mim? vc tinha me convidado pra org ai, enviou:  para Tenchu_Rikimaru
[19/6/2012] [4:37:35] SMS: o ldier aki saiu vou ver se pego lider e nos faz contrato, enviou:  para Tenchu_Rikimaru
[19/6/2012] [4:37:35] SMS: ,E PUXA NO RAICALL Q E FODA EXPLICA, enviou:  para Jose_afonsos
[19/6/2012] [4:37:35] SMS: cara hamas sem lider eu falei com vc ontem RC nao atira em mim, enviou:  para Tenchu_Rikimaru
[19/6/2012] [4:37:35] SMS: Oque significa GF?, enviou:  para Daniel_XD
[19/6/2012] [4:37:35] SMS: Quer apoio da alqaeda?, enviou:  para Daniel_XD
[19/6/2012] [4:37:35] SMS: manda /sms 4555, enviou:  para Daniel_XD
[19/6/2012] [4:37:35] SMS: aceito ally, enviou:  para GF_Guilherme
[19/6/2012] [4:37:35] SMS: Essse servidor pode?, enviou:  para Daniel_XD
[19/6/2012] [4:37:35] SMS: n te atacamos e vc n ataca agente, enviou:  para GF_Guilherme
[19/6/2012] [4:37:35] SMS: dps converso, enviou:  para Daniel_XD
[19/6/2012] [4:37:35] SMS: ok, enviou:  para GF_Guilherme
[19/6/2012] [4:37:35] SMS: Mas então, enviou:  para Daniel_XD
[19/6/2012] [4:37:35] SMS: Eu posso atacar seus inimigos nesse servidor?, enviou:  para Daniel_XD
[19/6/2012] [4:37:35] SMS: n so se eles te atacar, enviou:  para GF_Guilherme
[19/6/2012] [4:37:35] SMS: Da /orgs não tem mesmo dps de reiniciar lideres ele não voltou, enviou:  para Daniel_XD
[19/6/2012] [4:37:35] SMS: kk noobao, enviou:  para GF_Gugax
[19/6/2012] [4:37:35] SMS: so mata com suas amigas ne kkk lixo, enviou:  para GF_Gugax
[19/6/2012] [4:37:35] SMS: pra quem ficava correndo né, nao aguentava...., enviou:  para Renan_Marcolino
[19/6/2012] [4:37:35] SMS: desculpa de perdedor so pq perdeu kkkk, enviou:  para GF_Gugax
[19/6/2012] [4:37:35] SMS: perdi mesmo uai, pelo menos minha org é mais que a sua, nao é t, enviou:  para Renan_Marcolino
[19/6/2012] [4:37:35] SMS: kk sua org e a mais lixo deve nem precisar de teste pra entra, enviou:  para GF_Gugax
[19/6/2012] [4:37:35] SMS: KKK,VAMO ENTAO VE QUEEM É MAIS? VAMO ORGXORG OU VAI ARREGA?, enviou:  para Renan_Marcolino
[19/6/2012] [4:37:35] SMS: Espera nossos membros entrar entao lixo, enviou:  para GF_Gugax
[19/6/2012] [4:37:35] SMS: NEM MEMBROS TEM ,AI MEU DEUS , MAIS VAMO ENTAO!, enviou:  para Renan_Marcolino
[19/6/2012] [4:37:35] SMS: eu tiro x1 com todo mundo da sua gang ai, enviou:  para GF_Gugax
[19/6/2012] [4:37:35] SMS: n temos membros pq n e facil entrar aki q nem é ai, enviou:  para GF_Gugax
[19/6/2012] [4:37:35] SMS: OU PORQUE NINGUEM QUER NÉ ;S, enviou:  para Renan_Marcolino
[19/6/2012] [4:37:35] SMS: quer comprar granada para matar todos os vagos?, enviou:  para LosT_SiLLenTz
[19/6/2012] [4:37:35] SMS: quero n vlw , n v gasta grana com nbs, enviou:  para GF_Gugax
[19/6/2012] [4:37:35] SMS: da /orgs ai, enviou:  para Daniel_XD
[19/6/2012] [4:37:35] SMS: Jáe fechamento, enviou:  para Coringa_Phoenix
[19/6/2012] [4:37:35] SMS: dc =/, enviou:  para LosT_SiLLenTz
[19/6/2012] [4:37:35] SMS: pensei q foce fechamento, enviou:  para Coringa_Phoenix
[19/6/2012] [4:37:35] SMS: nao to com raiva mas tipo a menssagem aparece na frente, enviou:  para Tenchu_Rikimaru
[19/6/2012] [4:37:35] SMS: atrapalha um poquinho tenta mandar pelo chat msm, enviou:  para Tenchu_Rikimaru
[19/6/2012] [4:37:35] SMS: ñ dá so asim mesmo, enviou:  para Coringa_Phoenix
[19/6/2012] [4:37:35] SMS: me espera ai, enviou:  para LosT_SiLLenTz
[19/6/2012] [4:37:35] SMS: cara posso realizar guerra em q local aki, enviou:  para Tenchu_Rikimaru
[19/6/2012] [4:37:35] SMS: oo man ta indo estação, enviou:  para RIVersiD_alessandro
[19/6/2012] [4:37:35] SMS: vaga pra sub ?, enviou:  para Coringa_Phoenix
[19/6/2012] [4:37:35] SMS: Yes, enviou:  para Lucas_Duarte
[19/6/2012] [4:37:35] SMS: CONVIDA, enviou:  para Coringa_Phoenix
[19/6/2012] [4:37:35] SMS: aff negativco, enviou:  para Coringa_Phoenix
[19/6/2012] [4:37:35] SMS: Complexo e praça seu, enviou:  para GF_wLMaikon
[19/6/2012] [4:37:35] SMS: pista favelae park nosso, enviou:  para GF_wLMaikon
[19/6/2012] [4:37:35] SMS: Parque ta avulso ta vazio, enviou:  para Daniel_XD
[19/6/2012] [4:37:35] SMS: VLW BRUNÃO MEU FECHAMENTO, enviou:  para Coringa_Phoenix
[19/6/2012] [4:37:35] SMS: vlw meu fechamento, enviou:  para Coringa_Phoenix
[19/6/2012] [4:37:35] SMS: eae prado, enviou:  para Jose_afonsos
[19/6/2012] [4:37:35] SMS: um salve para Yuri é YuriZin, enviou:  para Coringa_Phoenix
[19/6/2012] [4:37:35] SMS: FALA Q EU MANDEI UM SALVE PRO PESSOAL DA LOS VAGOS S2, enviou:  para Renan_Marcolino
[19/6/2012] [4:37:35] SMS: VAI MORRER, enviou:  para GF_Mauro
[19/6/2012] [4:37:35] SMS: um salve para Yuri é YuriZin, enviou:  para Coringa_Phoenix
[19/6/2012] [4:37:35] SMS: um salve para Yuri é YuriZin, enviou:  para Coringa_Phoenix
[19/6/2012] [4:37:35] SMS: Eu to vendo essa merda, enviou:  para Umbra_Perfect
[19/6/2012] [4:37:35] SMS: CARA SE VAI MORRER ENTEDEU SEU CHUA ROLA, enviou:  para GF_Mauro
[19/6/2012] [4:37:35] SMS: EU, enviou:  para GF_Mauro
[19/6/2012] [4:37:35] SMS: vc vai me pagar 50k?, enviou:  para GF_Gugax
[19/6/2012] [4:37:35] SMS: mudo agora é Globo Aagente se liga em Você, enviou:  para Coringa_Phoenix
[19/6/2012] [4:37:35] SMS: vish to bem longe dai cara, enviou:  para Victor_Franco
[19/6/2012] [4:37:35] SMS: VEM CA NA HQ DOS DRIFITERS, enviou:  para GF_Mauro
[19/6/2012] [4:37:35] SMS: ta ai?, enviou:  para GF_Guilherme
[19/6/2012] [4:37:35] SMS: se tiver digita /aceitar convite, enviou:  para GF_Guilherme
[19/6/2012] [4:37:35] SMS: posso entrar?, enviou:  para GF_wLMaikon
[19/6/2012] [4:37:35] SMS: sim, enviou:  para Renan_Marcolino
[19/6/2012] [4:37:35] SMS: valeu, enviou:  para Renan_Marcolino
[19/6/2012] [4:37:35] SMS: aceta, enviou:  para Coringa_Phoenix
[19/6/2012] [17:6:59] SMS: tem vaga? convida, enviou:  para Devid_Alves
[19/6/2012] [17:6:59] SMS: vem na hq, enviou:  para Sergio_Ws
[19/6/2012] [17:6:59] SMS: dddw, enviou:  para Renan_Marcolino
[19/6/2012] [17:6:59] SMS: a, enviou:  para Renan_Marcolino
[19/6/2012] [17:6:59] SMS: tem vaga?convida, enviou:  para Devid_Alves
[19/6/2012] [17:6:59] SMS: teste, enviou:  para Devid_Alves
[19/6/2012] [17:6:59] SMS: teste pf, enviou:  para Devid_Alves
[19/6/2012] [17:6:59] SMS: pow cara atende ai , enviou:  para Sergio_Ws
[19/6/2012] [17:6:59] SMS: pow cara atende ai , enviou:  para Sergio_Ws
[19/6/2012] [17:6:59] SMS: VLW VIADO, enviou:  para PauliN_ChD
[19/6/2012] [17:6:59] SMS: Só pra nao fica sem fazer nada emo, enviou:  para BoB_Killer
[19/6/2012] [17:6:59] SMS: Agr tem muito trabalho, enviou:  para BoB_Killer
[19/6/2012] [17:6:59] SMS: S E MTO EMM, enviou:  para PauliN_ChD
[19/6/2012] [17:6:59] SMS: teste tou pista, enviou:  para Devid_Alves
[19/6/2012] [17:6:59] SMS: bora rouba banco vai, enviou:  para Devid_Alves
[19/6/2012] [17:6:59] SMS: veio posso faser o teste para policia?, enviou:  para DaDiNhO_Mk
[19/6/2012] [17:6:59] SMS: tive on me passa uma mensagem tel 9767, enviou:  para DaDiNhO_Mk
[19/6/2012] [17:6:59] SMS: TESTE, enviou:  para Devid_Alves
[19/6/2012] [17:6:59] SMS: lucas demito e um ai , enviou:  para KICKME_Ass
[19/6/2012] [17:6:59] SMS: quem, enviou:  para Lucas_Silva
[19/6/2012] [17:6:59] SMS: ecko, enviou:  para KICKME_Ass
[19/6/2012] [17:6:59] SMS: libero ai mani me avisa no r, enviou:  para KICKME_Ass
[19/6/2012] [19:54:8] SMS: pode vir ate aki?, enviou:  para Emilio_SWAT
[19/6/2012] [19:54:8] SMS: man vc n queria vim pra ca ?, enviou:  para Robert_Brfoce
[19/6/2012] [19:54:8] SMS: DIEGO AFF MAN  TA VACILAND VIEO, enviou:  para Rafael_Prentice
[19/6/2012] [19:54:8] SMS: TU E FHODS -,-, enviou:  para Rafael_Prentice
[19/6/2012] [19:54:8] SMS: cole poker, enviou:  para Robert_Brfoce
[19/6/2012] [19:54:8] SMS: Iai tudo joia parceiro ? tem vagas a gang?, enviou:  para Pekkeno_redLabeL
[19/6/2012] [19:54:8] SMS: tem vagas na mafia parceiro?, enviou:  para Pekkeno_redLabeL
[19/6/2012] [19:54:8] SMS: sim man, enviou:  para Robert_Brfoce
[19/6/2012] [19:54:8] SMS: ok amigo vo ler o manual e fasso test pode ser?, enviou:  para Pekkeno_redLabeL
[19/6/2012] [19:54:8] SMS: pode vc tem rc, enviou:  para Robert_Brfoce
[19/6/2012] [19:54:8] SMS: pow fiz nada cara , enviou:  para Danie_ds
[19/6/2012] [19:54:8] SMS: salveh parceiro , tem como realiza o teste comigo ?, enviou:  para Pekkeno_redLabeL
[19/6/2012] [19:54:8] SMS: tem sim man, enviou:  para Robert_Brfoce
[19/6/2012] [19:54:8] SMS: pode ser agora?, enviou:  para Pekkeno_redLabeL
[19/6/2012] [19:54:8] SMS: vc q fala pelo sel ou vim aki, enviou:  para Robert_Brfoce
[19/6/2012] [19:54:8] SMS: pode ser agora sim, enviou:  para Robert_Brfoce
[19/6/2012] [19:54:8] SMS: /do /ang /ga /membros / infoorg /roubar /assaltAR  convida, enviou:  para Devid_Alves
[19/6/2012] [19:54:8] SMS: vo na sua hq, enviou:  para Pekkeno_redLabeL
[19/6/2012] [19:54:8] SMS: oks , enviou:  para Robert_Brfoce
[19/6/2012] [19:54:8] SMS: cheguei, enviou:  para Pekkeno_redLabeL
[19/6/2012] [19:54:8] SMS: PEDICONTAS, enviou:  para Rafael_Prentice
[19/6/2012] [19:54:8] SMS: convida, enviou:  para Devid_Alves
[19/6/2012] [19:54:8] SMS: BOPE ABRE VAGAS MANUAL LIDO LIGUE-me, enviou:  para Guilherme_Henrique
[19/6/2012] [19:54:8] SMS: BOPE ABRE VAGAS MANUAL LIDO LIGUE-ME, enviou:  para Guilherme_Henrique
[19/6/2012] [19:54:8] SMS: BOPE ABRE VAGAS MANUAL LIDO LIGUE-ME, enviou:  para Guilherme_Henrique
[19/6/2012] [19:54:8] SMS: BOPE ABRE VAGAS MANUAL LIDO LIGUE-ME, enviou:  para Guilherme_Henrique
[19/6/2012] [19:54:8] SMS: ta ricão heim :D, enviou:  para Rafael_Veiga
[19/6/2012] [19:54:8] SMS: BOPE ABRE VAGAS!!!, enviou:  para Guilherme_Henrique
[19/6/2012] [19:54:8] SMS: oi td bem?, enviou:  para GF_wLMaikon
[19/6/2012] [19:54:8] SMS: `FDP TA FUDIDO DEXA EU RONDA PELA CIDADE SE VAI VE, enviou:  para Guilherme_Henrique
[19/6/2012] [19:54:8] SMS: deu crash aki . pera, enviou:  para adriel_sergio
[19/6/2012] [19:54:8] SMS: vo ve uq  nb ? essa nobza tua, enviou:  para Rafael_Prentice
[19/6/2012] [19:54:8] SMS: to prefeitura, enviou:  para Guilherme_Henrique
[19/6/2012] [19:54:8] SMS: indo, enviou:  para adriel_sergio
[19/6/2012] [19:54:8] SMS: po limpa minha ficha ai manow . 6* , enviou:  para adriel_sergio
[19/6/2012] [19:54:8] SMS: so por dirigir sem carteira, enviou:  para adriel_sergio
[19/6/2012] [19:54:8] SMS: andrei jefesom que fala com vc, enviou:  para Robert_Brfoce
[19/6/2012] [21:23:10] SMS: edita meu rg la entao?, enviou:  para GF_Gugax
[19/6/2012] [21:48:59] SMS: ei bora naquele serve de Zumbi ?, enviou:  para Nifty_Winchester
[19/6/2012] [21:48:59] SMS: tem vaga na org ?, enviou:  para Marcos_Brforce
[19/6/2012] [21:48:59] SMS: sim, enviou:  para Robert_Brfoce
[19/6/2012] [21:48:59] SMS: convida aê ladrão, enviou:  para Marcos_Brforce
[19/6/2012] [21:48:59] SMS: deu zica é ? KD tu no RC '-', enviou:  para Rafael_Veiga
[19/6/2012] [21:48:59] SMS: Me passe o ID eu esqueci kkk, enviou:  para Gio_Roots
[19/6/2012] [21:48:59] SMS: vai em meus grupos e entra la '-', enviou:  para Rafael_Veiga
[19/6/2012] [21:48:59] SMS: Eu nao marquei em meus grupos kk, enviou:  para Gio_Roots
[19/6/2012] [21:48:59] SMS: 4775895, enviou:  para Rafael_Veiga
[19/6/2012] [21:48:59] SMS: blz, enviou:  para Gio_Roots
[19/6/2012] [21:48:59] SMS: tem RC ?, enviou:  para Robert_Brfoce
[19/6/2012] [21:48:59] SMS: tem vaga ?, enviou:  para MuriLo_Olivera
[19/6/2012] [21:48:59] SMS: coisa o tempo lapf '-', enviou:  para Renan_Marcolino
[19/6/2012] [21:48:59] SMS: sai foi sub , enviou:  para Robert_Brfoce
[19/6/2012] [21:48:59] SMS: man vomu fazer aliança de advogado seril mesmu, enviou:  para Robert_Brfoce
[19/6/2012] [21:48:59] SMS: NAO , enviou:  para Jose_afonsos
[19/6/2012] [21:48:59] SMS: Peido na farofa é foda kkkkkkkkk, enviou:  para Gio_Roots
[19/6/2012] [21:48:59] SMS: cara vc  more pra mim e eu e qui sou nub ñ vou encina atira con, enviou:  para Danie_ds
[19/6/2012] [21:48:59] SMS: vo te matar agra so para deixar de ser otario, enviou:  para arthur_pjl
[19/6/2012] [21:48:59] SMS: eu sou veterano no gta, enviou:  para Danie_ds
[19/6/2012] [21:48:59] SMS: intao somos 2 pq ja fui lider de tudo quanter org nobpv lixo, enviou:  para arthur_pjl
[19/6/2012] [21:48:59] SMS: vc é lag e fica todo feliz q ta matando kkkkkkkkkkkk, enviou:  para arthur_pjl
[19/6/2012] [21:48:59] SMS: rsrsrskkkk coitado de vc, enviou:  para Danie_ds
[19/6/2012] [21:48:59] SMS: ai quer sai , enviou:  para Danie_ds
[19/6/2012] [21:48:59] SMS: OQ ACHA, enviou:  para Jose_afonsos
[19/6/2012] [21:48:59] SMS: paga quanto pela sua luberdade, enviou:  para Danie_ds
[19/6/2012] [21:48:59] SMS: DEIXA ,E VERRRRRRRRRRRRRR, enviou:  para Jose_afonsos
[19/6/2012] [21:48:59] SMS: Q TAL NADA SEU OTARIO, enviou:  para Jose_afonsos
[19/6/2012] [21:48:59] SMS: esi qui ta ai e meu peixe otario paga a ele ai , enviou:  para Danie_ds
[19/6/2012] [21:48:59] SMS: kra vc é muito lerdo me mato aff, enviou:  para arthur_pjl
[19/6/2012] [21:48:59] SMS: FILADA PUTA NUB, enviou:  para Danie_ds
[19/6/2012] [21:48:59] SMS: so ganha assim, enviou:  para Danie_ds
[19/6/2012] [21:48:59] SMS: mano mals ai queria ver c tava de xiter foi mal msmo, enviou:  para arthur_pjl
[19/6/2012] [21:48:59] SMS: POW CARA JA DISSI QUE Ñ PRESISO DE XITER PRA GANHA EM UM X1 EU , enviou:  para Danie_ds
[19/6/2012] [21:48:59] SMS: kd vc, enviou:  para Jose_afonsos
[19/6/2012] [21:48:59] SMS: vem loja de arma 1, enviou:  para arthur_pjl
[19/6/2012] [21:48:59] SMS: VIADOA SAFADO, enviou:  para Danie_ds
[19/6/2012] [21:48:59] SMS: estou na empresa, enviou:  para belo_santos
[19/6/2012] [21:48:59] SMS: estou na empresa, enviou:  para belo_santos
[19/6/2012] [21:48:59] SMS: to indo, enviou:  para Jose_afonsos
[19/6/2012] [21:48:59] SMS: precisar utilize /servico taxi., enviou:  para Rafael_Veiga
[19/6/2012] [21:48:59] SMS: Não vai chama taxi O_O, enviou:  para Gio_Roots
[19/6/2012] [21:48:59] SMS: tu tem casa ?, enviou:  para MuriLo_Olivera
[19/6/2012] [21:48:59] SMS: ei tu edita lvl de empresa tbm ?, enviou:  para MuriLo_Olivera
[19/6/2012] [21:48:59] SMS: kkkk nada nao, enviou:  para MuriLo_Olivera
[19/6/2012] [21:48:59] SMS: vem aki ne mim rapidin, enviou:  para MuriLo_Olivera
[19/6/2012] [21:48:59] SMS: se puder venha aki, enviou:  para MuriLo_Olivera
[19/6/2012] [21:48:59] SMS: e regra nao colocar lvl 2 as empresas ?, enviou:  para MuriLo_Olivera
[19/6/2012] [21:48:59] SMS: blz, enviou:  para MuriLo_Olivera
[19/6/2012] [21:48:59] SMS: se falo que e nao e proibido pfv coloca ela lvl 2 pode ser ate , enviou:  para MuriLo_Olivera
[19/6/2012] [21:48:59] SMS: em pfv coloca a empresa lvl 2 manin pode ser ate meio milhao, enviou:  para MuriLo_Olivera
[19/6/2012] [21:48:59] SMS: ou 1 milhao, enviou:  para MuriLo_Olivera
[19/6/2012] [21:48:59] SMS: ou achei empresa aki lvl 2 pq vc nao pode aruma a minha ?, enviou:  para MuriLo_Olivera
[19/6/2012] [21:48:59] SMS: achei empresa lvl 2 vc nao pode arumar para mim nao ?, enviou:  para MuriLo_Olivera
[19/6/2012] [21:48:59] SMS: me puxa pra loja aê, enviou:  para Marcos_Brforce
[19/6/2012] [21:48:59] SMS: cmds luan nao como assim?, enviou:  para cristian_jpa
[19/6/2012] [21:48:59] SMS: é com outro cara foi mal, enviou:  para GF_Guilherme
[19/6/2012] [21:48:59] SMS: convida, enviou:  para Rafael_Veiga
[19/6/2012] [21:48:59] SMS: me altoriza mudar o niick pra eu faser otra acc, enviou:  para Coringa_Phoenix
[19/6/2012] [21:48:59] SMS: com mesmo niick, enviou:  para Coringa_Phoenix
[19/6/2012] [21:48:59] SMS: /servico taxi, enviou:  para MuriLo_Olivera
[20/6/2012] [11:14:43] SMS: id errado FDP DESCULPA, enviou:  para Coringa_Phoenix
[20/6/2012] [11:14:43] SMS: cade vc, enviou:  para LosT_SiLLenTz
[20/6/2012] [11:14:43] SMS: cade vc, enviou:  para LosT_SiLLenTz
